{"/home/vicente/Escritorio/Archivos_Duoc/SistemaGestionAsistencia/frontend/src/api.js": {"path":"/home/vicente/Escritorio/Archivos_Duoc/SistemaGestionAsistencia/frontend/src/api.js","statementMap":{"0":{"start":{"line":4,"column":2},"end":{"line":5,"column":62}},"1":{"start":{"line":7,"column":12},"end":{"line":10,"column":2}},"2":{"start":{"line":14,"column":0},"end":{"line":20,"column":null}},"3":{"start":{"line":15,"column":16},"end":{"line":15,"column":45}},"4":{"start":{"line":16,"column":2},"end":{"line":18,"column":null}},"5":{"start":{"line":17,"column":4},"end":{"line":17,"column":null}},"6":{"start":{"line":19,"column":2},"end":{"line":19,"column":null}},"7":{"start":{"line":25,"column":19},"end":{"line":25,"column":24}},"8":{"start":{"line":26,"column":18},"end":{"line":26,"column":20}},"9":{"start":{"line":29,"column":2},"end":{"line":35,"column":null}},"10":{"start":{"line":30,"column":4},"end":{"line":34,"column":null}},"11":{"start":{"line":31,"column":6},"end":{"line":31,"column":null}},"12":{"start":{"line":33,"column":6},"end":{"line":33,"column":null}},"13":{"start":{"line":36,"column":2},"end":{"line":36,"column":null}},"14":{"start":{"line":39,"column":0},"end":{"line":96,"column":null}},"15":{"start":{"line":40,"column":16},"end":{"line":40,"column":24}},"16":{"start":{"line":42,"column":28},"end":{"line":42,"column":40}},"17":{"start":{"line":45,"column":4},"end":{"line":45,"column":null}},"18":{"start":{"line":45,"column":26},"end":{"line":45,"column":null}},"19":{"start":{"line":49,"column":6},"end":{"line":50,"column":50}},"20":{"start":{"line":52,"column":4},"end":{"line":92,"column":null}},"21":{"start":{"line":57,"column":6},"end":{"line":57,"column":null}},"22":{"start":{"line":59,"column":6},"end":{"line":67,"column":null}},"23":{"start":{"line":61,"column":8},"end":{"line":66,"column":null}},"24":{"start":{"line":62,"column":10},"end":{"line":62,"column":null}},"25":{"start":{"line":64,"column":10},"end":{"line":64,"column":null}},"26":{"start":{"line":65,"column":10},"end":{"line":65,"column":null}},"27":{"start":{"line":69,"column":6},"end":{"line":69,"column":null}},"28":{"start":{"line":71,"column":6},"end":{"line":91,"column":null}},"29":{"start":{"line":72,"column":25},"end":{"line":72,"column":56}},"30":{"start":{"line":73,"column":25},"end":{"line":73,"column":35}},"31":{"start":{"line":75,"column":8},"end":{"line":75,"column":null}},"32":{"start":{"line":76,"column":8},"end":{"line":76,"column":null}},"33":{"start":{"line":78,"column":8},"end":{"line":78,"column":null}},"34":{"start":{"line":79,"column":8},"end":{"line":79,"column":null}},"35":{"start":{"line":80,"column":8},"end":{"line":80,"column":null}},"36":{"start":{"line":82,"column":8},"end":{"line":82,"column":null}},"37":{"start":{"line":84,"column":8},"end":{"line":84,"column":null}},"38":{"start":{"line":85,"column":8},"end":{"line":85,"column":null}},"39":{"start":{"line":87,"column":8},"end":{"line":87,"column":null}},"40":{"start":{"line":88,"column":8},"end":{"line":88,"column":null}},"41":{"start":{"line":90,"column":8},"end":{"line":90,"column":null}},"42":{"start":{"line":94,"column":4},"end":{"line":94,"column":null}},"43":{"start":{"line":102,"column":37},"end":{"line":179,"column":1}},"44":{"start":{"line":104,"column":4},"end":{"line":112,"column":null}},"45":{"start":{"line":105,"column":23},"end":{"line":105,"column":68}},"46":{"start":{"line":106,"column":6},"end":{"line":106,"column":null}},"47":{"start":{"line":108,"column":6},"end":{"line":111,"column":null}},"48":{"start":{"line":116,"column":4},"end":{"line":124,"column":null}},"49":{"start":{"line":117,"column":21},"end":{"line":117,"column":51}},"50":{"start":{"line":118,"column":23},"end":{"line":120,"column":7}},"51":{"start":{"line":121,"column":6},"end":{"line":121,"column":null}},"52":{"start":{"line":123,"column":6},"end":{"line":123,"column":null}},"53":{"start":{"line":128,"column":4},"end":{"line":136,"column":null}},"54":{"start":{"line":129,"column":21},"end":{"line":129,"column":51}},"55":{"start":{"line":130,"column":23},"end":{"line":132,"column":7}},"56":{"start":{"line":133,"column":6},"end":{"line":133,"column":null}},"57":{"start":{"line":135,"column":6},"end":{"line":135,"column":null}},"58":{"start":{"line":140,"column":4},"end":{"line":145,"column":null}},"59":{"start":{"line":141,"column":23},"end":{"line":141,"column":66}},"60":{"start":{"line":142,"column":6},"end":{"line":142,"column":null}},"61":{"start":{"line":144,"column":6},"end":{"line":144,"column":null}},"62":{"start":{"line":149,"column":4},"end":{"line":157,"column":null}},"63":{"start":{"line":150,"column":23},"end":{"line":150,"column":73}},"64":{"start":{"line":151,"column":6},"end":{"line":151,"column":null}},"65":{"start":{"line":153,"column":6},"end":{"line":156,"column":null}},"66":{"start":{"line":161,"column":4},"end":{"line":166,"column":null}},"67":{"start":{"line":162,"column":23},"end":{"line":162,"column":69}},"68":{"start":{"line":163,"column":6},"end":{"line":163,"column":null}},"69":{"start":{"line":165,"column":6},"end":{"line":165,"column":null}},"70":{"start":{"line":170,"column":4},"end":{"line":177,"column":null}},"71":{"start":{"line":171,"column":23},"end":{"line":173,"column":7}},"72":{"start":{"line":174,"column":6},"end":{"line":174,"column":null}},"73":{"start":{"line":176,"column":6},"end":{"line":176,"column":null}},"74":{"start":{"line":181,"column":28},"end":{"line":200,"column":1}},"75":{"start":{"line":183,"column":4},"end":{"line":189,"column":null}},"76":{"start":{"line":184,"column":21},"end":{"line":184,"column":51}},"77":{"start":{"line":185,"column":23},"end":{"line":185,"column":67}},"78":{"start":{"line":186,"column":6},"end":{"line":186,"column":null}},"79":{"start":{"line":188,"column":6},"end":{"line":188,"column":null}},"80":{"start":{"line":192,"column":4},"end":{"line":198,"column":null}},"81":{"start":{"line":193,"column":21},"end":{"line":193,"column":51}},"82":{"start":{"line":194,"column":23},"end":{"line":194,"column":77}},"83":{"start":{"line":195,"column":6},"end":{"line":195,"column":null}},"84":{"start":{"line":197,"column":6},"end":{"line":197,"column":null}}},"fnMap":{"0":{"name":"(anonymous_0)","decl":{"start":{"line":14,"column":29},"end":{"line":14,"column":30}},"loc":{"start":{"line":14,"column":41},"end":{"line":20,"column":1}},"line":14},"1":{"name":"processQueue","decl":{"start":{"line":28,"column":9},"end":{"line":28,"column":21}},"loc":{"start":{"line":28,"column":43},"end":{"line":37,"column":null}},"line":28},"2":{"name":"(anonymous_2)","decl":{"start":{"line":29,"column":22},"end":{"line":29,"column":23}},"loc":{"start":{"line":29,"column":47},"end":{"line":35,"column":3}},"line":29},"3":{"name":"(anonymous_3)","decl":{"start":{"line":40,"column":2},"end":{"line":40,"column":3}},"loc":{"start":{"line":40,"column":16},"end":{"line":40,"column":24}},"line":40},"4":{"name":"(anonymous_4)","decl":{"start":{"line":41,"column":2},"end":{"line":41,"column":7}},"loc":{"start":{"line":41,"column":19},"end":{"line":95,"column":3}},"line":41},"5":{"name":"(anonymous_5)","decl":{"start":{"line":61,"column":27},"end":{"line":61,"column":28}},"loc":{"start":{"line":61,"column":48},"end":{"line":63,"column":9}},"line":61},"6":{"name":"(anonymous_6)","decl":{"start":{"line":63,"column":16},"end":{"line":63,"column":17}},"loc":{"start":{"line":63,"column":27},"end":{"line":66,"column":9}},"line":63},"7":{"name":"(anonymous_7)","decl":{"start":{"line":103,"column":9},"end":{"line":103,"column":14}},"loc":{"start":{"line":103,"column":26},"end":{"line":113,"column":3}},"line":103},"8":{"name":"(anonymous_8)","decl":{"start":{"line":115,"column":24},"end":{"line":115,"column":29}},"loc":{"start":{"line":115,"column":62},"end":{"line":125,"column":3}},"line":115},"9":{"name":"(anonymous_9)","decl":{"start":{"line":127,"column":19},"end":{"line":127,"column":24}},"loc":{"start":{"line":127,"column":52},"end":{"line":137,"column":3}},"line":127},"10":{"name":"(anonymous_10)","decl":{"start":{"line":139,"column":18},"end":{"line":139,"column":23}},"loc":{"start":{"line":139,"column":32},"end":{"line":146,"column":3}},"line":139},"11":{"name":"(anonymous_11)","decl":{"start":{"line":148,"column":14},"end":{"line":148,"column":19}},"loc":{"start":{"line":148,"column":35},"end":{"line":158,"column":3}},"line":148},"12":{"name":"(anonymous_12)","decl":{"start":{"line":160,"column":12},"end":{"line":160,"column":17}},"loc":{"start":{"line":160,"column":26},"end":{"line":167,"column":3}},"line":160},"13":{"name":"(anonymous_13)","decl":{"start":{"line":169,"column":20},"end":{"line":169,"column":25}},"loc":{"start":{"line":169,"column":51},"end":{"line":178,"column":3}},"line":169},"14":{"name":"(anonymous_14)","decl":{"start":{"line":182,"column":18},"end":{"line":182,"column":23}},"loc":{"start":{"line":182,"column":42},"end":{"line":190,"column":3}},"line":182},"15":{"name":"(anonymous_15)","decl":{"start":{"line":191,"column":27},"end":{"line":191,"column":32}},"loc":{"start":{"line":191,"column":51},"end":{"line":199,"column":3}},"line":191}},"branchMap":{"0":{"loc":{"start":{"line":4,"column":2},"end":{"line":5,"column":62}},"type":"binary-expr","locations":[{"start":{"line":4,"column":2},"end":{"line":4,"column":30}},{"start":{"line":5,"column":3},"end":{"line":5,"column":61}}],"line":4},"1":{"loc":{"start":{"line":5,"column":3},"end":{"line":5,"column":61}},"type":"cond-expr","locations":[{"start":{"line":5,"column":25},"end":{"line":5,"column":52}},{"start":{"line":5,"column":55},"end":{"line":5,"column":61}}],"line":5},"2":{"loc":{"start":{"line":16,"column":2},"end":{"line":18,"column":null}},"type":"if","locations":[{"start":{"line":16,"column":2},"end":{"line":18,"column":null}},{"start":{},"end":{}}],"line":16},"3":{"loc":{"start":{"line":28,"column":29},"end":{"line":28,"column":41}},"type":"default-arg","locations":[{"start":{"line":28,"column":37},"end":{"line":28,"column":41}}],"line":28},"4":{"loc":{"start":{"line":30,"column":4},"end":{"line":34,"column":null}},"type":"if","locations":[{"start":{"line":30,"column":4},"end":{"line":34,"column":null}},{"start":{"line":32,"column":11},"end":{"line":34,"column":null}}],"line":30},"5":{"loc":{"start":{"line":45,"column":4},"end":{"line":45,"column":null}},"type":"if","locations":[{"start":{"line":45,"column":4},"end":{"line":45,"column":null}},{"start":{},"end":{}}],"line":45},"6":{"loc":{"start":{"line":49,"column":6},"end":{"line":50,"column":50}},"type":"binary-expr","locations":[{"start":{"line":49,"column":6},"end":{"line":49,"column":52}},{"start":{"line":50,"column":6},"end":{"line":50,"column":50}}],"line":49},"7":{"loc":{"start":{"line":52,"column":4},"end":{"line":92,"column":null}},"type":"if","locations":[{"start":{"line":52,"column":4},"end":{"line":92,"column":null}},{"start":{},"end":{}}],"line":52},"8":{"loc":{"start":{"line":53,"column":6},"end":{"line":55,"column":null}},"type":"binary-expr","locations":[{"start":{"line":53,"column":6},"end":{"line":53,"column":36}},{"start":{"line":54,"column":6},"end":{"line":54,"column":29}},{"start":{"line":55,"column":6},"end":{"line":55,"column":null}}],"line":53},"9":{"loc":{"start":{"line":59,"column":6},"end":{"line":67,"column":null}},"type":"if","locations":[{"start":{"line":59,"column":6},"end":{"line":67,"column":null}},{"start":{},"end":{}}],"line":59},"10":{"loc":{"start":{"line":109,"column":17},"end":{"line":109,"column":61}},"type":"binary-expr","locations":[{"start":{"line":109,"column":17},"end":{"line":109,"column":44}},{"start":{"line":109,"column":48},"end":{"line":109,"column":61}}],"line":109},"11":{"loc":{"start":{"line":115,"column":45},"end":{"line":115,"column":57}},"type":"default-arg","locations":[{"start":{"line":115,"column":53},"end":{"line":115,"column":57}}],"line":115},"12":{"loc":{"start":{"line":117,"column":21},"end":{"line":117,"column":51}},"type":"cond-expr","locations":[{"start":{"line":117,"column":29},"end":{"line":117,"column":46}},{"start":{"line":117,"column":49},"end":{"line":117,"column":51}}],"line":117},"13":{"loc":{"start":{"line":123,"column":22},"end":{"line":123,"column":66}},"type":"binary-expr","locations":[{"start":{"line":123,"column":22},"end":{"line":123,"column":49}},{"start":{"line":123,"column":53},"end":{"line":123,"column":66}}],"line":123},"14":{"loc":{"start":{"line":127,"column":35},"end":{"line":127,"column":47}},"type":"default-arg","locations":[{"start":{"line":127,"column":43},"end":{"line":127,"column":47}}],"line":127},"15":{"loc":{"start":{"line":129,"column":21},"end":{"line":129,"column":51}},"type":"cond-expr","locations":[{"start":{"line":129,"column":29},"end":{"line":129,"column":46}},{"start":{"line":129,"column":49},"end":{"line":129,"column":51}}],"line":129},"16":{"loc":{"start":{"line":135,"column":22},"end":{"line":135,"column":66}},"type":"binary-expr","locations":[{"start":{"line":135,"column":22},"end":{"line":135,"column":49}},{"start":{"line":135,"column":53},"end":{"line":135,"column":66}}],"line":135},"17":{"loc":{"start":{"line":144,"column":22},"end":{"line":144,"column":66}},"type":"binary-expr","locations":[{"start":{"line":144,"column":22},"end":{"line":144,"column":49}},{"start":{"line":144,"column":53},"end":{"line":144,"column":66}}],"line":144},"18":{"loc":{"start":{"line":154,"column":17},"end":{"line":154,"column":61}},"type":"binary-expr","locations":[{"start":{"line":154,"column":17},"end":{"line":154,"column":44}},{"start":{"line":154,"column":48},"end":{"line":154,"column":61}}],"line":154},"19":{"loc":{"start":{"line":165,"column":22},"end":{"line":165,"column":66}},"type":"binary-expr","locations":[{"start":{"line":165,"column":22},"end":{"line":165,"column":49}},{"start":{"line":165,"column":53},"end":{"line":165,"column":66}}],"line":165},"20":{"loc":{"start":{"line":176,"column":22},"end":{"line":176,"column":66}},"type":"binary-expr","locations":[{"start":{"line":176,"column":22},"end":{"line":176,"column":49}},{"start":{"line":176,"column":53},"end":{"line":176,"column":66}}],"line":176},"21":{"loc":{"start":{"line":182,"column":25},"end":{"line":182,"column":37}},"type":"default-arg","locations":[{"start":{"line":182,"column":33},"end":{"line":182,"column":37}}],"line":182},"22":{"loc":{"start":{"line":184,"column":21},"end":{"line":184,"column":51}},"type":"cond-expr","locations":[{"start":{"line":184,"column":29},"end":{"line":184,"column":46}},{"start":{"line":184,"column":49},"end":{"line":184,"column":51}}],"line":184},"23":{"loc":{"start":{"line":188,"column":22},"end":{"line":188,"column":66}},"type":"binary-expr","locations":[{"start":{"line":188,"column":22},"end":{"line":188,"column":49}},{"start":{"line":188,"column":53},"end":{"line":188,"column":66}}],"line":188},"24":{"loc":{"start":{"line":191,"column":34},"end":{"line":191,"column":46}},"type":"default-arg","locations":[{"start":{"line":191,"column":42},"end":{"line":191,"column":46}}],"line":191},"25":{"loc":{"start":{"line":193,"column":21},"end":{"line":193,"column":51}},"type":"cond-expr","locations":[{"start":{"line":193,"column":29},"end":{"line":193,"column":46}},{"start":{"line":193,"column":49},"end":{"line":193,"column":51}}],"line":193}},"s":{"0":1,"1":1,"2":1,"3":17,"4":17,"5":4,"6":17,"7":1,"8":1,"9":2,"10":0,"11":0,"12":0,"13":2,"14":1,"15":12,"16":5,"17":5,"18":2,"19":3,"20":5,"21":2,"22":2,"23":0,"24":0,"25":0,"26":0,"27":2,"28":2,"29":2,"30":1,"31":1,"32":1,"33":1,"34":1,"35":1,"36":1,"37":1,"38":1,"39":1,"40":1,"41":2,"42":1,"43":1,"44":2,"45":2,"46":1,"47":1,"48":1,"49":1,"50":1,"51":1,"52":0,"53":1,"54":1,"55":1,"56":1,"57":0,"58":1,"59":1,"60":1,"61":0,"62":1,"63":1,"64":1,"65":0,"66":1,"67":1,"68":1,"69":0,"70":1,"71":1,"72":1,"73":0,"74":1,"75":1,"76":1,"77":1,"78":1,"79":0,"80":2,"81":2,"82":2,"83":1,"84":1},"f":{"0":17,"1":2,"2":0,"3":12,"4":5,"5":0,"6":0,"7":2,"8":1,"9":1,"10":1,"11":1,"12":1,"13":1,"14":1,"15":2},"b":{"0":[1,1],"1":[1,0],"2":[4,13],"3":[2],"4":[0,0],"5":[2,3],"6":[3,2],"7":[2,3],"8":[5,3,3],"9":[0,2],"10":[1,0],"11":[1],"12":[1,0],"13":[0,0],"14":[1],"15":[1,0],"16":[0,0],"17":[0,0],"18":[0,0],"19":[0,0],"20":[0,0],"21":[1],"22":[1,0],"23":[0,0],"24":[2],"25":[0,2]},"meta":{"lastBranch":26,"lastFunction":16,"lastStatement":85,"seen":{"s:4:2:5:62":0,"b:4:2:4:30:5:3:5:61":0,"b:5:25:5:52:5:55:5:61":1,"s:7:12:10:2":1,"s:14:0:20:Infinity":2,"f:14:29:14:30":0,"s:15:16:15:45":3,"b:16:2:18:Infinity:undefined:undefined:undefined:undefined":2,"s:16:2:18:Infinity":4,"s:17:4:17:Infinity":5,"s:19:2:19:Infinity":6,"s:25:19:25:24":7,"s:26:18:26:20":8,"f:28:9:28:21":1,"b:28:37:28:41":3,"s:29:2:35:Infinity":9,"f:29:22:29:23":2,"b:30:4:34:Infinity:32:11:34:Infinity":4,"s:30:4:34:Infinity":10,"s:31:6:31:Infinity":11,"s:33:6:33:Infinity":12,"s:36:2:36:Infinity":13,"s:39:0:96:Infinity":14,"f:40:2:40:3":3,"s:40:16:40:24":15,"f:41:2:41:7":4,"s:42:28:42:40":16,"b:45:4:45:Infinity:undefined:undefined:undefined:undefined":5,"s:45:4:45:Infinity":17,"s:45:26:45:Infinity":18,"s:49:6:50:50":19,"b:49:6:49:52:50:6:50:50":6,"b:52:4:92:Infinity:undefined:undefined:undefined:undefined":7,"s:52:4:92:Infinity":20,"b:53:6:53:36:54:6:54:29:55:6:55:Infinity":8,"s:57:6:57:Infinity":21,"b:59:6:67:Infinity:undefined:undefined:undefined:undefined":9,"s:59:6:67:Infinity":22,"s:61:8:66:Infinity":23,"f:61:27:61:28":5,"s:62:10:62:Infinity":24,"f:63:16:63:17":6,"s:64:10:64:Infinity":25,"s:65:10:65:Infinity":26,"s:69:6:69:Infinity":27,"s:71:6:91:Infinity":28,"s:72:25:72:56":29,"s:73:25:73:35":30,"s:75:8:75:Infinity":31,"s:76:8:76:Infinity":32,"s:78:8:78:Infinity":33,"s:79:8:79:Infinity":34,"s:80:8:80:Infinity":35,"s:82:8:82:Infinity":36,"s:84:8:84:Infinity":37,"s:85:8:85:Infinity":38,"s:87:8:87:Infinity":39,"s:88:8:88:Infinity":40,"s:90:8:90:Infinity":41,"s:94:4:94:Infinity":42,"s:102:37:179:1":43,"f:103:9:103:14":7,"s:104:4:112:Infinity":44,"s:105:23:105:68":45,"s:106:6:106:Infinity":46,"s:108:6:111:Infinity":47,"b:109:17:109:44:109:48:109:61":10,"f:115:24:115:29":8,"b:115:53:115:57":11,"s:116:4:124:Infinity":48,"s:117:21:117:51":49,"b:117:29:117:46:117:49:117:51":12,"s:118:23:120:7":50,"s:121:6:121:Infinity":51,"s:123:6:123:Infinity":52,"b:123:22:123:49:123:53:123:66":13,"f:127:19:127:24":9,"b:127:43:127:47":14,"s:128:4:136:Infinity":53,"s:129:21:129:51":54,"b:129:29:129:46:129:49:129:51":15,"s:130:23:132:7":55,"s:133:6:133:Infinity":56,"s:135:6:135:Infinity":57,"b:135:22:135:49:135:53:135:66":16,"f:139:18:139:23":10,"s:140:4:145:Infinity":58,"s:141:23:141:66":59,"s:142:6:142:Infinity":60,"s:144:6:144:Infinity":61,"b:144:22:144:49:144:53:144:66":17,"f:148:14:148:19":11,"s:149:4:157:Infinity":62,"s:150:23:150:73":63,"s:151:6:151:Infinity":64,"s:153:6:156:Infinity":65,"b:154:17:154:44:154:48:154:61":18,"f:160:12:160:17":12,"s:161:4:166:Infinity":66,"s:162:23:162:69":67,"s:163:6:163:Infinity":68,"s:165:6:165:Infinity":69,"b:165:22:165:49:165:53:165:66":19,"f:169:20:169:25":13,"s:170:4:177:Infinity":70,"s:171:23:173:7":71,"s:174:6:174:Infinity":72,"s:176:6:176:Infinity":73,"b:176:22:176:49:176:53:176:66":20,"s:181:28:200:1":74,"f:182:18:182:23":14,"b:182:33:182:37":21,"s:183:4:189:Infinity":75,"s:184:21:184:51":76,"b:184:29:184:46:184:49:184:51":22,"s:185:23:185:67":77,"s:186:6:186:Infinity":78,"s:188:6:188:Infinity":79,"b:188:22:188:49:188:53:188:66":23,"f:191:27:191:32":15,"b:191:42:191:46":24,"s:192:4:198:Infinity":80,"s:193:21:193:51":81,"b:193:29:193:46:193:49:193:51":25,"s:194:23:194:77":82,"s:195:6:195:Infinity":83,"s:197:6:197:Infinity":84},"fnNames":{}}}
,"/home/vicente/Escritorio/Archivos_Duoc/SistemaGestionAsistencia/frontend/src/components/AnuncioBanner.jsx": {"path":"/home/vicente/Escritorio/Archivos_Duoc/SistemaGestionAsistencia/frontend/src/components/AnuncioBanner.jsx","statementMap":{"0":{"start":{"line":6,"column":19},"end":{"line":10,"column":null}},"1":{"start":{"line":12,"column":20},"end":{"line":12,"column":null}},"2":{"start":{"line":14,"column":22},"end":{"line":104,"column":null}},"3":{"start":{"line":15,"column":30},"end":{"line":15,"column":null}},"4":{"start":{"line":16,"column":8},"end":{"line":16,"column":null}},"5":{"start":{"line":18,"column":32},"end":{"line":24,"column":null}},"6":{"start":{"line":19,"column":4},"end":{"line":23,"column":null}},"7":{"start":{"line":20,"column":6},"end":{"line":20,"column":null}},"8":{"start":{"line":22,"column":6},"end":{"line":22,"column":null}},"9":{"start":{"line":26,"column":8},"end":{"line":33,"column":null}},"10":{"start":{"line":27,"column":4},"end":{"line":32,"column":null}},"11":{"start":{"line":28,"column":18},"end":{"line":28,"column":null}},"12":{"start":{"line":29,"column":6},"end":{"line":29,"column":null}},"13":{"start":{"line":35,"column":2},"end":{"line":37,"column":null}},"14":{"start":{"line":36,"column":4},"end":{"line":36,"column":null}},"15":{"start":{"line":39,"column":28},"end":{"line":43,"column":null}},"16":{"start":{"line":40,"column":20},"end":{"line":40,"column":null}},"17":{"start":{"line":41,"column":4},"end":{"line":41,"column":null}},"18":{"start":{"line":42,"column":4},"end":{"line":42,"column":null}},"19":{"start":{"line":45,"column":18},"end":{"line":45,"column":null}},"20":{"start":{"line":45,"column":41},"end":{"line":45,"column":66}},"21":{"start":{"line":46,"column":2},"end":{"line":46,"column":null}},"22":{"start":{"line":46,"column":28},"end":{"line":46,"column":null}},"23":{"start":{"line":48,"column":2},"end":{"line":102,"column":null}},"24":{"start":{"line":51,"column":23},"end":{"line":51,"column":null}},"25":{"start":{"line":52,"column":21},"end":{"line":52,"column":null}},"26":{"start":{"line":53,"column":30},"end":{"line":53,"column":null}},"27":{"start":{"line":54,"column":8},"end":{"line":99,"column":null}},"28":{"start":{"line":77,"column":29},"end":{"line":77,"column":null}}},"fnMap":{"0":{"name":"(anonymous_0)","decl":{"start":{"line":14,"column":22},"end":{"line":14,"column":28}},"loc":{"start":{"line":14,"column":28},"end":{"line":104,"column":null}},"line":14},"1":{"name":"(anonymous_1)","decl":{"start":{"line":18,"column":45},"end":{"line":18,"column":51}},"loc":{"start":{"line":18,"column":51},"end":{"line":24,"column":3}},"line":18},"2":{"name":"(anonymous_2)","decl":{"start":{"line":26,"column":36},"end":{"line":26,"column":48}},"loc":{"start":{"line":26,"column":48},"end":{"line":33,"column":5}},"line":26},"3":{"name":"(anonymous_3)","decl":{"start":{"line":35,"column":12},"end":{"line":35,"column":18}},"loc":{"start":{"line":35,"column":18},"end":{"line":37,"column":5}},"line":35},"4":{"name":"(anonymous_4)","decl":{"start":{"line":39,"column":28},"end":{"line":39,"column":29}},"loc":{"start":{"line":39,"column":36},"end":{"line":43,"column":null}},"line":39},"5":{"name":"(anonymous_5)","decl":{"start":{"line":45,"column":34},"end":{"line":45,"column":35}},"loc":{"start":{"line":45,"column":41},"end":{"line":45,"column":66}},"line":45},"6":{"name":"(anonymous_6)","decl":{"start":{"line":50,"column":19},"end":{"line":50,"column":20}},"loc":{"start":{"line":50,"column":32},"end":{"line":101,"column":7}},"line":50},"7":{"name":"(anonymous_7)","decl":{"start":{"line":77,"column":23},"end":{"line":77,"column":29}},"loc":{"start":{"line":77,"column":29},"end":{"line":77,"column":null}},"line":77}},"branchMap":{"0":{"loc":{"start":{"line":20,"column":24},"end":{"line":20,"column":67}},"type":"binary-expr","locations":[{"start":{"line":20,"column":24},"end":{"line":20,"column":63}},{"start":{"line":20,"column":63},"end":{"line":20,"column":67}}],"line":20},"1":{"loc":{"start":{"line":29,"column":18},"end":{"line":29,"column":32}},"type":"binary-expr","locations":[{"start":{"line":29,"column":18},"end":{"line":29,"column":30}},{"start":{"line":29,"column":30},"end":{"line":29,"column":32}}],"line":29},"2":{"loc":{"start":{"line":46,"column":2},"end":{"line":46,"column":null}},"type":"if","locations":[{"start":{"line":46,"column":2},"end":{"line":46,"column":null}},{"start":{},"end":{}}],"line":46},"3":{"loc":{"start":{"line":51,"column":23},"end":{"line":51,"column":null}},"type":"binary-expr","locations":[{"start":{"line":51,"column":23},"end":{"line":51,"column":51}},{"start":{"line":51,"column":51},"end":{"line":51,"column":null}}],"line":51},"4":{"loc":{"start":{"line":77,"column":29},"end":{"line":77,"column":null}},"type":"binary-expr","locations":[{"start":{"line":77,"column":29},"end":{"line":77,"column":47}},{"start":{"line":77,"column":47},"end":{"line":77,"column":null}}],"line":77},"5":{"loc":{"start":{"line":78,"column":21},"end":{"line":78,"column":null}},"type":"cond-expr","locations":[{"start":{"line":78,"column":37},"end":{"line":78,"column":71}},{"start":{"line":78,"column":71},"end":{"line":78,"column":null}}],"line":78},"6":{"loc":{"start":{"line":83,"column":28},"end":{"line":83,"column":null}},"type":"cond-expr","locations":[{"start":{"line":83,"column":44},"end":{"line":83,"column":60}},{"start":{"line":83,"column":60},"end":{"line":83,"column":null}}],"line":83},"7":{"loc":{"start":{"line":88,"column":24},"end":{"line":88,"column":null}},"type":"cond-expr","locations":[{"start":{"line":88,"column":40},"end":{"line":88,"column":52}},{"start":{"line":88,"column":52},"end":{"line":88,"column":null}}],"line":88},"8":{"loc":{"start":{"line":93,"column":25},"end":{"line":93,"column":null}},"type":"cond-expr","locations":[{"start":{"line":93,"column":41},"end":{"line":93,"column":47}},{"start":{"line":93,"column":47},"end":{"line":93,"column":null}}],"line":93},"9":{"loc":{"start":{"line":97,"column":15},"end":{"line":97,"column":null}},"type":"cond-expr","locations":[{"start":{"line":97,"column":31},"end":{"line":97,"column":47}},{"start":{"line":97,"column":47},"end":{"line":97,"column":null}}],"line":97}},"s":{"0":1,"1":1,"2":1,"3":10,"4":10,"5":10,"6":5,"7":5,"8":0,"9":10,"10":5,"11":5,"12":4,"13":10,"14":5,"15":10,"16":1,"17":1,"18":1,"19":10,"20":5,"21":10,"22":7,"23":3,"24":4,"25":4,"26":4,"27":4,"28":2},"f":{"0":10,"1":5,"2":5,"3":5,"4":1,"5":5,"6":4,"7":2},"b":{"0":[5,5],"1":[4,0],"2":[7,3],"3":[4,0],"4":[2,1],"5":[2,2],"6":[2,2],"7":[2,2],"8":[2,2],"9":[2,2]},"meta":{"lastBranch":10,"lastFunction":8,"lastStatement":29,"seen":{"s:6:19:10:Infinity":0,"s:12:20:12:Infinity":1,"s:14:22:104:Infinity":2,"f:14:22:14:28":0,"s:15:30:15:Infinity":3,"s:16:8:16:Infinity":4,"s:18:32:24:Infinity":5,"f:18:45:18:51":1,"s:19:4:23:Infinity":6,"s:20:6:20:Infinity":7,"b:20:24:20:63:20:63:20:67":0,"s:22:6:22:Infinity":8,"s:26:8:33:Infinity":9,"f:26:36:26:48":2,"s:27:4:32:Infinity":10,"s:28:18:28:Infinity":11,"s:29:6:29:Infinity":12,"b:29:18:29:30:29:30:29:32":1,"s:35:2:37:Infinity":13,"f:35:12:35:18":3,"s:36:4:36:Infinity":14,"s:39:28:43:Infinity":15,"f:39:28:39:29":4,"s:40:20:40:Infinity":16,"s:41:4:41:Infinity":17,"s:42:4:42:Infinity":18,"s:45:18:45:Infinity":19,"f:45:34:45:35":5,"s:45:41:45:66":20,"b:46:2:46:Infinity:undefined:undefined:undefined:undefined":2,"s:46:2:46:Infinity":21,"s:46:28:46:Infinity":22,"s:48:2:102:Infinity":23,"f:50:19:50:20":6,"s:51:23:51:Infinity":24,"b:51:23:51:51:51:51:51:Infinity":3,"s:52:21:52:Infinity":25,"s:53:30:53:Infinity":26,"s:54:8:99:Infinity":27,"f:77:23:77:29":7,"s:77:29:77:Infinity":28,"b:77:29:77:47:77:47:77:Infinity":4,"b:78:37:78:71:78:71:78:Infinity":5,"b:83:44:83:60:83:60:83:Infinity":6,"b:88:40:88:52:88:52:88:Infinity":7,"b:93:41:93:47:93:47:93:Infinity":8,"b:97:31:97:47:97:47:97:Infinity":9},"fnNames":{}}}
,"/home/vicente/Escritorio/Archivos_Duoc/SistemaGestionAsistencia/frontend/src/components/ErrorBoundary.jsx": {"path":"/home/vicente/Escritorio/Archivos_Duoc/SistemaGestionAsistencia/frontend/src/components/ErrorBoundary.jsx","statementMap":{"0":{"start":{"line":6,"column":4},"end":{"line":6,"column":null}},"1":{"start":{"line":7,"column":4},"end":{"line":7,"column":null}},"2":{"start":{"line":11,"column":4},"end":{"line":11,"column":null}},"3":{"start":{"line":15,"column":4},"end":{"line":15,"column":null}},"4":{"start":{"line":19,"column":4},"end":{"line":51,"column":null}},"5":{"start":{"line":20,"column":6},"end":{"line":49,"column":null}},"6":{"start":{"line":42,"column":14},"end":{"line":42,"column":null}},"7":{"start":{"line":43,"column":14},"end":{"line":43,"column":null}},"8":{"start":{"line":53,"column":4},"end":{"line":53,"column":null}}},"fnMap":{"0":{"name":"constructor","decl":{"start":{"line":5,"column":2},"end":{"line":5,"column":14}},"loc":{"start":{"line":5,"column":21},"end":{"line":8,"column":null}},"line":5},"1":{"name":"getDerivedStateFromError","decl":{"start":{"line":10,"column":9},"end":{"line":10,"column":34}},"loc":{"start":{"line":10,"column":41},"end":{"line":12,"column":null}},"line":10},"2":{"name":"componentDidCatch","decl":{"start":{"line":14,"column":2},"end":{"line":14,"column":20}},"loc":{"start":{"line":14,"column":38},"end":{"line":16,"column":null}},"line":14},"3":{"name":"render","decl":{"start":{"line":18,"column":2},"end":{"line":18,"column":11}},"loc":{"start":{"line":18,"column":11},"end":{"line":54,"column":null}},"line":18},"4":{"name":"(anonymous_4)","decl":{"start":{"line":41,"column":21},"end":{"line":41,"column":27}},"loc":{"start":{"line":41,"column":27},"end":{"line":44,"column":null}},"line":41}},"branchMap":{"0":{"loc":{"start":{"line":19,"column":4},"end":{"line":51,"column":null}},"type":"if","locations":[{"start":{"line":19,"column":4},"end":{"line":51,"column":null}},{"start":{},"end":{}}],"line":19},"1":{"loc":{"start":{"line":37,"column":13},"end":{"line":37,"column":null}},"type":"binary-expr","locations":[{"start":{"line":37,"column":13},"end":{"line":37,"column":42}},{"start":{"line":37,"column":42},"end":{"line":37,"column":null}}],"line":37}},"s":{"0":6,"1":6,"2":6,"3":3,"4":13,"5":6,"6":1,"7":1,"8":7},"f":{"0":6,"1":1,"2":3,"3":13,"4":1},"b":{"0":[6,7],"1":[6,0]},"meta":{"lastBranch":2,"lastFunction":5,"lastStatement":9,"seen":{"f:5:2:5:14":0,"s:6:4:6:Infinity":0,"s:7:4:7:Infinity":1,"f:10:9:10:34":1,"s:11:4:11:Infinity":2,"f:14:2:14:20":2,"s:15:4:15:Infinity":3,"f:18:2:18:11":3,"b:19:4:51:Infinity:undefined:undefined:undefined:undefined":0,"s:19:4:51:Infinity":4,"s:20:6:49:Infinity":5,"b:37:13:37:42:37:42:37:Infinity":1,"f:41:21:41:27":4,"s:42:14:42:Infinity":6,"s:43:14:43:Infinity":7,"s:53:4:53:Infinity":8},"fnNames":{}}}
,"/home/vicente/Escritorio/Archivos_Duoc/SistemaGestionAsistencia/frontend/src/components/LoadingSkeleton.jsx": {"path":"/home/vicente/Escritorio/Archivos_Duoc/SistemaGestionAsistencia/frontend/src/components/LoadingSkeleton.jsx","statementMap":{"0":{"start":{"line":1,"column":20},"end":{"line":5,"column":null}},"1":{"start":{"line":2,"column":2},"end":{"line":5,"column":null}},"2":{"start":{"line":8,"column":21},"end":{"line":12,"column":null}},"3":{"start":{"line":9,"column":2},"end":{"line":12,"column":null}},"4":{"start":{"line":15,"column":22},"end":{"line":36,"column":null}},"5":{"start":{"line":16,"column":2},"end":{"line":36,"column":null}},"6":{"start":{"line":21,"column":6},"end":{"line":34,"column":null}},"7":{"start":{"line":32,"column":10},"end":{"line":32,"column":null}},"8":{"start":{"line":39,"column":22},"end":{"line":65,"column":null}},"9":{"start":{"line":40,"column":2},"end":{"line":65,"column":null}},"10":{"start":{"line":54,"column":8},"end":{"line":62,"column":null}},"11":{"start":{"line":68,"column":23},"end":{"line":83,"column":null}},"12":{"start":{"line":69,"column":2},"end":{"line":83,"column":null}}},"fnMap":{"0":{"name":"(anonymous_0)","decl":{"start":{"line":1,"column":20},"end":{"line":1,"column":21}},"loc":{"start":{"line":2,"column":2},"end":{"line":5,"column":null}},"line":2},"1":{"name":"(anonymous_1)","decl":{"start":{"line":8,"column":21},"end":{"line":8,"column":null}},"loc":{"start":{"line":9,"column":2},"end":{"line":12,"column":null}},"line":9},"2":{"name":"(anonymous_2)","decl":{"start":{"line":15,"column":22},"end":{"line":15,"column":23}},"loc":{"start":{"line":16,"column":2},"end":{"line":36,"column":null}},"line":16},"3":{"name":"(anonymous_3)","decl":{"start":{"line":20,"column":38},"end":{"line":20,"column":39}},"loc":{"start":{"line":21,"column":6},"end":{"line":34,"column":null}},"line":21},"4":{"name":"(anonymous_4)","decl":{"start":{"line":31,"column":42},"end":{"line":31,"column":43}},"loc":{"start":{"line":32,"column":10},"end":{"line":32,"column":null}},"line":32},"5":{"name":"(anonymous_5)","decl":{"start":{"line":39,"column":22},"end":{"line":39,"column":null}},"loc":{"start":{"line":40,"column":2},"end":{"line":65,"column":null}},"line":40},"6":{"name":"(anonymous_6)","decl":{"start":{"line":53,"column":37},"end":{"line":53,"column":38}},"loc":{"start":{"line":54,"column":8},"end":{"line":62,"column":null}},"line":54},"7":{"name":"(anonymous_7)","decl":{"start":{"line":68,"column":23},"end":{"line":68,"column":null}},"loc":{"start":{"line":69,"column":2},"end":{"line":83,"column":null}},"line":69}},"branchMap":{"0":{"loc":{"start":{"line":1,"column":23},"end":{"line":1,"column":38}},"type":"default-arg","locations":[{"start":{"line":1,"column":31},"end":{"line":1,"column":38}}],"line":1},"1":{"loc":{"start":{"line":1,"column":38},"end":{"line":1,"column":50}},"type":"default-arg","locations":[{"start":{"line":1,"column":47},"end":{"line":1,"column":50}}],"line":1},"2":{"loc":{"start":{"line":15,"column":25},"end":{"line":15,"column":35}},"type":"default-arg","locations":[{"start":{"line":15,"column":32},"end":{"line":15,"column":35}}],"line":15},"3":{"loc":{"start":{"line":15,"column":35},"end":{"line":15,"column":44}},"type":"default-arg","locations":[{"start":{"line":15,"column":42},"end":{"line":15,"column":44}}],"line":15},"4":{"loc":{"start":{"line":25,"column":24},"end":{"line":25,"column":null}},"type":"cond-expr","locations":[{"start":{"line":25,"column":39},"end":{"line":25,"column":67}},{"start":{"line":25,"column":67},"end":{"line":25,"column":null}}],"line":25}},"s":{"0":2,"1":5,"2":2,"3":1,"4":2,"5":1,"6":4,"7":12,"8":2,"9":1,"10":8,"11":2,"12":1},"f":{"0":5,"1":1,"2":1,"3":4,"4":12,"5":1,"6":8,"7":1},"b":{"0":[5],"1":[5],"2":[1],"3":[1],"4":[3,1]},"meta":{"lastBranch":5,"lastFunction":8,"lastStatement":13,"seen":{"s:1:20:5:Infinity":0,"f:1:20:1:21":0,"s:2:2:5:Infinity":1,"b:1:31:1:38":0,"b:1:47:1:50":1,"s:8:21:12:Infinity":2,"f:8:21:8:Infinity":1,"s:9:2:12:Infinity":3,"s:15:22:36:Infinity":4,"f:15:22:15:23":2,"s:16:2:36:Infinity":5,"b:15:32:15:35":2,"b:15:42:15:44":3,"f:20:38:20:39":3,"s:21:6:34:Infinity":6,"b:25:39:25:67:25:67:25:Infinity":4,"f:31:42:31:43":4,"s:32:10:32:Infinity":7,"s:39:22:65:Infinity":8,"f:39:22:39:Infinity":5,"s:40:2:65:Infinity":9,"f:53:37:53:38":6,"s:54:8:62:Infinity":10,"s:68:23:83:Infinity":11,"f:68:23:68:Infinity":7,"s:69:2:83:Infinity":12},"fnNames":{}}}
,"/home/vicente/Escritorio/Archivos_Duoc/SistemaGestionAsistencia/frontend/src/components/Pagination.jsx": {"path":"/home/vicente/Escritorio/Archivos_Duoc/SistemaGestionAsistencia/frontend/src/components/Pagination.jsx","statementMap":{"0":{"start":{"line":3,"column":19},"end":{"line":72,"column":null}},"1":{"start":{"line":9,"column":21},"end":{"line":9,"column":null}},"2":{"start":{"line":10,"column":2},"end":{"line":10,"column":null}},"3":{"start":{"line":10,"column":30},"end":{"line":10,"column":null}},"4":{"start":{"line":12,"column":16},"end":{"line":12,"column":null}},"5":{"start":{"line":13,"column":2},"end":{"line":15,"column":null}},"6":{"start":{"line":13,"column":18},"end":{"line":13,"column":21}},"7":{"start":{"line":14,"column":4},"end":{"line":14,"column":null}},"8":{"start":{"line":17,"column":2},"end":{"line":70,"column":null}},"9":{"start":{"line":39,"column":25},"end":{"line":39,"column":null}},"10":{"start":{"line":45,"column":10},"end":{"line":58,"column":null}},"11":{"start":{"line":55,"column":27},"end":{"line":55,"column":null}},"12":{"start":{"line":65,"column":25},"end":{"line":65,"column":null}}},"fnMap":{"0":{"name":"(anonymous_0)","decl":{"start":{"line":3,"column":19},"end":{"line":3,"column":20}},"loc":{"start":{"line":8,"column":6},"end":{"line":72,"column":null}},"line":8},"1":{"name":"(anonymous_1)","decl":{"start":{"line":39,"column":19},"end":{"line":39,"column":25}},"loc":{"start":{"line":39,"column":25},"end":{"line":39,"column":null}},"line":39},"2":{"name":"(anonymous_2)","decl":{"start":{"line":44,"column":19},"end":{"line":44,"column":20}},"loc":{"start":{"line":45,"column":10},"end":{"line":58,"column":null}},"line":45},"3":{"name":"(anonymous_3)","decl":{"start":{"line":55,"column":21},"end":{"line":55,"column":27}},"loc":{"start":{"line":55,"column":27},"end":{"line":55,"column":null}},"line":55},"4":{"name":"(anonymous_4)","decl":{"start":{"line":65,"column":19},"end":{"line":65,"column":25}},"loc":{"start":{"line":65,"column":25},"end":{"line":65,"column":null}},"line":65}},"branchMap":{"0":{"loc":{"start":{"line":6,"column":2},"end":{"line":6,"column":null}},"type":"default-arg","locations":[{"start":{"line":6,"column":13},"end":{"line":6,"column":null}}],"line":6},"1":{"loc":{"start":{"line":10,"column":2},"end":{"line":10,"column":null}},"type":"if","locations":[{"start":{"line":10,"column":2},"end":{"line":10,"column":null}},{"start":{},"end":{}}],"line":10},"2":{"loc":{"start":{"line":48,"column":14},"end":{"line":48,"column":null}},"type":"cond-expr","locations":[{"start":{"line":48,"column":37},"end":{"line":48,"column":57}},{"start":{"line":48,"column":57},"end":{"line":48,"column":null}}],"line":48}},"s":{"0":2,"1":2,"2":2,"3":1,"4":1,"5":1,"6":1,"7":3,"8":1,"9":0,"10":3,"11":1,"12":1},"f":{"0":2,"1":0,"2":3,"3":1,"4":1},"b":{"0":[2],"1":[1,1],"2":[1,2]},"meta":{"lastBranch":3,"lastFunction":5,"lastStatement":13,"seen":{"s:3:19:72:Infinity":0,"f:3:19:3:20":0,"b:6:13:6:Infinity":0,"s:9:21:9:Infinity":1,"b:10:2:10:Infinity:undefined:undefined:undefined:undefined":1,"s:10:2:10:Infinity":2,"s:10:30:10:Infinity":3,"s:12:16:12:Infinity":4,"s:13:2:15:Infinity":5,"s:13:18:13:21":6,"s:14:4:14:Infinity":7,"s:17:2:70:Infinity":8,"f:39:19:39:25":1,"s:39:25:39:Infinity":9,"f:44:19:44:20":2,"s:45:10:58:Infinity":10,"b:48:37:48:57:48:57:48:Infinity":2,"f:55:21:55:27":3,"s:55:27:55:Infinity":11,"f:65:19:65:25":4,"s:65:25:65:Infinity":12},"fnNames":{}}}
,"/home/vicente/Escritorio/Archivos_Duoc/SistemaGestionAsistencia/frontend/src/context/AuthContext.jsx": {"path":"/home/vicente/Escritorio/Archivos_Duoc/SistemaGestionAsistencia/frontend/src/context/AuthContext.jsx","statementMap":{"0":{"start":{"line":5,"column":6},"end":{"line":14,"column":null}},"1":{"start":{"line":8,"column":8},"end":{"line":8,"column":null}},"2":{"start":{"line":12,"column":21},"end":{"line":12,"column":null}},"3":{"start":{"line":17,"column":24},"end":{"line":17,"column":null}},"4":{"start":{"line":18,"column":30},"end":{"line":18,"column":null}},"5":{"start":{"line":24,"column":4},"end":{"line":41,"column":null}},"6":{"start":{"line":25,"column":22},"end":{"line":25,"column":null}},"7":{"start":{"line":26,"column":8},"end":{"line":40,"column":null}},"8":{"start":{"line":27,"column":12},"end":{"line":27,"column":null}},"9":{"start":{"line":28,"column":12},"end":{"line":35,"column":null}},"10":{"start":{"line":29,"column":29},"end":{"line":29,"column":54}},"11":{"start":{"line":32,"column":20},"end":{"line":32,"column":null}},"12":{"start":{"line":33,"column":20},"end":{"line":33,"column":null}},"13":{"start":{"line":35,"column":31},"end":{"line":35,"column":48}},"14":{"start":{"line":39,"column":12},"end":{"line":39,"column":null}},"15":{"start":{"line":45,"column":4},"end":{"line":51,"column":null}},"16":{"start":{"line":46,"column":37},"end":{"line":48,"column":null}},"17":{"start":{"line":47,"column":12},"end":{"line":47,"column":null}},"18":{"start":{"line":49,"column":8},"end":{"line":49,"column":null}},"19":{"start":{"line":50,"column":8},"end":{"line":50,"column":null}},"20":{"start":{"line":50,"column":21},"end":{"line":50,"column":null}},"21":{"start":{"line":53,"column":18},"end":{"line":60,"column":null}},"22":{"start":{"line":54,"column":20},"end":{"line":54,"column":null}},"23":{"start":{"line":55,"column":35},"end":{"line":55,"column":null}},"24":{"start":{"line":56,"column":8},"end":{"line":56,"column":null}},"25":{"start":{"line":57,"column":8},"end":{"line":57,"column":null}},"26":{"start":{"line":58,"column":8},"end":{"line":58,"column":null}},"27":{"start":{"line":59,"column":8},"end":{"line":59,"column":null}},"28":{"start":{"line":62,"column":19},"end":{"line":72,"column":null}},"29":{"start":{"line":63,"column":8},"end":{"line":68,"column":null}},"30":{"start":{"line":65,"column":12},"end":{"line":65,"column":null}},"31":{"start":{"line":69,"column":8},"end":{"line":69,"column":null}},"32":{"start":{"line":70,"column":8},"end":{"line":70,"column":null}},"33":{"start":{"line":71,"column":8},"end":{"line":71,"column":null}},"34":{"start":{"line":74,"column":4},"end":{"line":86,"column":null}},"35":{"start":{"line":81,"column":28},"end":{"line":81,"column":null}},"36":{"start":{"line":91,"column":4},"end":{"line":91,"column":null}}},"fnMap":{"0":{"name":"(anonymous_0)","decl":{"start":{"line":7,"column":11},"end":{"line":7,"column":23}},"loc":{"start":{"line":7,"column":23},"end":{"line":9,"column":null}},"line":7},"1":{"name":"(anonymous_1)","decl":{"start":{"line":10,"column":12},"end":{"line":10,"column":24}},"loc":{"start":{"line":10,"column":24},"end":{"line":10,"column":null}},"line":10},"2":{"name":"(anonymous_2)","decl":{"start":{"line":12,"column":15},"end":{"line":12,"column":21}},"loc":{"start":{"line":12,"column":21},"end":{"line":12,"column":null}},"line":12},"3":{"name":"AuthProvider","decl":{"start":{"line":16,"column":16},"end":{"line":16,"column":29}},"loc":{"start":{"line":16,"column":43},"end":{"line":88,"column":null}},"line":16},"4":{"name":"(anonymous_4)","decl":{"start":{"line":24,"column":14},"end":{"line":24,"column":20}},"loc":{"start":{"line":24,"column":20},"end":{"line":41,"column":7}},"line":24},"5":{"name":"(anonymous_5)","decl":{"start":{"line":29,"column":22},"end":{"line":29,"column":29}},"loc":{"start":{"line":29,"column":29},"end":{"line":29,"column":54}},"line":29},"6":{"name":"(anonymous_6)","decl":{"start":{"line":30,"column":23},"end":{"line":30,"column":29}},"loc":{"start":{"line":30,"column":29},"end":{"line":34,"column":17}},"line":30},"7":{"name":"(anonymous_7)","decl":{"start":{"line":35,"column":25},"end":{"line":35,"column":31}},"loc":{"start":{"line":35,"column":31},"end":{"line":35,"column":48}},"line":35},"8":{"name":"(anonymous_8)","decl":{"start":{"line":45,"column":14},"end":{"line":45,"column":20}},"loc":{"start":{"line":45,"column":20},"end":{"line":51,"column":7}},"line":45},"9":{"name":"(anonymous_9)","decl":{"start":{"line":46,"column":37},"end":{"line":46,"column":43}},"loc":{"start":{"line":46,"column":43},"end":{"line":48,"column":null}},"line":46},"10":{"name":"(anonymous_10)","decl":{"start":{"line":50,"column":15},"end":{"line":50,"column":21}},"loc":{"start":{"line":50,"column":21},"end":{"line":50,"column":null}},"line":50},"11":{"name":"(anonymous_11)","decl":{"start":{"line":53,"column":18},"end":{"line":53,"column":25}},"loc":{"start":{"line":53,"column":45},"end":{"line":60,"column":null}},"line":53},"12":{"name":"(anonymous_12)","decl":{"start":{"line":62,"column":19},"end":{"line":62,"column":31}},"loc":{"start":{"line":62,"column":31},"end":{"line":72,"column":null}},"line":62},"13":{"name":"(anonymous_13)","decl":{"start":{"line":81,"column":27},"end":{"line":81,"column":28}},"loc":{"start":{"line":81,"column":28},"end":{"line":81,"column":null}},"line":81},"14":{"name":"useAuth","decl":{"start":{"line":90,"column":16},"end":{"line":90,"column":26}},"loc":{"start":{"line":90,"column":26},"end":{"line":92,"column":null}},"line":90}},"branchMap":{"0":{"loc":{"start":{"line":26,"column":8},"end":{"line":40,"column":null}},"type":"if","locations":[{"start":{"line":26,"column":8},"end":{"line":40,"column":null}},{"start":{"line":36,"column":15},"end":{"line":40,"column":null}}],"line":26}},"s":{"0":1,"1":0,"2":0,"3":15,"4":15,"5":15,"6":6,"7":6,"8":4,"9":4,"10":3,"11":1,"12":1,"13":4,"14":2,"15":15,"16":6,"17":1,"18":6,"19":6,"20":6,"21":15,"22":1,"23":1,"24":1,"25":1,"26":1,"27":1,"28":15,"29":1,"30":1,"31":1,"32":1,"33":1,"34":15,"35":4,"36":15},"f":{"0":0,"1":0,"2":0,"3":15,"4":6,"5":3,"6":1,"7":4,"8":6,"9":1,"10":6,"11":1,"12":1,"13":4,"14":15},"b":{"0":[4,2]},"meta":{"lastBranch":1,"lastFunction":15,"lastStatement":37,"seen":{"s:5:6:14:Infinity":0,"f:7:11:7:23":0,"s:8:8:8:Infinity":1,"f:10:12:10:24":1,"f:12:15:12:21":2,"s:12:21:12:Infinity":2,"f:16:16:16:29":3,"s:17:24:17:Infinity":3,"s:18:30:18:Infinity":4,"s:24:4:41:Infinity":5,"f:24:14:24:20":4,"s:25:22:25:Infinity":6,"b:26:8:40:Infinity:36:15:40:Infinity":0,"s:26:8:40:Infinity":7,"s:27:12:27:Infinity":8,"s:28:12:35:Infinity":9,"f:29:22:29:29":5,"s:29:29:29:54":10,"f:30:23:30:29":6,"s:32:20:32:Infinity":11,"s:33:20:33:Infinity":12,"f:35:25:35:31":7,"s:35:31:35:48":13,"s:39:12:39:Infinity":14,"s:45:4:51:Infinity":15,"f:45:14:45:20":8,"s:46:37:48:Infinity":16,"f:46:37:46:43":9,"s:47:12:47:Infinity":17,"s:49:8:49:Infinity":18,"s:50:8:50:Infinity":19,"f:50:15:50:21":10,"s:50:21:50:Infinity":20,"s:53:18:60:Infinity":21,"f:53:18:53:25":11,"s:54:20:54:Infinity":22,"s:55:35:55:Infinity":23,"s:56:8:56:Infinity":24,"s:57:8:57:Infinity":25,"s:58:8:58:Infinity":26,"s:59:8:59:Infinity":27,"s:62:19:72:Infinity":28,"f:62:19:62:31":12,"s:63:8:68:Infinity":29,"s:65:12:65:Infinity":30,"s:69:8:69:Infinity":31,"s:70:8:70:Infinity":32,"s:71:8:71:Infinity":33,"s:74:4:86:Infinity":34,"f:81:27:81:28":13,"s:81:28:81:Infinity":35,"f:90:16:90:26":14,"s:91:4:91:Infinity":36},"fnNames":{}}}
,"/home/vicente/Escritorio/Archivos_Duoc/SistemaGestionAsistencia/frontend/src/context/DataCacheContext.jsx": {"path":"/home/vicente/Escritorio/Archivos_Duoc/SistemaGestionAsistencia/frontend/src/context/DataCacheContext.jsx","statementMap":{"0":{"start":{"line":5,"column":6},"end":{"line":5,"column":null}},"1":{"start":{"line":8,"column":36},"end":{"line":8,"column":null}},"2":{"start":{"line":9,"column":26},"end":{"line":9,"column":null}},"3":{"start":{"line":10,"column":50},"end":{"line":10,"column":null}},"4":{"start":{"line":11,"column":40},"end":{"line":11,"column":null}},"5":{"start":{"line":12,"column":37},"end":{"line":12,"column":null}},"6":{"start":{"line":14,"column":8},"end":{"line":33,"column":null}},"7":{"start":{"line":16,"column":6},"end":{"line":16,"column":null}},"8":{"start":{"line":16,"column":44},"end":{"line":16,"column":null}},"9":{"start":{"line":17,"column":6},"end":{"line":17,"column":null}},"10":{"start":{"line":17,"column":32},"end":{"line":17,"column":null}},"11":{"start":{"line":18,"column":6},"end":{"line":18,"column":null}},"12":{"start":{"line":19,"column":6},"end":{"line":30,"column":null}},"13":{"start":{"line":20,"column":20},"end":{"line":20,"column":null}},"14":{"start":{"line":21,"column":8},"end":{"line":21,"column":null}},"15":{"start":{"line":22,"column":8},"end":{"line":22,"column":null}},"16":{"start":{"line":24,"column":8},"end":{"line":26,"column":null}},"17":{"start":{"line":25,"column":10},"end":{"line":25,"column":null}},"18":{"start":{"line":27,"column":8},"end":{"line":27,"column":null}},"19":{"start":{"line":29,"column":8},"end":{"line":29,"column":null}},"20":{"start":{"line":35,"column":8},"end":{"line":54,"column":null}},"21":{"start":{"line":37,"column":6},"end":{"line":37,"column":null}},"22":{"start":{"line":37,"column":39},"end":{"line":37,"column":null}},"23":{"start":{"line":38,"column":6},"end":{"line":38,"column":null}},"24":{"start":{"line":38,"column":32},"end":{"line":38,"column":null}},"25":{"start":{"line":39,"column":6},"end":{"line":39,"column":null}},"26":{"start":{"line":40,"column":6},"end":{"line":51,"column":null}},"27":{"start":{"line":41,"column":20},"end":{"line":41,"column":null}},"28":{"start":{"line":42,"column":8},"end":{"line":42,"column":null}},"29":{"start":{"line":43,"column":8},"end":{"line":43,"column":null}},"30":{"start":{"line":45,"column":8},"end":{"line":47,"column":null}},"31":{"start":{"line":46,"column":10},"end":{"line":46,"column":null}},"32":{"start":{"line":48,"column":8},"end":{"line":48,"column":null}},"33":{"start":{"line":50,"column":8},"end":{"line":50,"column":null}},"34":{"start":{"line":56,"column":8},"end":{"line":59,"column":null}},"35":{"start":{"line":57,"column":4},"end":{"line":57,"column":null}},"36":{"start":{"line":58,"column":4},"end":{"line":58,"column":null}},"37":{"start":{"line":61,"column":2},"end":{"line":74,"column":null}},"38":{"start":{"line":79,"column":8},"end":{"line":79,"column":null}},"39":{"start":{"line":80,"column":2},"end":{"line":82,"column":null}},"40":{"start":{"line":81,"column":4},"end":{"line":81,"column":null}},"41":{"start":{"line":83,"column":2},"end":{"line":83,"column":null}}},"fnMap":{"0":{"name":"DataCacheProvider","decl":{"start":{"line":7,"column":16},"end":{"line":7,"column":34}},"loc":{"start":{"line":7,"column":48},"end":{"line":76,"column":null}},"line":7},"1":{"name":"(anonymous_1)","decl":{"start":{"line":15,"column":4},"end":{"line":15,"column":11}},"loc":{"start":{"line":15,"column":29},"end":{"line":31,"column":null}},"line":15},"2":{"name":"(anonymous_2)","decl":{"start":{"line":36,"column":4},"end":{"line":36,"column":11}},"loc":{"start":{"line":36,"column":29},"end":{"line":52,"column":null}},"line":36},"3":{"name":"(anonymous_3)","decl":{"start":{"line":56,"column":33},"end":{"line":56,"column":39}},"loc":{"start":{"line":56,"column":39},"end":{"line":59,"column":5}},"line":56},"4":{"name":"useDataCache","decl":{"start":{"line":78,"column":16},"end":{"line":78,"column":31}},"loc":{"start":{"line":78,"column":31},"end":{"line":84,"column":null}},"line":78}},"branchMap":{"0":{"loc":{"start":{"line":15,"column":11},"end":{"line":15,"column":29}},"type":"default-arg","locations":[{"start":{"line":15,"column":19},"end":{"line":15,"column":29}}],"line":15},"1":{"loc":{"start":{"line":16,"column":6},"end":{"line":16,"column":null}},"type":"if","locations":[{"start":{"line":16,"column":6},"end":{"line":16,"column":null}},{"start":{},"end":{}}],"line":16},"2":{"loc":{"start":{"line":16,"column":10},"end":{"line":16,"column":44}},"type":"binary-expr","locations":[{"start":{"line":16,"column":10},"end":{"line":16,"column":36}},{"start":{"line":16,"column":36},"end":{"line":16,"column":44}}],"line":16},"3":{"loc":{"start":{"line":17,"column":6},"end":{"line":17,"column":null}},"type":"if","locations":[{"start":{"line":17,"column":6},"end":{"line":17,"column":null}},{"start":{},"end":{}}],"line":17},"4":{"loc":{"start":{"line":17,"column":10},"end":{"line":17,"column":32}},"type":"binary-expr","locations":[{"start":{"line":17,"column":10},"end":{"line":17,"column":25}},{"start":{"line":17,"column":25},"end":{"line":17,"column":32}}],"line":17},"5":{"loc":{"start":{"line":24,"column":8},"end":{"line":26,"column":null}},"type":"if","locations":[{"start":{"line":24,"column":8},"end":{"line":26,"column":null}},{"start":{},"end":{}}],"line":24},"6":{"loc":{"start":{"line":24,"column":12},"end":{"line":24,"column":74}},"type":"binary-expr","locations":[{"start":{"line":24,"column":12},"end":{"line":24,"column":44}},{"start":{"line":24,"column":44},"end":{"line":24,"column":74}}],"line":24},"7":{"loc":{"start":{"line":36,"column":11},"end":{"line":36,"column":29}},"type":"default-arg","locations":[{"start":{"line":36,"column":19},"end":{"line":36,"column":29}}],"line":36},"8":{"loc":{"start":{"line":37,"column":6},"end":{"line":37,"column":null}},"type":"if","locations":[{"start":{"line":37,"column":6},"end":{"line":37,"column":null}},{"start":{},"end":{}}],"line":37},"9":{"loc":{"start":{"line":37,"column":10},"end":{"line":37,"column":39}},"type":"binary-expr","locations":[{"start":{"line":37,"column":10},"end":{"line":37,"column":31}},{"start":{"line":37,"column":31},"end":{"line":37,"column":39}}],"line":37},"10":{"loc":{"start":{"line":38,"column":6},"end":{"line":38,"column":null}},"type":"if","locations":[{"start":{"line":38,"column":6},"end":{"line":38,"column":null}},{"start":{},"end":{}}],"line":38},"11":{"loc":{"start":{"line":38,"column":10},"end":{"line":38,"column":32}},"type":"binary-expr","locations":[{"start":{"line":38,"column":10},"end":{"line":38,"column":25}},{"start":{"line":38,"column":25},"end":{"line":38,"column":32}}],"line":38},"12":{"loc":{"start":{"line":45,"column":8},"end":{"line":47,"column":null}},"type":"if","locations":[{"start":{"line":45,"column":8},"end":{"line":47,"column":null}},{"start":{},"end":{}}],"line":45},"13":{"loc":{"start":{"line":45,"column":12},"end":{"line":45,"column":74}},"type":"binary-expr","locations":[{"start":{"line":45,"column":12},"end":{"line":45,"column":44}},{"start":{"line":45,"column":44},"end":{"line":45,"column":74}}],"line":45},"14":{"loc":{"start":{"line":80,"column":2},"end":{"line":82,"column":null}},"type":"if","locations":[{"start":{"line":80,"column":2},"end":{"line":82,"column":null}},{"start":{},"end":{}}],"line":80}},"s":{"0":1,"1":10,"2":10,"3":10,"4":10,"5":10,"6":10,"7":3,"8":0,"9":3,"10":0,"11":3,"12":3,"13":3,"14":2,"15":2,"16":1,"17":1,"18":1,"19":3,"20":10,"21":3,"22":0,"23":3,"24":0,"25":3,"26":3,"27":3,"28":2,"29":2,"30":1,"31":1,"32":1,"33":3,"34":10,"35":1,"36":1,"37":10,"38":13,"39":13,"40":2,"41":10},"f":{"0":10,"1":3,"2":3,"3":1,"4":13},"b":{"0":[3],"1":[0,3],"2":[3,0],"3":[0,3],"4":[3,3],"5":[1,0],"6":[1,1],"7":[3],"8":[0,3],"9":[3,0],"10":[0,3],"11":[3,3],"12":[1,0],"13":[1,1],"14":[2,11]},"meta":{"lastBranch":15,"lastFunction":5,"lastStatement":42,"seen":{"s:5:6:5:Infinity":0,"f:7:16:7:34":0,"s:8:36:8:Infinity":1,"s:9:26:9:Infinity":2,"s:10:50:10:Infinity":3,"s:11:40:11:Infinity":4,"s:12:37:12:Infinity":5,"s:14:8:33:Infinity":6,"f:15:4:15:11":1,"b:15:19:15:29":0,"b:16:6:16:Infinity:undefined:undefined:undefined:undefined":1,"s:16:6:16:Infinity":7,"b:16:10:16:36:16:36:16:44":2,"s:16:44:16:Infinity":8,"b:17:6:17:Infinity:undefined:undefined:undefined:undefined":3,"s:17:6:17:Infinity":9,"b:17:10:17:25:17:25:17:32":4,"s:17:32:17:Infinity":10,"s:18:6:18:Infinity":11,"s:19:6:30:Infinity":12,"s:20:20:20:Infinity":13,"s:21:8:21:Infinity":14,"s:22:8:22:Infinity":15,"b:24:8:26:Infinity:undefined:undefined:undefined:undefined":5,"s:24:8:26:Infinity":16,"b:24:12:24:44:24:44:24:74":6,"s:25:10:25:Infinity":17,"s:27:8:27:Infinity":18,"s:29:8:29:Infinity":19,"s:35:8:54:Infinity":20,"f:36:4:36:11":2,"b:36:19:36:29":7,"b:37:6:37:Infinity:undefined:undefined:undefined:undefined":8,"s:37:6:37:Infinity":21,"b:37:10:37:31:37:31:37:39":9,"s:37:39:37:Infinity":22,"b:38:6:38:Infinity:undefined:undefined:undefined:undefined":10,"s:38:6:38:Infinity":23,"b:38:10:38:25:38:25:38:32":11,"s:38:32:38:Infinity":24,"s:39:6:39:Infinity":25,"s:40:6:51:Infinity":26,"s:41:20:41:Infinity":27,"s:42:8:42:Infinity":28,"s:43:8:43:Infinity":29,"b:45:8:47:Infinity:undefined:undefined:undefined:undefined":12,"s:45:8:47:Infinity":30,"b:45:12:45:44:45:44:45:74":13,"s:46:10:46:Infinity":31,"s:48:8:48:Infinity":32,"s:50:8:50:Infinity":33,"s:56:8:59:Infinity":34,"f:56:33:56:39":3,"s:57:4:57:Infinity":35,"s:58:4:58:Infinity":36,"s:61:2:74:Infinity":37,"f:78:16:78:31":4,"s:79:8:79:Infinity":38,"b:80:2:82:Infinity:undefined:undefined:undefined:undefined":14,"s:80:2:82:Infinity":39,"s:81:4:81:Infinity":40,"s:83:2:83:Infinity":41},"fnNames":{}}}
,"/home/vicente/Escritorio/Archivos_Duoc/SistemaGestionAsistencia/frontend/src/context/ToastContext.jsx": {"path":"/home/vicente/Escritorio/Archivos_Duoc/SistemaGestionAsistencia/frontend/src/context/ToastContext.jsx","statementMap":{"0":{"start":{"line":4,"column":6},"end":{"line":4,"column":null}},"1":{"start":{"line":6,"column":20},"end":{"line":20,"column":null}},"2":{"start":{"line":22,"column":29},"end":{"line":110,"column":null}},"3":{"start":{"line":23,"column":26},"end":{"line":23,"column":null}},"4":{"start":{"line":25,"column":22},"end":{"line":27,"column":null}},"5":{"start":{"line":26,"column":4},"end":{"line":26,"column":null}},"6":{"start":{"line":26,"column":24},"end":{"line":26,"column":63}},"7":{"start":{"line":26,"column":47},"end":{"line":26,"column":62}},"8":{"start":{"line":29,"column":20},"end":{"line":33,"column":null}},"9":{"start":{"line":30,"column":15},"end":{"line":30,"column":null}},"10":{"start":{"line":31,"column":4},"end":{"line":31,"column":null}},"11":{"start":{"line":31,"column":24},"end":{"line":31,"column":56}},"12":{"start":{"line":32,"column":4},"end":{"line":32,"column":null}},"13":{"start":{"line":32,"column":28},"end":{"line":32,"column":45}},"14":{"start":{"line":35,"column":8},"end":{"line":46,"column":null}},"15":{"start":{"line":36,"column":11},"end":{"line":44,"column":null}},"16":{"start":{"line":38,"column":8},"end":{"line":38,"column":null}},"17":{"start":{"line":40,"column":8},"end":{"line":40,"column":null}},"18":{"start":{"line":42,"column":8},"end":{"line":42,"column":null}},"19":{"start":{"line":48,"column":2},"end":{"line":108,"column":null}},"20":{"start":{"line":64,"column":24},"end":{"line":64,"column":null}},"21":{"start":{"line":65,"column":23},"end":{"line":65,"column":null}},"22":{"start":{"line":66,"column":10},"end":{"line":104,"column":null}},"23":{"start":{"line":92,"column":31},"end":{"line":92,"column":null}},"24":{"start":{"line":112,"column":24},"end":{"line":118,"column":null}},"25":{"start":{"line":113,"column":8},"end":{"line":113,"column":null}},"26":{"start":{"line":114,"column":2},"end":{"line":116,"column":null}},"27":{"start":{"line":115,"column":4},"end":{"line":115,"column":null}},"28":{"start":{"line":117,"column":2},"end":{"line":117,"column":null}}},"fnMap":{"0":{"name":"(anonymous_0)","decl":{"start":{"line":22,"column":29},"end":{"line":22,"column":30}},"loc":{"start":{"line":22,"column":47},"end":{"line":110,"column":null}},"line":22},"1":{"name":"(anonymous_1)","decl":{"start":{"line":25,"column":22},"end":{"line":25,"column":23}},"loc":{"start":{"line":25,"column":30},"end":{"line":27,"column":null}},"line":25},"2":{"name":"(anonymous_2)","decl":{"start":{"line":26,"column":14},"end":{"line":26,"column":15}},"loc":{"start":{"line":26,"column":24},"end":{"line":26,"column":63}},"line":26},"3":{"name":"(anonymous_3)","decl":{"start":{"line":26,"column":36},"end":{"line":26,"column":37}},"loc":{"start":{"line":26,"column":47},"end":{"line":26,"column":62}},"line":26},"4":{"name":"(anonymous_4)","decl":{"start":{"line":29,"column":20},"end":{"line":29,"column":21}},"loc":{"start":{"line":29,"column":69},"end":{"line":33,"column":null}},"line":29},"5":{"name":"(anonymous_5)","decl":{"start":{"line":31,"column":14},"end":{"line":31,"column":15}},"loc":{"start":{"line":31,"column":24},"end":{"line":31,"column":56}},"line":31},"6":{"name":"(anonymous_6)","decl":{"start":{"line":32,"column":22},"end":{"line":32,"column":28}},"loc":{"start":{"line":32,"column":28},"end":{"line":32,"column":45}},"line":32},"7":{"name":"(anonymous_7)","decl":{"start":{"line":36,"column":4},"end":{"line":36,"column":11}},"loc":{"start":{"line":36,"column":11},"end":{"line":44,"column":null}},"line":36},"8":{"name":"(anonymous_8)","decl":{"start":{"line":37,"column":15},"end":{"line":37,"column":16}},"loc":{"start":{"line":38,"column":8},"end":{"line":38,"column":null}},"line":38},"9":{"name":"(anonymous_9)","decl":{"start":{"line":39,"column":13},"end":{"line":39,"column":14}},"loc":{"start":{"line":40,"column":8},"end":{"line":40,"column":null}},"line":40},"10":{"name":"(anonymous_10)","decl":{"start":{"line":41,"column":12},"end":{"line":41,"column":13}},"loc":{"start":{"line":42,"column":8},"end":{"line":42,"column":null}},"line":42},"11":{"name":"(anonymous_11)","decl":{"start":{"line":63,"column":20},"end":{"line":63,"column":21}},"loc":{"start":{"line":63,"column":31},"end":{"line":106,"column":9}},"line":63},"12":{"name":"(anonymous_12)","decl":{"start":{"line":92,"column":25},"end":{"line":92,"column":31}},"loc":{"start":{"line":92,"column":31},"end":{"line":92,"column":null}},"line":92},"13":{"name":"(anonymous_13)","decl":{"start":{"line":112,"column":24},"end":{"line":112,"column":30}},"loc":{"start":{"line":112,"column":30},"end":{"line":118,"column":null}},"line":112}},"branchMap":{"0":{"loc":{"start":{"line":29,"column":23},"end":{"line":29,"column":38}},"type":"default-arg","locations":[{"start":{"line":29,"column":30},"end":{"line":29,"column":38}}],"line":29},"1":{"loc":{"start":{"line":29,"column":47},"end":{"line":29,"column":63}},"type":"default-arg","locations":[{"start":{"line":29,"column":58},"end":{"line":29,"column":63}}],"line":29},"2":{"loc":{"start":{"line":64,"column":24},"end":{"line":64,"column":null}},"type":"binary-expr","locations":[{"start":{"line":64,"column":24},"end":{"line":64,"column":51}},{"start":{"line":64,"column":51},"end":{"line":64,"column":null}}],"line":64},"3":{"loc":{"start":{"line":114,"column":2},"end":{"line":116,"column":null}},"type":"if","locations":[{"start":{"line":114,"column":2},"end":{"line":116,"column":null}},{"start":{},"end":{}}],"line":114}},"s":{"0":1,"1":1,"2":1,"3":10,"4":10,"5":2,"6":2,"7":2,"8":10,"9":5,"10":5,"11":5,"12":5,"13":1,"14":10,"15":3,"16":3,"17":1,"18":1,"19":10,"20":8,"21":8,"22":8,"23":1,"24":1,"25":6,"26":6,"27":2,"28":3},"f":{"0":10,"1":2,"2":2,"3":2,"4":5,"5":5,"6":1,"7":3,"8":3,"9":1,"10":1,"11":8,"12":1,"13":6},"b":{"0":[5],"1":[5],"2":[8,0],"3":[2,4]},"meta":{"lastBranch":4,"lastFunction":14,"lastStatement":29,"seen":{"s:4:6:4:Infinity":0,"s:6:20:20:Infinity":1,"s:22:29:110:Infinity":2,"f:22:29:22:30":0,"s:23:26:23:Infinity":3,"s:25:22:27:Infinity":4,"f:25:22:25:23":1,"s:26:4:26:Infinity":5,"f:26:14:26:15":2,"s:26:24:26:63":6,"f:26:36:26:37":3,"s:26:47:26:62":7,"s:29:20:33:Infinity":8,"f:29:20:29:21":4,"b:29:30:29:38":0,"b:29:58:29:63":1,"s:30:15:30:Infinity":9,"s:31:4:31:Infinity":10,"f:31:14:31:15":5,"s:31:24:31:56":11,"s:32:4:32:Infinity":12,"f:32:22:32:28":6,"s:32:28:32:45":13,"s:35:8:46:Infinity":14,"f:36:4:36:11":7,"s:36:11:44:Infinity":15,"f:37:15:37:16":8,"s:38:8:38:Infinity":16,"f:39:13:39:14":9,"s:40:8:40:Infinity":17,"f:41:12:41:13":10,"s:42:8:42:Infinity":18,"s:48:2:108:Infinity":19,"f:63:20:63:21":11,"s:64:24:64:Infinity":20,"b:64:24:64:51:64:51:64:Infinity":2,"s:65:23:65:Infinity":21,"s:66:10:104:Infinity":22,"f:92:25:92:31":12,"s:92:31:92:Infinity":23,"s:112:24:118:Infinity":24,"f:112:24:112:30":13,"s:113:8:113:Infinity":25,"b:114:2:116:Infinity:undefined:undefined:undefined:undefined":3,"s:114:2:116:Infinity":26,"s:115:4:115:Infinity":27,"s:117:2:117:Infinity":28},"fnNames":{}}}
,"/home/vicente/Escritorio/Archivos_Duoc/SistemaGestionAsistencia/frontend/src/pages/Asistencia.jsx": {"path":"/home/vicente/Escritorio/Archivos_Duoc/SistemaGestionAsistencia/frontend/src/pages/Asistencia.jsx","statementMap":{"0":{"start":{"line":19,"column":19},"end":{"line":494,"column":null}},"1":{"start":{"line":20,"column":26},"end":{"line":20,"column":null}},"2":{"start":{"line":21,"column":28},"end":{"line":21,"column":null}},"3":{"start":{"line":22,"column":24},"end":{"line":22,"column":null}},"4":{"start":{"line":23,"column":36},"end":{"line":23,"column":null}},"5":{"start":{"line":24,"column":34},"end":{"line":24,"column":null}},"6":{"start":{"line":25,"column":28},"end":{"line":25,"column":null}},"7":{"start":{"line":26,"column":36},"end":{"line":26,"column":null}},"8":{"start":{"line":27,"column":8},"end":{"line":27,"column":null}},"9":{"start":{"line":28,"column":19},"end":{"line":28,"column":null}},"10":{"start":{"line":29,"column":8},"end":{"line":29,"column":null}},"11":{"start":{"line":30,"column":37},"end":{"line":30,"column":null}},"12":{"start":{"line":31,"column":8},"end":{"line":31,"column":null}},"13":{"start":{"line":33,"column":2},"end":{"line":36,"column":null}},"14":{"start":{"line":34,"column":4},"end":{"line":34,"column":null}},"15":{"start":{"line":34,"column":30},"end":{"line":34,"column":null}},"16":{"start":{"line":35,"column":4},"end":{"line":35,"column":null}},"17":{"start":{"line":37,"column":2},"end":{"line":42,"column":null}},"18":{"start":{"line":38,"column":4},"end":{"line":41,"column":null}},"19":{"start":{"line":39,"column":6},"end":{"line":39,"column":null}},"20":{"start":{"line":40,"column":6},"end":{"line":40,"column":null}},"21":{"start":{"line":44,"column":22},"end":{"line":61,"column":null}},"22":{"start":{"line":45,"column":4},"end":{"line":60,"column":null}},"23":{"start":{"line":46,"column":18},"end":{"line":46,"column":null}},"24":{"start":{"line":47,"column":6},"end":{"line":47,"column":null}},"25":{"start":{"line":48,"column":6},"end":{"line":57,"column":null}},"26":{"start":{"line":49,"column":8},"end":{"line":54,"column":null}},"27":{"start":{"line":51,"column":35},"end":{"line":51,"column":78}},"28":{"start":{"line":53,"column":10},"end":{"line":53,"column":null}},"29":{"start":{"line":56,"column":8},"end":{"line":56,"column":null}},"30":{"start":{"line":59,"column":6},"end":{"line":59,"column":null}},"31":{"start":{"line":63,"column":26},"end":{"line":78,"column":null}},"32":{"start":{"line":64,"column":23},"end":{"line":64,"column":null}},"33":{"start":{"line":65,"column":4},"end":{"line":65,"column":null}},"34":{"start":{"line":66,"column":4},"end":{"line":77,"column":null}},"35":{"start":{"line":67,"column":18},"end":{"line":67,"column":null}},"36":{"start":{"line":68,"column":6},"end":{"line":70,"column":null}},"37":{"start":{"line":69,"column":8},"end":{"line":69,"column":null}},"38":{"start":{"line":72,"column":6},"end":{"line":72,"column":null}},"39":{"start":{"line":74,"column":6},"end":{"line":76,"column":null}},"40":{"start":{"line":75,"column":8},"end":{"line":75,"column":null}},"41":{"start":{"line":80,"column":27},"end":{"line":89,"column":null}},"42":{"start":{"line":81,"column":10},"end":{"line":81,"column":null}},"43":{"start":{"line":82,"column":4},"end":{"line":88,"column":null}},"44":{"start":{"line":83,"column":6},"end":{"line":83,"column":null}},"45":{"start":{"line":84,"column":6},"end":{"line":84,"column":null}},"46":{"start":{"line":85,"column":6},"end":{"line":85,"column":null}},"47":{"start":{"line":87,"column":6},"end":{"line":87,"column":null}},"48":{"start":{"line":91,"column":26},"end":{"line":101,"column":null}},"49":{"start":{"line":92,"column":4},"end":{"line":100,"column":null}},"50":{"start":{"line":93,"column":6},"end":{"line":99,"column":null}},"51":{"start":{"line":94,"column":8},"end":{"line":94,"column":null}},"52":{"start":{"line":95,"column":8},"end":{"line":95,"column":null}},"53":{"start":{"line":96,"column":8},"end":{"line":96,"column":null}},"54":{"start":{"line":98,"column":8},"end":{"line":98,"column":null}},"55":{"start":{"line":103,"column":28},"end":{"line":113,"column":null}},"56":{"start":{"line":104,"column":4},"end":{"line":112,"column":null}},"57":{"start":{"line":105,"column":6},"end":{"line":107,"column":null}},"58":{"start":{"line":108,"column":6},"end":{"line":108,"column":null}},"59":{"start":{"line":109,"column":6},"end":{"line":109,"column":null}},"60":{"start":{"line":111,"column":6},"end":{"line":111,"column":null}},"61":{"start":{"line":115,"column":30},"end":{"line":119,"column":null}},"62":{"start":{"line":116,"column":4},"end":{"line":118,"column":null}},"63":{"start":{"line":121,"column":2},"end":{"line":123,"column":null}},"64":{"start":{"line":122,"column":4},"end":{"line":122,"column":null}},"65":{"start":{"line":126,"column":25},"end":{"line":126,"column":null}},"66":{"start":{"line":127,"column":31},"end":{"line":132,"column":null}},"67":{"start":{"line":134,"column":20},"end":{"line":136,"column":null}},"68":{"start":{"line":135,"column":11},"end":{"line":135,"column":null}},"69":{"start":{"line":137,"column":18},"end":{"line":137,"column":null}},"70":{"start":{"line":137,"column":52},"end":{"line":137,"column":63}},"71":{"start":{"line":138,"column":21},"end":{"line":138,"column":null}},"72":{"start":{"line":138,"column":55},"end":{"line":138,"column":70}},"73":{"start":{"line":140,"column":2},"end":{"line":492,"column":null}},"74":{"start":{"line":179,"column":31},"end":{"line":179,"column":null}},"75":{"start":{"line":194,"column":16},"end":{"line":196,"column":null}},"76":{"start":{"line":215,"column":31},"end":{"line":215,"column":null}},"77":{"start":{"line":253,"column":33},"end":{"line":253,"column":null}},"78":{"start":{"line":347,"column":20},"end":{"line":476,"column":null}},"79":{"start":{"line":418,"column":34},"end":{"line":421,"column":null}},"80":{"start":{"line":447,"column":45},"end":{"line":447,"column":null}},"81":{"start":{"line":461,"column":45},"end":{"line":461,"column":null}}},"fnMap":{"0":{"name":"(anonymous_0)","decl":{"start":{"line":19,"column":19},"end":{"line":19,"column":25}},"loc":{"start":{"line":19,"column":25},"end":{"line":494,"column":null}},"line":19},"1":{"name":"(anonymous_1)","decl":{"start":{"line":33,"column":12},"end":{"line":33,"column":18}},"loc":{"start":{"line":33,"column":18},"end":{"line":36,"column":5}},"line":33},"2":{"name":"(anonymous_2)","decl":{"start":{"line":37,"column":12},"end":{"line":37,"column":18}},"loc":{"start":{"line":37,"column":18},"end":{"line":42,"column":5}},"line":37},"3":{"name":"(anonymous_3)","decl":{"start":{"line":44,"column":22},"end":{"line":44,"column":34}},"loc":{"start":{"line":44,"column":34},"end":{"line":61,"column":null}},"line":44},"4":{"name":"(anonymous_4)","decl":{"start":{"line":48,"column":17},"end":{"line":48,"column":18}},"loc":{"start":{"line":48,"column":37},"end":{"line":57,"column":7}},"line":48},"5":{"name":"(anonymous_5)","decl":{"start":{"line":51,"column":24},"end":{"line":51,"column":25}},"loc":{"start":{"line":51,"column":35},"end":{"line":51,"column":78}},"line":51},"6":{"name":"(anonymous_6)","decl":{"start":{"line":63,"column":26},"end":{"line":63,"column":38}},"loc":{"start":{"line":63,"column":38},"end":{"line":78,"column":null}},"line":63},"7":{"name":"(anonymous_7)","decl":{"start":{"line":80,"column":27},"end":{"line":80,"column":34}},"loc":{"start":{"line":80,"column":52},"end":{"line":89,"column":null}},"line":80},"8":{"name":"(anonymous_8)","decl":{"start":{"line":91,"column":26},"end":{"line":91,"column":33}},"loc":{"start":{"line":91,"column":51},"end":{"line":101,"column":null}},"line":91},"9":{"name":"(anonymous_9)","decl":{"start":{"line":103,"column":28},"end":{"line":103,"column":35}},"loc":{"start":{"line":103,"column":68},"end":{"line":113,"column":null}},"line":103},"10":{"name":"(anonymous_10)","decl":{"start":{"line":115,"column":49},"end":{"line":115,"column":50}},"loc":{"start":{"line":116,"column":4},"end":{"line":118,"column":null}},"line":116},"11":{"name":"(anonymous_11)","decl":{"start":{"line":121,"column":12},"end":{"line":121,"column":18}},"loc":{"start":{"line":121,"column":18},"end":{"line":123,"column":5}},"line":121},"12":{"name":"(anonymous_12)","decl":{"start":{"line":135,"column":4},"end":{"line":135,"column":5}},"loc":{"start":{"line":135,"column":11},"end":{"line":135,"column":null}},"line":135},"13":{"name":"(anonymous_13)","decl":{"start":{"line":137,"column":45},"end":{"line":137,"column":46}},"loc":{"start":{"line":137,"column":52},"end":{"line":137,"column":63}},"line":137},"14":{"name":"(anonymous_14)","decl":{"start":{"line":138,"column":48},"end":{"line":138,"column":49}},"loc":{"start":{"line":138,"column":55},"end":{"line":138,"column":70}},"line":138},"15":{"name":"(anonymous_15)","decl":{"start":{"line":179,"column":24},"end":{"line":179,"column":25}},"loc":{"start":{"line":179,"column":31},"end":{"line":179,"column":null}},"line":179},"16":{"name":"(anonymous_16)","decl":{"start":{"line":193,"column":26},"end":{"line":193,"column":27}},"loc":{"start":{"line":194,"column":16},"end":{"line":196,"column":null}},"line":194},"17":{"name":"(anonymous_17)","decl":{"start":{"line":215,"column":24},"end":{"line":215,"column":25}},"loc":{"start":{"line":215,"column":31},"end":{"line":215,"column":null}},"line":215},"18":{"name":"(anonymous_18)","decl":{"start":{"line":253,"column":26},"end":{"line":253,"column":27}},"loc":{"start":{"line":253,"column":33},"end":{"line":253,"column":null}},"line":253},"19":{"name":"(anonymous_19)","decl":{"start":{"line":346,"column":43},"end":{"line":346,"column":44}},"loc":{"start":{"line":347,"column":20},"end":{"line":476,"column":null}},"line":347},"20":{"name":"(anonymous_20)","decl":{"start":{"line":417,"column":42},"end":{"line":417,"column":null}},"loc":{"start":{"line":418,"column":34},"end":{"line":421,"column":null}},"line":418},"21":{"name":"(anonymous_21)","decl":{"start":{"line":447,"column":39},"end":{"line":447,"column":45}},"loc":{"start":{"line":447,"column":45},"end":{"line":447,"column":null}},"line":447},"22":{"name":"(anonymous_22)","decl":{"start":{"line":461,"column":39},"end":{"line":461,"column":45}},"loc":{"start":{"line":461,"column":45},"end":{"line":461,"column":null}},"line":461}},"branchMap":{"0":{"loc":{"start":{"line":34,"column":4},"end":{"line":34,"column":null}},"type":"if","locations":[{"start":{"line":34,"column":4},"end":{"line":34,"column":null}},{"start":{},"end":{}}],"line":34},"1":{"loc":{"start":{"line":34,"column":8},"end":{"line":34,"column":30}},"type":"binary-expr","locations":[{"start":{"line":34,"column":8},"end":{"line":34,"column":23}},{"start":{"line":34,"column":23},"end":{"line":34,"column":30}}],"line":34},"2":{"loc":{"start":{"line":38,"column":4},"end":{"line":41,"column":null}},"type":"if","locations":[{"start":{"line":38,"column":4},"end":{"line":41,"column":null}},{"start":{},"end":{}}],"line":38},"3":{"loc":{"start":{"line":49,"column":8},"end":{"line":54,"column":null}},"type":"if","locations":[{"start":{"line":49,"column":8},"end":{"line":54,"column":null}},{"start":{},"end":{}}],"line":49},"4":{"loc":{"start":{"line":50,"column":10},"end":{"line":51,"column":null}},"type":"binary-expr","locations":[{"start":{"line":50,"column":10},"end":{"line":50,"column":null}},{"start":{"line":51,"column":10},"end":{"line":51,"column":null}}],"line":50},"5":{"loc":{"start":{"line":56,"column":15},"end":{"line":56,"column":null}},"type":"binary-expr","locations":[{"start":{"line":56,"column":15},"end":{"line":56,"column":34}},{"start":{"line":56,"column":34},"end":{"line":56,"column":null}}],"line":56},"6":{"loc":{"start":{"line":68,"column":6},"end":{"line":70,"column":null}},"type":"if","locations":[{"start":{"line":68,"column":6},"end":{"line":70,"column":null}},{"start":{},"end":{}}],"line":68},"7":{"loc":{"start":{"line":74,"column":6},"end":{"line":76,"column":null}},"type":"if","locations":[{"start":{"line":74,"column":6},"end":{"line":76,"column":null}},{"start":{},"end":{}}],"line":74},"8":{"loc":{"start":{"line":92,"column":4},"end":{"line":100,"column":null}},"type":"if","locations":[{"start":{"line":92,"column":4},"end":{"line":100,"column":null}},{"start":{},"end":{}}],"line":92},"9":{"loc":{"start":{"line":127,"column":31},"end":{"line":132,"column":null}},"type":"cond-expr","locations":[{"start":{"line":128,"column":6},"end":{"line":131,"column":null}},{"start":{"line":132,"column":6},"end":{"line":132,"column":null}}],"line":127},"10":{"loc":{"start":{"line":135,"column":11},"end":{"line":135,"column":null}},"type":"binary-expr","locations":[{"start":{"line":135,"column":11},"end":{"line":135,"column":29}},{"start":{"line":135,"column":29},"end":{"line":135,"column":null}}],"line":135},"11":{"loc":{"start":{"line":147,"column":9},"end":{"line":150,"column":null}},"type":"binary-expr","locations":[{"start":{"line":147,"column":9},"end":{"line":147,"column":null}},{"start":{"line":148,"column":10},"end":{"line":150,"column":null}}],"line":147},"12":{"loc":{"start":{"line":315,"column":7},"end":{"line":490,"column":null}},"type":"cond-expr","locations":[{"start":{"line":316,"column":8},"end":{"line":316,"column":null}},{"start":{"line":318,"column":8},"end":{"line":490,"column":null}}],"line":315},"13":{"loc":{"start":{"line":332,"column":17},"end":{"line":477,"column":null}},"type":"cond-expr","locations":[{"start":{"line":333,"column":18},"end":{"line":344,"column":null}},{"start":{"line":346,"column":18},"end":{"line":477,"column":null}}],"line":332},"14":{"loc":{"start":{"line":371,"column":25},"end":{"line":384,"column":null}},"type":"cond-expr","locations":[{"start":{"line":372,"column":26},"end":{"line":382,"column":null}},{"start":{"line":384,"column":26},"end":{"line":384,"column":null}}],"line":371},"15":{"loc":{"start":{"line":388,"column":25},"end":{"line":401,"column":null}},"type":"cond-expr","locations":[{"start":{"line":389,"column":26},"end":{"line":394,"column":null}},{"start":{"line":397,"column":26},"end":{"line":401,"column":null}}],"line":388},"16":{"loc":{"start":{"line":389,"column":26},"end":{"line":394,"column":null}},"type":"cond-expr","locations":[{"start":{"line":390,"column":28},"end":{"line":390,"column":null}},{"start":{"line":392,"column":28},"end":{"line":394,"column":null}}],"line":389},"17":{"loc":{"start":{"line":405,"column":25},"end":{"line":440,"column":null}},"type":"cond-expr","locations":[{"start":{"line":406,"column":26},"end":{"line":438,"column":null}},{"start":{"line":440,"column":26},"end":{"line":440,"column":null}}],"line":405},"18":{"loc":{"start":{"line":413,"column":29},"end":{"line":429,"column":null}},"type":"cond-expr","locations":[{"start":{"line":414,"column":30},"end":{"line":428,"column":null}},{"start":{"line":429,"column":32},"end":{"line":429,"column":null}}],"line":413},"19":{"loc":{"start":{"line":433,"column":39},"end":{"line":433,"column":null}},"type":"cond-expr","locations":[{"start":{"line":433,"column":57},"end":{"line":433,"column":69}},{"start":{"line":433,"column":69},"end":{"line":433,"column":null}}],"line":433},"20":{"loc":{"start":{"line":436,"column":31},"end":{"line":436,"column":null}},"type":"cond-expr","locations":[{"start":{"line":436,"column":49},"end":{"line":436,"column":56}},{"start":{"line":436,"column":56},"end":{"line":436,"column":null}}],"line":436},"21":{"loc":{"start":{"line":444,"column":25},"end":{"line":473,"column":null}},"type":"cond-expr","locations":[{"start":{"line":445,"column":26},"end":{"line":468,"column":null}},{"start":{"line":471,"column":26},"end":{"line":473,"column":null}}],"line":444},"22":{"loc":{"start":{"line":445,"column":26},"end":{"line":468,"column":null}},"type":"cond-expr","locations":[{"start":{"line":446,"column":28},"end":{"line":458,"column":null}},{"start":{"line":460,"column":28},"end":{"line":468,"column":null}}],"line":445},"23":{"loc":{"start":{"line":482,"column":11},"end":{"line":488,"column":null}},"type":"binary-expr","locations":[{"start":{"line":482,"column":11},"end":{"line":482,"column":null}},{"start":{"line":483,"column":12},"end":{"line":488,"column":null}}],"line":482}},"s":{"0":1,"1":3,"2":3,"3":3,"4":3,"5":3,"6":3,"7":3,"8":3,"9":3,"10":3,"11":3,"12":3,"13":3,"14":2,"15":1,"16":1,"17":3,"18":3,"19":1,"20":1,"21":3,"22":1,"23":1,"24":1,"25":1,"26":1,"27":0,"28":0,"29":1,"30":0,"31":3,"32":1,"33":1,"34":1,"35":1,"36":1,"37":1,"38":0,"39":1,"40":1,"41":3,"42":0,"43":0,"44":0,"45":0,"46":0,"47":0,"48":3,"49":0,"50":0,"51":0,"52":0,"53":0,"54":0,"55":3,"56":0,"57":0,"58":0,"59":0,"60":0,"61":3,"62":0,"63":3,"64":3,"65":3,"66":3,"67":3,"68":0,"69":3,"70":0,"71":3,"72":0,"73":3,"74":0,"75":1,"76":0,"77":0,"78":0,"79":0,"80":0,"81":0},"f":{"0":3,"1":2,"2":3,"3":1,"4":1,"5":0,"6":1,"7":0,"8":0,"9":0,"10":0,"11":3,"12":0,"13":0,"14":0,"15":0,"16":1,"17":0,"18":0,"19":0,"20":0,"21":0,"22":0},"b":{"0":[1,1],"1":[2,2],"2":[1,2],"3":[0,1],"4":[1,0],"5":[1,0],"6":[1,0],"7":[1,0],"8":[0,0],"9":[0,3],"10":[0,0],"11":[3,1],"12":[0,3],"13":[3,0],"14":[0,0],"15":[0,0],"16":[0,0],"17":[0,0],"18":[0,0],"19":[0,0],"20":[0,0],"21":[0,0],"22":[0,0],"23":[3,0]},"meta":{"lastBranch":24,"lastFunction":23,"lastStatement":82,"seen":{"s:19:19:494:Infinity":0,"f:19:19:19:25":0,"s:20:26:20:Infinity":1,"s:21:28:21:Infinity":2,"s:22:24:22:Infinity":3,"s:23:36:23:Infinity":4,"s:24:34:24:Infinity":5,"s:25:28:25:Infinity":6,"s:26:36:26:Infinity":7,"s:27:8:27:Infinity":8,"s:28:19:28:In
[...]
,"/home/vicente/Escritorio/Archivos_Duoc/SistemaGestionAsistencia/frontend/src/utils/modulePermissions.js": {"path":"/home/vicente/Escritorio/Archivos_Duoc/SistemaGestionAsistencia/frontend/src/utils/modulePermissions.js","statementMap":{"0":{"start":{"line":1,"column":23},"end":{"line":12,"column":1}},"1":{"start":{"line":14,"column":27},"end":{"line":14,"column":64}},"2":{"start":{"line":14,"column":51},"end":{"line":14,"column":63}},"3":{"start":{"line":16,"column":40},"end":{"line":26,"column":1}},"4":{"start":{"line":29,"column":2},"end":{"line":31,"column":null}},"5":{"start":{"line":30,"column":4},"end":{"line":30,"column":null}},"6":{"start":{"line":33,"column":2},"end":{"line":43,"column":null}},"7":{"start":{"line":34,"column":4},"end":{"line":36,"column":null}},"8":{"start":{"line":35,"column":6},"end":{"line":35,"column":null}},"9":{"start":{"line":38,"column":4},"end":{"line":40,"column":null}},"10":{"start":{"line":39,"column":6},"end":{"line":39,"column":null}},"11":{"start":{"line":42,"column":4},"end":{"line":42,"column":null}},"12":{"start":{"line":43,"column":23},"end":{"line":43,"column":50}},"13":{"start":{"line":47,"column":2},"end":{"line":49,"column":null}},"14":{"start":{"line":48,"column":4},"end":{"line":48,"column":null}},"15":{"start":{"line":51,"column":15},"end":{"line":51,"column":24}},"16":{"start":{"line":52,"column":18},"end":{"line":52,"column":20}},"17":{"start":{"line":54,"column":2},"end":{"line":69,"column":null}},"18":{"start":{"line":55,"column":18},"end":{"line":57,"column":82}},"19":{"start":{"line":59,"column":4},"end":{"line":61,"column":null}},"20":{"start":{"line":60,"column":6},"end":{"line":60,"column":null}},"21":{"start":{"line":63,"column":4},"end":{"line":63,"column":null}},"22":{"start":{"line":64,"column":21},"end":{"line":66,"column":13}},"23":{"start":{"line":68,"column":4},"end":{"line":68,"column":null}},"24":{"start":{"line":71,"column":2},"end":{"line":71,"column":null}},"25":{"start":{"line":75,"column":2},"end":{"line":77,"column":null}},"26":{"start":{"line":76,"column":4},"end":{"line":76,"column":null}},"27":{"start":{"line":79,"column":2},"end":{"line":79,"column":null}},"28":{"start":{"line":83,"column":25},"end":{"line":83,"column":51}},"29":{"start":{"line":84,"column":26},"end":{"line":84,"column":53}},"30":{"start":{"line":86,"column":2},"end":{"line":88,"column":null}},"31":{"start":{"line":87,"column":4},"end":{"line":87,"column":null}},"32":{"start":{"line":90,"column":2},"end":{"line":90,"column":null}},"33":{"start":{"line":90,"column":46},"end":{"line":90,"column":82}},"34":{"start":{"line":94,"column":2},"end":{"line":96,"column":null}},"35":{"start":{"line":95,"column":4},"end":{"line":95,"column":null}},"36":{"start":{"line":95,"column":39},"end":{"line":95,"column":65}},"37":{"start":{"line":98,"column":21},"end":{"line":98,"column":60}},"38":{"start":{"line":99,"column":2},"end":{"line":99,"column":null}},"39":{"start":{"line":103,"column":2},"end":{"line":103,"column":null}},"40":{"start":{"line":103,"column":60},"end":{"line":103,"column":86}},"41":{"start":{"line":107,"column":2},"end":{"line":109,"column":null}},"42":{"start":{"line":108,"column":4},"end":{"line":108,"column":null}},"43":{"start":{"line":111,"column":2},"end":{"line":113,"column":null}},"44":{"start":{"line":112,"column":4},"end":{"line":112,"column":null}},"45":{"start":{"line":115,"column":22},"end":{"line":115,"column":83}},"46":{"start":{"line":116,"column":2},"end":{"line":116,"column":null}},"47":{"start":{"line":120,"column":2},"end":{"line":122,"column":null}},"48":{"start":{"line":121,"column":4},"end":{"line":121,"column":null}},"49":{"start":{"line":124,"column":2},"end":{"line":126,"column":null}},"50":{"start":{"line":125,"column":4},"end":{"line":125,"column":null}},"51":{"start":{"line":128,"column":29},"end":{"line":128,"column":96}},"52":{"start":{"line":129,"column":21},"end":{"line":129,"column":82}},"53":{"start":{"line":129,"column":56},"end":{"line":129,"column":81}},"54":{"start":{"line":131,"column":2},"end":{"line":131,"column":null}},"55":{"start":{"line":135,"column":2},"end":{"line":137,"column":null}},"56":{"start":{"line":136,"column":4},"end":{"line":136,"column":null}},"57":{"start":{"line":139,"column":22},"end":{"line":139,"column":108}},"58":{"start":{"line":141,"column":2},"end":{"line":145,"column":null}},"59":{"start":{"line":142,"column":4},"end":{"line":144,"column":null}},"60":{"start":{"line":143,"column":6},"end":{"line":143,"column":null}},"61":{"start":{"line":143,"column":38},"end":{"line":143,"column":64}},"62":{"start":{"line":147,"column":2},"end":{"line":147,"column":null}}},"fnMap":{"0":{"name":"(anonymous_0)","decl":{"start":{"line":14,"column":39},"end":{"line":14,"column":40}},"loc":{"start":{"line":14,"column":51},"end":{"line":14,"column":63}},"line":14},"1":{"name":"normalizePermissions","decl":{"start":{"line":28,"column":16},"end":{"line":28,"column":36}},"loc":{"start":{"line":28,"column":44},"end":{"line":44,"column":null}},"line":28},"2":{"name":"(anonymous_2)","decl":{"start":{"line":33,"column":31},"end":{"line":33,"column":32}},"loc":{"start":{"line":33,"column":42},"end":{"line":43,"column":3}},"line":33},"3":{"name":"(anonymous_3)","decl":{"start":{"line":43,"column":12},"end":{"line":43,"column":13}},"loc":{"start":{"line":43,"column":23},"end":{"line":43,"column":50}},"line":43},"4":{"name":"normalizePermissionEntries","decl":{"start":{"line":46,"column":16},"end":{"line":46,"column":42}},"loc":{"start":{"line":46,"column":50},"end":{"line":72,"column":null}},"line":46},"5":{"name":"getDefaultPermissionsForRole","decl":{"start":{"line":74,"column":16},"end":{"line":74,"column":44}},"loc":{"start":{"line":74,"column":51},"end":{"line":80,"column":null}},"line":74},"6":{"name":"samePermissions","decl":{"start":{"line":82,"column":16},"end":{"line":82,"column":31}},"loc":{"start":{"line":82,"column":45},"end":{"line":91,"column":null}},"line":82},"7":{"name":"(anonymous_7)","decl":{"start":{"line":90,"column":30},"end":{"line":90,"column":31}},"loc":{"start":{"line":90,"column":46},"end":{"line":90,"column":82}},"line":90},"8":{"name":"resolvePermissionsForRole","decl":{"start":{"line":93,"column":16},"end":{"line":93,"column":41}},"loc":{"start":{"line":93,"column":61},"end":{"line":100,"column":null}},"line":93},"9":{"name":"(anonymous_9)","decl":{"start":{"line":95,"column":27},"end":{"line":95,"column":28}},"loc":{"start":{"line":95,"column":39},"end":{"line":95,"column":65}},"line":95},"10":{"name":"getDefaultPermissionEntriesForRole","decl":{"start":{"line":102,"column":16},"end":{"line":102,"column":50}},"loc":{"start":{"line":102,"column":57},"end":{"line":104,"column":null}},"line":102},"11":{"name":"(anonymous_11)","decl":{"start":{"line":103,"column":48},"end":{"line":103,"column":49}},"loc":{"start":{"line":103,"column":60},"end":{"line":103,"column":86}},"line":103},"12":{"name":"canAccessModule","decl":{"start":{"line":106,"column":16},"end":{"line":106,"column":31}},"loc":{"start":{"line":106,"column":49},"end":{"line":117,"column":null}},"line":106},"13":{"name":"canManageModule","decl":{"start":{"line":119,"column":16},"end":{"line":119,"column":31}},"loc":{"start":{"line":119,"column":49},"end":{"line":132,"column":null}},"line":119},"14":{"name":"(anonymous_14)","decl":{"start":{"line":129,"column":45},"end":{"line":129,"column":46}},"loc":{"start":{"line":129,"column":56},"end":{"line":129,"column":81}},"line":129},"15":{"name":"getLandingRoute","decl":{"start":{"line":134,"column":16},"end":{"line":134,"column":31}},"loc":{"start":{"line":134,"column":38},"end":{"line":148,"column":null}},"line":134},"16":{"name":"(anonymous_16)","decl":{"start":{"line":143,"column":26},"end":{"line":143,"column":27}},"loc":{"start":{"line":143,"column":38},"end":{"line":143,"column":64}},"line":143}},"branchMap":{"0":{"loc":{"start":{"line":29,"column":2},"end":{"line":31,"column":null}},"type":"if","locations":[{"start":{"line":29,"column":2},"end":{"line":31,"column":null}},{"start":{},"end":{}}],"line":29},"1":{"loc":{"start":{"line":34,"column":4},"end":{"line":36,"column":null}},"type":"if","locations":[{"start":{"line":34,"column":4},"end":{"line":36,"column":null}},{"start":{},"end":{}}],"line":34},"2":{"loc":{"start":{"line":38,"column":4},"end":{"line":40,"column":null}},"type":"if","locations":[{"start":{"line":38,"column":4},"end":{"line":40,"column":null}},{"start":{},"end":{}}],"line":38},"3":{"loc":{"start":{"line":38,"column":8},"end":{"line":38,"column":42}},"type":"binary-expr","locations":[{"start":{"line":38,"column":8},"end":{"line":38,"column":13}},{"start":{"line":38,"column":17},"end":{"line":38,"column":42}}],"line":38},"4":{"loc":{"start":{"line":39,"column":20},"end":{"line":39,"column":76}},"type":"binary-expr","locations":[{"start":{"line":39,"column":20},"end":{"line":39,"column":31}},{"start":{"line":39,"column":35},"end":{"line":39,"column":51}},{"start":{"line":39,"column":55},"end":{"line":39,"column":70}},{"start":{"line":39,"column":74},"end":{"line":39,"column":76}}],"line":39},"5":{"loc":{"start":{"line":47,"column":2},"end":{"line":49,"column":null}},"type":"if","locations":[{"start":{"line":47,"column":2},"end":{"line":49,"column":null}},{"start":{},"end":{}}],"line":47},"6":{"loc":{"start":{"line":55,"column":18},"end":{"line":57,"column":82}},"type":"cond-expr","locations":[{"start":{"line":56,"column":8},"end":{"line":56,"column":null}},{"start":{"line":57,"column":8},"end":{"line":57,"column":82}}],"line":55},"7":{"loc":{"start":{"line":57,"column":15},"end":{"line":57,"column":74}},"type":"binary-expr","locations":[{"start":{"line":57,"column":15},"end":{"line":57,"column":27}},{"start":{"line":57,"column":31},"end":{"line":57,"column":48}},{"start":{"line":57,"column":52},"end":{"line":57,"column":68}},{"start":{"line":57,"column":72},"end":{"line":57,"column":74}}],"line":57},"8":{"loc":{"start":{"line":59,"column":4},"end":{"line":61,"column":null}},"type":"if","locations":[{"start":{"line":59,"column":4},"end":{"line":61,"column":null}},{"start":{},"end":{}}],"line":59},"9":{"loc":{"start":{"line":59,"column":8},"end":{"line":59,"column":55}},"type":"binary-expr","locations":[{"start":{"line":59,"column":8},"end":{"line":59,"column":36}},{"start":{"line":59,"column":40},"end":{"line":59,"column":55}}],"line":59},"10":{"loc":{"start":{"line":64,"column":21},"end":{"line":66,"column":13}},"type":"cond-expr","locations":[{"start":{"line":65,"column":8},"end":{"line":65,"column":null}},{"start":{"line":66,"column":8},"end":{"line":66,"column":13}}],"line":64},"11":{"loc":{"start":{"line":64,"column":21},"end":{"line":64,"column":null}},"type":"binary-expr","locations":[{"start":{"line":64,"column":21},"end":{"line":64,"column":46}},{"start":{"line":64,"column":50},"end":{"line":64,"column":null}}],"line":64},"12":{"loc":{"start":{"line":65,"column":16},"end":{"line":65,"column":79}},"type":"binary-expr","locations":[{"start":{"line":65,"column":16},"end":{"line":65,"column":30}},{"start":{"line":65,"column":34},"end":{"line":65,"column":51}},{"start":{"line":65,"column":55},"end":{"line":65,"column":70}},{"start":{"line":65,"column":74},"end":{"line":65,"column":79}}],"line":65},"13":{"loc":{"start":{"line":75,"column":2},"end":{"line":77,"column":null}},"type":"if","locations":[{"start":{"line":75,"column":2},"end":{"line":77,"column":null}},{"start":{},"end":{}}],"line":75},"14":{"loc":{"start":{"line":79,"column":14},"end":{"line":79,"column":50}},"type":"binary-expr","locations":[{"start":{"line":79,"column":14},"end":{"line":79,"column":44}},{"start":{"line":79,"column":48},"end":{"line":79,"column":50}}],"line":79},"15":{"loc":{"start":{"line":86,"column":2},"end":{"line":88,"column":null}},"type":"if","locations":[{"start":{"line":86,"column":2},"end":{"line":88,"column":null}},{"start":{},"end":{}}],"line":86},"16":{"loc":{"start":{"line":94,"column":2},"end":{"line":96,"column":null}},"type":"if","locations":[{"start":{"line":94,"column":2},"end":{"line":96,"column":null}},{"start":{},"end":{}}],"line":94},"17":{"loc":{"start":{"line":99,"column":9},"end":{"line":99,"column":86}},"type":"cond-expr","locations":[{"start":{"line":99,"column":33},"end":{"line":99,"column":43}},{"start":{"line":99,"column":46},"end":{"line":99,"column":86}}],"line":99},"18":{"loc":{"start":{"line":107,"column":2},"end":{"line":109,"column":null}},"type":"if","locations":[{"start":{"line":107,"column":2},"end":{"line":109,"column":null}},{"start":{},"end":{}}],"line":107},"19":{"loc":{"start":{"line":107,"column":6},"end":{"line":107,"column":25}},"type":"binary-expr","locations":[{"start":{"line":107,"column":6},"end":{"line":107,"column":11}},{"start":{"line":107,"column":15},"end":{"line":107,"column":25}}],"line":107},"20":{"loc":{"start":{"line":111,"column":2},"end":{"line":113,"column":null}},"type":"if","locations":[{"start":{"line":111,"column":2},"end":{"line":113,"column":null}},{"start":{},"end":{}}],"line":111},"21":{"loc":{"start":{"line":115,"column":43},"end":{"line":115,"column":82}},"type":"binary-expr","locations":[{"start":{"line":115,"column":43},"end":{"line":115,"column":56}},{"start":{"line":115,"column":60},"end":{"line":115,"column":76}},{"start":{"line":115,"column":80},"end":{"line":115,"column":82}}],"line":115},"22":{"loc":{"start":{"line":120,"column":2},"end":{"line":122,"column":null}},"type":"if","locations":[{"start":{"line":120,"column":2},"end":{"line":122,"column":null}},{"start":{},"end":{}}],"line":120},"23":{"loc":{"start":{"line":120,"column":6},"end":{"line":120,"column":25}},"type":"binary-expr","locations":[{"start":{"line":120,"column":6},"end":{"line":120,"column":11}},{"start":{"line":120,"column":15},"end":{"line":120,"column":25}}],"line":120},"24":{"loc":{"start":{"line":124,"column":2},"end":{"line":126,"column":null}},"type":"if","locations":[{"start":{"line":124,"column":2},"end":{"line":126,"column":null}},{"start":{},"end":{}}],"line":124},"25":{"loc":{"start":{"line":128,"column":56},"end":{"line":128,"column":95}},"type":"binary-expr","locations":[{"start":{"line":128,"column":56},"end":{"line":128,"column":69}},{"start":{"line":128,"column":73},"end":{"line":128,"column":89}},{"start":{"line":128,"column":93},"end":{"line":128,"column":95}}],"line":128},"26":{"loc":{"start":{"line":131,"column":9},"end":{"line":131,"column":52}},"type":"binary-expr","locations":[{"start":{"line":131,"column":9},"end":{"line":131,"column":28}},{"start":{"line":131,"column":32},"end":{"line":131,"column":52}}],"line":131},"27":{"loc":{"start":{"line":135,"column":2},"end":{"line":137,"column":null}},"type":"if","locations":[{"start":{"line":135,"column":2},"end":{"line":137,"column":null}},{"start":{},"end":{}}],"line":135},"28":{"loc":{"start":{"line":142,"column":4},"end":{"line":144,"column":null}},"type":"if","locations":[{"start":{"line":142,"column":4},"end":{"line":144,"column":null}},{"start":{},"end":{}}],"line":142},"29":{"loc":{"start":{"line":143,"column":13},"end":{"line":143,"column":88}},"type":"binary-expr","locations":[{"start":{"line":143,"column":13},"end":{"line":143,"column":72}},{"start":{"line":143,"column":76},"end":{"line":143,"column":88}}],"line":143}},"s":{"0":3,"1":3,"2":18,"3":3,"4":38,"5":0,"6":38,"7":24,"8":13,"9":11,"10":11,"11":0,"12":24,"13":7,"14":0,"15":7,"16":7,"17":7,"18":8,"19":8,"20":1,"21":7,"22":7,"23":8,"24":7,"25":3,"26":0,"27":3,"28":3,"29":3,"30":3,"31":1,"32":2,"33":3,"34":3,"35":1,"36":6,"37":2,"38":2,"39":2,"40":10,"41":36,"42":1,"43":35,"44":4,"45":31,"46":36,"47":7,"48":2,"49":5,"50":1,"51":4,"52":7,"53":4,"54":7,"55":19,"56":12,"57":7,"58":7,"59":28,"60":4,"61":10,"62":3},"f":{"0":18,"1":38,"2":24,"3":24,"4":7,"5":3,"6":3,"7":3,"8":3,"9":6,"10":2,"11":10,"12":36,"13":7,"14":4,"15":19,"16":10},"b":{"0":[0,38],"1":[13,11],"2":[11,0],"3":[11,11],"4":[11,0,0,0],"5":[0,7],"6":[0,8],"7":[8,0,0,0],"8":[1,7],"9":[8,8],"10":[7,0],"11":[7,7],"12":[7,1,1,1],"13":[0,3],"14":[3,0],"15":[1,2],"16":[1,2],"17":[1,1],"18":[1,35],"19":[36,35],"20":[4,31],"21":[31,0,0],"22":[2,5],"23":[7,5],"24":[1,4],"25":[4,0,0],"26":[7,4],"27":[12,7],"28":[4,24],"29":[4,0]},"meta":{"lastBranch":30,"lastFunction":17,"lastStatement":63,"seen":{"s:1:23:12:1":0,"s:14:27:14:64":1,"f:14:39:14:40":0,"s:14:51:14:63":2,"s:16:40:26:1":3,"f:28:16:28:36":1,"b:29:2:31:Infinity:undefined:undefined:undefined:undefined":0,"s:29:2:31:Infinity":4,"s:30:4:30:Infinity":5,"s:33:2:43:Infinity":6,"f:33:31:33:32":2,"b:34:4:36:Infinity:undefined:undefined:undefined:undefined":1,"s:34:4:36:Infinity":7,"s:35:6:35:Infinity":8,"b:38:4:40:Infinity:undefined:undefined:undefined:undefined":2,"s:38:4:40:Infinity":9,"b:38:8:38:13:38:17:38:42":3,"s:39:6:39:Infinity":10,"b:39:20:39:31:39:35:39:51:39:55:39:70:39:74:39:76":4,"s:42:4:42:Infinity":11,"f:43:12:43:13":3,"s:43:23:43:50":12,"f:46:16:46:42":4,"b:47:2:49:Infinity:undefined:undefined:undefined:undefined":5,"s:47:2:49:Infinity":13,"s:48:4:48:Infinity":14,"s:51:15:51:24":15,"s:52:18:52:20":16,"s:54:2:69:Infinity":17,"s:55:18:57:82":18,"b:56:8:56:Infinity:57:8:57:82":6,"b:57:15:57:27:57:31:57:48:57:52:57:68:57:72:57:74":7,"b:59:4:61:Infinity:undefined:undefined:undefined:undefined":8,"s:59:4:61:Infinity":19,"b:59:8:59:36:59:40:59:55":9,"s:60:6:60:Infinity":20,"s:63:4:63:Infinity":21,"s:64:21:66:13":22,"b:65:8:65:Infinity:66:8:66:13":10,"b:64:21:64:46:64:50:64:Infinity":11,"b:65:16:65:30:65:34:65:51:65:55:65:70:65:74:65:79":12,"s:68:4:68:Infinity":23,"s:71:2:71:Infinity":24,"f:74:16:74:44":5,"b:75:2:77:Infinity:undefined:undefined:undefined:undefined":13,"s:75:2:77:Infinity":25,"s:76:4:76:Infinity":26,"s:79:2:79:Infinity":27,"b:79:14:79:44:79:48:79:50":14,"f:82:16:82:31":6,"s:83:25:83:51":28,"s:84:26:84:53":29,"b:86:2:88:Infinity:undefined:undefined:undefined:undefined":15,"s:86:2:88:Infinity":30,"s:87:4:87:Infinity":31,"s:90:2:90:Infinity":32,"f:90:30:90:31":7,"s:90:46:90:82":33,"f:93:16:93:41":8,"b:94:2:96:Infinity:undefined:undefined:undefined:undefined":16,"s:94:2:96:Infinity":34,"s:95:4:95:Infinity":35,"f:95:27:95:28":9,"s:95:39:95:65":36,"s:98:21:98:60":37,"s:99:2:99:Infinity":38,"b:99:33:99:43:99:46:99:86":17,"f:102:16:102:50":10,"s:103:2:103:Infinity":39,"f:103:48:103:49":11,"s:103:60:103:86":40,"f:106:16:106:31":12,"b:107:2:109:Infinity:undefined:undefined:undefined:undefined":18,"s:107:2:109:Infinity":41,"b:107:6:107:11:107:15:107:25":19,"s:108:4:108:Infinity":42,"b:111:2:113:Infinity:undefined:undefined:undefined:undefined":20,"s:111:2:113:Infinity":43,"s:112:4:112:Infinity":44,"s:115:22:115:83":45,"b:115:43:115:56:115:60:115:76:115:80:115:82":21,"s:116:2:116:Infinity":46,"f:119:16:119:31":13,"b:120:2:122:Infinity:undefined:undefined:undefined:undefined":22,"s:120:2:122:Infinity":47,"b:120:6:120:11:120:15:120:25":23,"s:121:4:121:Infinity":48,"b:124:2:126:Infinity:undefined:undefined:undefined:undefined":24,"s:124:2:126:Infinity":49,"s:125:4:125:Infinity":50,"s:128:29:128:96":51,"b:128:56:128:69:128:73:128:89:128:93:128:95":25,"s:129:21:129:82":52,"f:129:45:129:46":14,"s:129:56:129:81":53,"s:131:2:131:Infinity":54,"b:131:9:131:28:131:32:131:52":26,"f:134:16:134:31":15,"b:135:2:137:Infinity:undefined:undefined:undefined:undefined":27,"s:135:2:137:Infinity":55,"s:136:4:136:Infinity":56,"s:139:22:139:108":57,"s:141:2:145:Infinity":58,"b:142:4:144:Infinity:undefined:undefined:undefined:undefined":28,"s:142:4:144:Infinity":59,"s:143:6:143:Infinity":60,"b:143:13:143:72:143:76:143:88":29,"f:143:26:143:27":16,"s:143:38:143:64":61,"s:147:2:147:Infinity":62},"fnNames":{}}}
}
