{"/home/vicente/Escritorio/Archivos_Duoc/SistemaGestionAsistencia/backend/src/db.js": {"path":"/home/vicente/Escritorio/Archivos_Duoc/SistemaGestionAsistencia/backend/src/db.js","statementMap":{"0":{"start":{"line":1,"column":17},"end":{"line":1,"column":30}},"1":{"start":{"line":2,"column":15},"end":{"line":2,"column":32}},"2":{"start":{"line":3,"column":13},"end":{"line":3,"column":28}},"3":{"start":{"line":5,"column":0},"end":{"line":5,"column":66}},"4":{"start":{"line":7,"column":20},"end":{"line":15,"column":1}},"5":{"start":{"line":17,"column":13},"end":{"line":29,"column":6}},"6":{"start":{"line":31,"column":0},"end":{"line":33,"column":3}},"7":{"start":{"line":32,"column":4},"end":{"line":32,"column":68}},"8":{"start":{"line":35,"column":0},"end":{"line":37,"column":3}},"9":{"start":{"line":36,"column":4},"end":{"line":36,"column":45}},"10":{"start":{"line":39,"column":0},"end":{"line":55,"column":2}},"11":{"start":{"line":41,"column":20},"end":{"line":41,"column":21}},"12":{"start":{"line":42,"column":30},"end":{"line":42,"column":70}},"13":{"start":{"line":42,"column":56},"end":{"line":42,"column":69}},"14":{"start":{"line":43,"column":22},"end":{"line":43,"column":32}},"15":{"start":{"line":44,"column":20},"end":{"line":44,"column":59}},"16":{"start":{"line":45,"column":24},"end":{"line":45,"column":42}},"17":{"start":{"line":46,"column":8},"end":{"line":48,"column":9}},"18":{"start":{"line":47,"column":12},"end":{"line":47,"column":81}},"19":{"start":{"line":49,"column":21},"end":{"line":49,"column":29}},"20":{"start":{"line":50,"column":8},"end":{"line":50,"column":41}},"21":{"start":{"line":51,"column":8},"end":{"line":51,"column":60}},"22":{"start":{"line":52,"column":8},"end":{"line":52,"column":34}}},"fnMap":{"0":{"name":"(anonymous_0)","decl":{"start":{"line":31,"column":17},"end":{"line":31,"column":18}},"loc":{"start":{"line":31,"column":26},"end":{"line":33,"column":1}},"line":31},"1":{"name":"(anonymous_1)","decl":{"start":{"line":35,"column":19},"end":{"line":35,"column":20}},"loc":{"start":{"line":35,"column":25},"end":{"line":37,"column":1}},"line":35},"2":{"name":"(anonymous_2)","decl":{"start":{"line":40,"column":11},"end":{"line":40,"column":12}},"loc":{"start":{"line":40,"column":35},"end":{"line":53,"column":5}},"line":40},"3":{"name":"(anonymous_3)","decl":{"start":{"line":42,"column":50},"end":{"line":42,"column":51}},"loc":{"start":{"line":42,"column":56},"end":{"line":42,"column":69}},"line":42}},"branchMap":{"0":{"loc":{"start":{"line":17,"column":13},"end":{"line":29,"column":6}},"type":"cond-expr","locations":[{"start":{"line":18,"column":6},"end":{"line":21,"column":6}},{"start":{"line":22,"column":6},"end":{"line":29,"column":6}}],"line":17},"1":{"loc":{"start":{"line":24,"column":18},"end":{"line":24,"column":53}},"type":"binary-expr","locations":[{"start":{"line":24,"column":18},"end":{"line":24,"column":45}},{"start":{"line":24,"column":49},"end":{"line":24,"column":53}}],"line":24},"2":{"loc":{"start":{"line":46,"column":8},"end":{"line":48,"column":9}},"type":"if","locations":[{"start":{"line":46,"column":8},"end":{"line":48,"column":9}},{"start":{},"end":{}}],"line":46},"3":{"loc":{"start":{"line":51,"column":24},"end":{"line":51,"column":59}},"type":"cond-expr","locations":[{"start":{"line":51,"column":42},"end":{"line":51,"column":52}},{"start":{"line":51,"column":55},"end":{"line":51,"column":59}}],"line":51}},"s":{"0":1,"1":1,"2":1,"3":1,"4":1,"5":1,"6":1,"7":0,"8":1,"9":0,"10":1,"11":0,"12":0,"13":0,"14":0,"15":0,"16":0,"17":0,"18":0,"19":0,"20":0,"21":0,"22":0},"f":{"0":0,"1":0,"2":0,"3":0},"b":{"0":[0,1],"1":[1,1],"2":[0,0],"3":[0,0]},"_coverageSchema":"1a1c01bbd47fc00a2c39e90264f33305004495a9","hash":"8a3478e5a6ba3d7859121d73325ca55d09a773ee"}
,"/home/vicente/Escritorio/Archivos_Duoc/SistemaGestionAsistencia/backend/src/middleware/auth.js": {"path":"/home/vicente/Escritorio/Archivos_Duoc/SistemaGestionAsistencia/backend/src/middleware/auth.js","statementMap":{"0":{"start":{"line":1,"column":12},"end":{"line":1,"column":35}},"1":{"start":{"line":2,"column":13},"end":{"line":2,"column":29}},"2":{"start":{"line":3,"column":72},"end":{"line":3,"column":109}},"3":{"start":{"line":5,"column":0},"end":{"line":7,"column":1}},"4":{"start":{"line":6,"column":4},"end":{"line":6,"column":130}},"5":{"start":{"line":8,"column":19},"end":{"line":8,"column":41}},"6":{"start":{"line":14,"column":23},"end":{"line":14,"column":48}},"7":{"start":{"line":16,"column":4},"end":{"line":18,"column":5}},"8":{"start":{"line":17,"column":8},"end":{"line":17,"column":87}},"9":{"start":{"line":20,"column":18},"end":{"line":20,"column":42}},"10":{"start":{"line":21,"column":4},"end":{"line":48,"column":5}},"11":{"start":{"line":22,"column":24},"end":{"line":22,"column":53}},"12":{"start":{"line":23,"column":8},"end":{"line":45,"column":74}},"13":{"start":{"line":24,"column":27},"end":{"line":27,"column":13}},"14":{"start":{"line":29,"column":12},"end":{"line":31,"column":13}},"15":{"start":{"line":30,"column":16},"end":{"line":30,"column":79}},"16":{"start":{"line":33,"column":25},"end":{"line":33,"column":32}},"17":{"start":{"line":34,"column":29},"end":{"line":34,"column":81}},"18":{"start":{"line":36,"column":12},"end":{"line":42,"column":14}},"19":{"start":{"line":44,"column":12},"end":{"line":44,"column":19}},"20":{"start":{"line":45,"column":28},"end":{"line":45,"column":72}},"21":{"start":{"line":47,"column":8},"end":{"line":47,"column":101}},"22":{"start":{"line":56,"column":4},"end":{"line":64,"column":6}},"23":{"start":{"line":57,"column":8},"end":{"line":59,"column":9}},"24":{"start":{"line":58,"column":12},"end":{"line":58,"column":69}},"25":{"start":{"line":60,"column":8},"end":{"line":62,"column":9}},"26":{"start":{"line":61,"column":12},"end":{"line":61,"column":109}},"27":{"start":{"line":63,"column":8},"end":{"line":63,"column":15}},"28":{"start":{"line":68,"column":4},"end":{"line":80,"column":6}},"29":{"start":{"line":69,"column":8},"end":{"line":71,"column":9}},"30":{"start":{"line":70,"column":12},"end":{"line":70,"column":69}},"31":{"start":{"line":73,"column":24},"end":{"line":73,"column":76}},"32":{"start":{"line":75,"column":8},"end":{"line":77,"column":9}},"33":{"start":{"line":75,"column":42},"end":{"line":75,"column":83}},"34":{"start":{"line":76,"column":12},"end":{"line":76,"column":107}},"35":{"start":{"line":79,"column":8},"end":{"line":79,"column":15}},"36":{"start":{"line":84,"column":4},"end":{"line":98,"column":6}},"37":{"start":{"line":85,"column":8},"end":{"line":87,"column":9}},"38":{"start":{"line":86,"column":12},"end":{"line":86,"column":69}},"39":{"start":{"line":89,"column":8},"end":{"line":91,"column":9}},"40":{"start":{"line":90,"column":12},"end":{"line":90,"column":100}},"41":{"start":{"line":93,"column":8},"end":{"line":95,"column":9}},"42":{"start":{"line":94,"column":12},"end":{"line":94,"column":108}},"43":{"start":{"line":97,"column":8},"end":{"line":97,"column":15}},"44":{"start":{"line":101,"column":0},"end":{"line":101,"column":88}}},"fnMap":{"0":{"name":"authMiddleware","decl":{"start":{"line":13,"column":9},"end":{"line":13,"column":23}},"loc":{"start":{"line":13,"column":40},"end":{"line":49,"column":1}},"line":13},"1":{"name":"(anonymous_1)","decl":{"start":{"line":23,"column":9},"end":{"line":23,"column":10}},"loc":{"start":{"line":23,"column":21},"end":{"line":45,"column":9}},"line":23},"2":{"name":"(anonymous_2)","decl":{"start":{"line":45,"column":19},"end":{"line":45,"column":20}},"loc":{"start":{"line":45,"column":28},"end":{"line":45,"column":72}},"line":45},"3":{"name":"requireRole","decl":{"start":{"line":55,"column":9},"end":{"line":55,"column":20}},"loc":{"start":{"line":55,"column":31},"end":{"line":65,"column":1}},"line":55},"4":{"name":"(anonymous_4)","decl":{"start":{"line":56,"column":11},"end":{"line":56,"column":12}},"loc":{"start":{"line":56,"column":31},"end":{"line":64,"column":5}},"line":56},"5":{"name":"requirePermission","decl":{"start":{"line":67,"column":9},"end":{"line":67,"column":26}},"loc":{"start":{"line":67,"column":43},"end":{"line":81,"column":1}},"line":67},"6":{"name":"(anonymous_6)","decl":{"start":{"line":68,"column":11},"end":{"line":68,"column":12}},"loc":{"start":{"line":68,"column":31},"end":{"line":80,"column":5}},"line":68},"7":{"name":"(anonymous_7)","decl":{"start":{"line":75,"column":26},"end":{"line":75,"column":27}},"loc":{"start":{"line":75,"column":42},"end":{"line":75,"column":83}},"line":75},"8":{"name":"requireModuleWrite","decl":{"start":{"line":83,"column":9},"end":{"line":83,"column":27}},"loc":{"start":{"line":83,"column":40},"end":{"line":99,"column":1}},"line":83},"9":{"name":"(anonymous_9)","decl":{"start":{"line":84,"column":11},"end":{"line":84,"column":12}},"loc":{"start":{"line":84,"column":31},"end":{"line":98,"column":5}},"line":84}},"branchMap":{"0":{"loc":{"start":{"line":5,"column":0},"end":{"line":7,"column":1}},"type":"if","locations":[{"start":{"line":5,"column":0},"end":{"line":7,"column":1}},{"start":{},"end":{}}],"line":5},"1":{"loc":{"start":{"line":16,"column":4},"end":{"line":18,"column":5}},"type":"if","locations":[{"start":{"line":16,"column":4},"end":{"line":18,"column":5}},{"start":{},"end":{}}],"line":16},"2":{"loc":{"start":{"line":16,"column":8},"end":{"line":16,"column":56}},"type":"binary-expr","locations":[{"start":{"line":16,"column":8},"end":{"line":16,"column":19}},{"start":{"line":16,"column":23},"end":{"line":16,"column":56}}],"line":16},"3":{"loc":{"start":{"line":29,"column":12},"end":{"line":31,"column":13}},"type":"if","locations":[{"start":{"line":29,"column":12},"end":{"line":31,"column":13}},{"start":{},"end":{}}],"line":29},"4":{"loc":{"start":{"line":29,"column":16},"end":{"line":29,"column":52}},"type":"binary-expr","locations":[{"start":{"line":29,"column":16},"end":{"line":29,"column":33}},{"start":{"line":29,"column":37},"end":{"line":29,"column":52}}],"line":29},"5":{"loc":{"start":{"line":57,"column":8},"end":{"line":59,"column":9}},"type":"if","locations":[{"start":{"line":57,"column":8},"end":{"line":59,"column":9}},{"start":{},"end":{}}],"line":57},"6":{"loc":{"start":{"line":60,"column":8},"end":{"line":62,"column":9}},"type":"if","locations":[{"start":{"line":60,"column":8},"end":{"line":62,"column":9}},{"start":{},"end":{}}],"line":60},"7":{"loc":{"start":{"line":69,"column":8},"end":{"line":71,"column":9}},"type":"if","locations":[{"start":{"line":69,"column":8},"end":{"line":71,"column":9}},{"start":{},"end":{}}],"line":69},"8":{"loc":{"start":{"line":73,"column":24},"end":{"line":73,"column":76}},"type":"cond-expr","locations":[{"start":{"line":73,"column":49},"end":{"line":73,"column":60}},{"start":{"line":73,"column":63},"end":{"line":73,"column":76}}],"line":73},"9":{"loc":{"start":{"line":75,"column":8},"end":{"line":77,"column":9}},"type":"if","locations":[{"start":{"line":75,"column":8},"end":{"line":77,"column":9}},{"start":{},"end":{}}],"line":75},"10":{"loc":{"start":{"line":85,"column":8},"end":{"line":87,"column":9}},"type":"if","locations":[{"start":{"line":85,"column":8},"end":{"line":87,"column":9}},{"start":{},"end":{}}],"line":85},"11":{"loc":{"start":{"line":89,"column":8},"end":{"line":91,"column":9}},"type":"if","locations":[{"start":{"line":89,"column":8},"end":{"line":91,"column":9}},{"start":{},"end":{}}],"line":89},"12":{"loc":{"start":{"line":93,"column":8},"end":{"line":95,"column":9}},"type":"if","locations":[{"start":{"line":93,"column":8},"end":{"line":95,"column":9}},{"start":{},"end":{}}],"line":93}},"s":{"0":12,"1":12,"2":12,"3":12,"4":0,"5":12,"6":5,"7":5,"8":2,"9":3,"10":3,"11":3,"12":2,"13":2,"14":2,"15":1,"16":1,"17":1,"18":1,"19":1,"20":0,"21":1,"22":9,"23":3,"24":1,"25":2,"26":1,"27":1,"28":28,"29":6,"30":1,"31":5,"32":5,"33":5,"34":2,"35":3,"36":26,"37":6,"38":1,"39":5,"40":1,"41":4,"42":2,"43":2,"44":12},"f":{"0":5,"1":2,"2":0,"3":9,"4":3,"5":28,"6":6,"7":5,"8":26,"9":6},"b":{"0":[0,12],"1":[2,3],"2":[5,4],"3":[1,1],"4":[2,1],"5":[1,2],"6":[1,1],"7":[1,5],"8":[5,0],"9":[2,3],"10":[1,5],"11":[1,4],"12":[2,2]},"_coverageSchema":"1a1c01bbd47fc00a2c39e90264f33305004495a9","hash":"f1e31ed9932748890cd2504a204928a5b0aca881"}
,"/home/vicente/Escritorio/Archivos_Duoc/SistemaGestionAsistencia/backend/src/middleware/validate.js": {"path":"/home/vicente/Escritorio/Archivos_Duoc/SistemaGestionAsistencia/backend/src/middleware/validate.js","statementMap":{"0":{"start":{"line":1,"column":14},"end":{"line":1,"column":28}},"1":{"start":{"line":3,"column":16},"end":{"line":69,"column":1}},"2":{"start":{"line":72,"column":2},"end":{"line":84,"column":4}},"3":{"start":{"line":73,"column":19},"end":{"line":73,"column":38}},"4":{"start":{"line":74,"column":4},"end":{"line":74,"column":31}},"5":{"start":{"line":74,"column":17},"end":{"line":74,"column":31}},"6":{"start":{"line":76,"column":19},"end":{"line":76,"column":45}},"7":{"start":{"line":77,"column":4},"end":{"line":80,"column":5}},"8":{"start":{"line":78,"column":22},"end":{"line":78,"column":63}},"9":{"start":{"line":78,"column":53},"end":{"line":78,"column":62}},"10":{"start":{"line":79,"column":6},"end":{"line":79,"column":83}},"11":{"start":{"line":82,"column":4},"end":{"line":82,"column":27}},"12":{"start":{"line":83,"column":4},"end":{"line":83,"column":11}},"13":{"start":{"line":87,"column":0},"end":{"line":87,"column":39}}},"fnMap":{"0":{"name":"validate","decl":{"start":{"line":71,"column":9},"end":{"line":71,"column":17}},"loc":{"start":{"line":71,"column":30},"end":{"line":85,"column":1}},"line":71},"1":{"name":"(anonymous_1)","decl":{"start":{"line":72,"column":9},"end":{"line":72,"column":10}},"loc":{"start":{"line":72,"column":29},"end":{"line":84,"column":3}},"line":72},"2":{"name":"(anonymous_2)","decl":{"start":{"line":78,"column":46},"end":{"line":78,"column":47}},"loc":{"start":{"line":78,"column":53},"end":{"line":78,"column":62}},"line":78}},"branchMap":{"0":{"loc":{"start":{"line":74,"column":4},"end":{"line":74,"column":31}},"type":"if","locations":[{"start":{"line":74,"column":4},"end":{"line":74,"column":31}},{"start":{},"end":{}}],"line":74},"1":{"loc":{"start":{"line":77,"column":4},"end":{"line":80,"column":5}},"type":"if","locations":[{"start":{"line":77,"column":4},"end":{"line":80,"column":5}},{"start":{},"end":{}}],"line":77}},"s":{"0":7,"1":7,"2":14,"3":2,"4":2,"5":0,"6":2,"7":2,"8":1,"9":4,"10":1,"11":1,"12":1,"13":7},"f":{"0":14,"1":2,"2":4},"b":{"0":[0,2],"1":[1,1]},"_coverageSchema":"1a1c01bbd47fc00a2c39e90264f33305004495a9","hash":"fb2ad49e470c14227417a4c00b43087c8499ad15"}
,"/home/vicente/Escritorio/Archivos_Duoc/SistemaGestionAsistencia/backend/src/routes/anuncios.js": {"path":"/home/vicente/Escritorio/Archivos_Duoc/SistemaGestionAsistencia/backend/src/routes/anuncios.js","statementMap":{"0":{"start":{"line":1,"column":16},"end":{"line":1,"column":34}},"1":{"start":{"line":2,"column":15},"end":{"line":2,"column":31}},"2":{"start":{"line":3,"column":13},"end":{"line":3,"column":29}},"3":{"start":{"line":4,"column":18},"end":{"line":4,"column":39}},"4":{"start":{"line":5,"column":24},"end":{"line":5,"column":53}},"5":{"start":{"line":7,"column":14},"end":{"line":7,"column":61}},"6":{"start":{"line":9,"column":22},"end":{"line":13,"column":1}},"7":{"start":{"line":10,"column":14},"end":{"line":10,"column":24}},"8":{"start":{"line":11,"column":17},"end":{"line":11,"column":40}},"9":{"start":{"line":12,"column":2},"end":{"line":12,"column":78}},"10":{"start":{"line":15,"column":0},"end":{"line":33,"column":3}},"11":{"start":{"line":16,"column":17},"end":{"line":16,"column":37}},"12":{"start":{"line":17,"column":2},"end":{"line":17,"column":38}},"13":{"start":{"line":17,"column":14},"end":{"line":17,"column":38}},"14":{"start":{"line":19,"column":2},"end":{"line":32,"column":3}},"15":{"start":{"line":20,"column":16},"end":{"line":20,"column":31}},"16":{"start":{"line":21,"column":19},"end":{"line":26,"column":18}},"17":{"start":{"line":27,"column":4},"end":{"line":27,"column":31}},"18":{"start":{"line":28,"column":4},"end":{"line":28,"column":19}},"19":{"start":{"line":30,"column":4},"end":{"line":30,"column":58}},"20":{"start":{"line":31,"column":4},"end":{"line":31,"column":51}},"21":{"start":{"line":35,"column":0},"end":{"line":46,"column":3}},"22":{"start":{"line":36,"column":2},"end":{"line":45,"column":3}},"23":{"start":{"line":37,"column":19},"end":{"line":41,"column":6}},"24":{"start":{"line":42,"column":4},"end":{"line":42,"column":19}},"25":{"start":{"line":44,"column":4},"end":{"line":44,"column":51}},"26":{"start":{"line":48,"column":0},"end":{"line":65,"column":3}},"27":{"start":{"line":49,"column":64},"end":{"line":49,"column":72}},"28":{"start":{"line":50,"column":2},"end":{"line":52,"column":3}},"29":{"start":{"line":51,"column":4},"end":{"line":51,"column":80}},"30":{"start":{"line":53,"column":23},"end":{"line":53,"column":57}},"31":{"start":{"line":54,"column":20},"end":{"line":54,"column":63}},"32":{"start":{"line":55,"column":2},"end":{"line":64,"column":3}},"33":{"start":{"line":56,"column":19},"end":{"line":60,"column":5}},"34":{"start":{"line":61,"column":4},"end":{"line":61,"column":79}},"35":{"start":{"line":63,"column":4},"end":{"line":63,"column":51}},"36":{"start":{"line":67,"column":0},"end":{"line":82,"column":3}},"37":{"start":{"line":68,"column":17},"end":{"line":68,"column":27}},"38":{"start":{"line":69,"column":64},"end":{"line":69,"column":72}},"39":{"start":{"line":70,"column":2},"end":{"line":81,"column":3}},"40":{"start":{"line":71,"column":4},"end":{"line":77,"column":6}},"41":{"start":{"line":78,"column":4},"end":{"line":78,"column":49}},"42":{"start":{"line":80,"column":4},"end":{"line":80,"column":51}},"43":{"start":{"line":84,"column":0},"end":{"line":92,"column":3}},"44":{"start":{"line":85,"column":17},"end":{"line":85,"column":27}},"45":{"start":{"line":86,"column":2},"end":{"line":91,"column":3}},"46":{"start":{"line":87,"column":4},"end":{"line":87,"column":64}},"47":{"start":{"line":88,"column":4},"end":{"line":88,"column":47}},"48":{"start":{"line":90,"column":4},"end":{"line":90,"column":51}},"49":{"start":{"line":94,"column":0},"end":{"line":94,"column":24}}},"fnMap":{"0":{"name":"(anonymous_0)","decl":{"start":{"line":9,"column":22},"end":{"line":9,"column":23}},"loc":{"start":{"line":9,"column":28},"end":{"line":13,"column":1}},"line":9},"1":{"name":"(anonymous_1)","decl":{"start":{"line":15,"column":16},"end":{"line":15,"column":17}},"loc":{"start":{"line":15,"column":36},"end":{"line":33,"column":1}},"line":15},"2":{"name":"(anonymous_2)","decl":{"start":{"line":35,"column":43},"end":{"line":35,"column":44}},"loc":{"start":{"line":35,"column":63},"end":{"line":46,"column":1}},"line":35},"3":{"name":"(anonymous_3)","decl":{"start":{"line":48,"column":39},"end":{"line":48,"column":40}},"loc":{"start":{"line":48,"column":59},"end":{"line":65,"column":1}},"line":48},"4":{"name":"(anonymous_4)","decl":{"start":{"line":67,"column":41},"end":{"line":67,"column":42}},"loc":{"start":{"line":67,"column":61},"end":{"line":82,"column":1}},"line":67},"5":{"name":"(anonymous_5)","decl":{"start":{"line":84,"column":44},"end":{"line":84,"column":45}},"loc":{"start":{"line":84,"column":64},"end":{"line":92,"column":1}},"line":84}},"branchMap":{"0":{"loc":{"start":{"line":17,"column":2},"end":{"line":17,"column":38}},"type":"if","locations":[{"start":{"line":17,"column":2},"end":{"line":17,"column":38}},{"start":{},"end":{}}],"line":17},"1":{"loc":{"start":{"line":50,"column":2},"end":{"line":52,"column":3}},"type":"if","locations":[{"start":{"line":50,"column":2},"end":{"line":52,"column":3}},{"start":{},"end":{}}],"line":50},"2":{"loc":{"start":{"line":50,"column":6},"end":{"line":50,"column":25}},"type":"binary-expr","locations":[{"start":{"line":50,"column":6},"end":{"line":50,"column":13}},{"start":{"line":50,"column":17},"end":{"line":50,"column":25}}],"line":50},"3":{"loc":{"start":{"line":54,"column":20},"end":{"line":54,"column":63}},"type":"cond-expr","locations":[{"start":{"line":54,"column":50},"end":{"line":54,"column":54}},{"start":{"line":54,"column":57},"end":{"line":54,"column":63}}],"line":54},"4":{"loc":{"start":{"line":59,"column":35},"end":{"line":59,"column":66}},"type":"binary-expr","locations":[{"start":{"line":59,"column":35},"end":{"line":59,"column":47}},{"start":{"line":59,"column":51},"end":{"line":59,"column":66}}],"line":59},"5":{"loc":{"start":{"line":59,"column":68},"end":{"line":59,"column":88}},"type":"binary-expr","locations":[{"start":{"line":59,"column":68},"end":{"line":59,"column":80}},{"start":{"line":59,"column":84},"end":{"line":59,"column":88}}],"line":59},"6":{"loc":{"start":{"line":76,"column":7},"end":{"line":76,"column":21}},"type":"binary-expr","locations":[{"start":{"line":76,"column":7},"end":{"line":76,"column":13}},{"start":{"line":76,"column":17},"end":{"line":76,"column":21}}],"line":76},"7":{"loc":{"start":{"line":76,"column":23},"end":{"line":76,"column":38}},"type":"binary-expr","locations":[{"start":{"line":76,"column":23},"end":{"line":76,"column":30}},{"start":{"line":76,"column":34},"end":{"line":76,"column":38}}],"line":76},"8":{"loc":{"start":{"line":76,"column":40},"end":{"line":76,"column":52}},"type":"binary-expr","locations":[{"start":{"line":76,"column":40},"end":{"line":76,"column":44}},{"start":{"line":76,"column":48},"end":{"line":76,"column":52}}],"line":76},"9":{"loc":{"start":{"line":76,"column":54},"end":{"line":76,"column":74}},"type":"binary-expr","locations":[{"start":{"line":76,"column":54},"end":{"line":76,"column":66}},{"start":{"line":76,"column":70},"end":{"line":76,"column":74}}],"line":76},"10":{"loc":{"start":{"line":76,"column":76},"end":{"line":76,"column":96}},"type":"binary-expr","locations":[{"start":{"line":76,"column":76},"end":{"line":76,"column":88}},{"start":{"line":76,"column":92},"end":{"line":76,"column":96}}],"line":76}},"s":{"0":1,"1":1,"2":1,"3":1,"4":1,"5":1,"6":1,"7":3,"8":3,"9":3,"10":1,"11":2,"12":2,"13":0,"14":2,"15":2,"16":2,"17":1,"18":1,"19":1,"20":1,"21":1,"22":1,"23":1,"24":1,"25":0,"26":1,"27":2,"28":2,"29":1,"30":1,"31":1,"32":1,"33":1,"34":1,"35":0,"36":1,"37":1,"38":1,"39":1,"40":1,"41":1,"42":0,"43":1,"44":1,"45":1,"46":1,"47":1,"48":0,"49":1},"f":{"0":3,"1":2,"2":1,"3":2,"4":1,"5":1},"b":{"0":[0,2],"1":[1,1],"2":[2,1],"3":[1,0],"4":[1,1],"5":[1,1],"6":[1,0],"7":[1,0],"8":[1,1],"9":[1,1],"10":[1,1]},"_coverageSchema":"1a1c01bbd47fc00a2c39e90264f33305004495a9","hash":"e56e6325dcd0aebfe380bf33a0fad8570bd2aedc"}
,"/home/vicente/Escritorio/Archivos_Duoc/SistemaGestionAsistencia/backend/src/routes/asistencia.js": {"path":"/home/vicente/Escritorio/Archivos_Duoc/SistemaGestionAsistencia/backend/src/routes/asistencia.js","statementMap":{"0":{"start":{"line":1,"column":16},"end":{"line":1,"column":34}},"1":{"start":{"line":2,"column":15},"end":{"line":2,"column":31}},"2":{"start":{"line":3,"column":13},"end":{"line":3,"column":29}},"3":{"start":{"line":4,"column":13},"end":{"line":4,"column":28}},"4":{"start":{"line":5,"column":28},"end":{"line":5,"column":58}},"5":{"start":{"line":6,"column":50},"end":{"line":6,"column":79}},"6":{"start":{"line":7,"column":21},"end":{"line":7,"column":54}},"7":{"start":{"line":10,"column":37},"end":{"line":10,"column":76}},"8":{"start":{"line":13,"column":0},"end":{"line":38,"column":3}},"9":{"start":{"line":14,"column":22},"end":{"line":14,"column":32}},"10":{"start":{"line":15,"column":20},"end":{"line":15,"column":29}},"11":{"start":{"line":16,"column":16},"end":{"line":16,"column":26}},"12":{"start":{"line":17,"column":17},"end":{"line":17,"column":42}},"13":{"start":{"line":18,"column":21},"end":{"line":20,"column":18}},"14":{"start":{"line":21,"column":23},"end":{"line":21,"column":42}},"15":{"start":{"line":23,"column":2},"end":{"line":37,"column":3}},"16":{"start":{"line":24,"column":19},"end":{"line":33,"column":5}},"17":{"start":{"line":34,"column":4},"end":{"line":34,"column":19}},"18":{"start":{"line":36,"column":4},"end":{"line":36,"column":51}},"19":{"start":{"line":41,"column":0},"end":{"line":81,"column":3}},"20":{"start":{"line":42,"column":49},"end":{"line":42,"column":57}},"21":{"start":{"line":43,"column":2},"end":{"line":80,"column":3}},"22":{"start":{"line":44,"column":22},"end":{"line":44,"column":51}},"23":{"start":{"line":46,"column":19},"end":{"line":53,"column":5}},"24":{"start":{"line":56,"column":4},"end":{"line":71,"column":5}},"25":{"start":{"line":57,"column":32},"end":{"line":60,"column":7}},"26":{"start":{"line":62,"column":6},"end":{"line":70,"column":7}},"27":{"start":{"line":64,"column":8},"end":{"line":69,"column":11}},"28":{"start":{"line":73,"column":4},"end":{"line":77,"column":7}},"29":{"start":{"line":79,"column":4},"end":{"line":79,"column":51}},"30":{"start":{"line":84,"column":0},"end":{"line":105,"column":3}},"31":{"start":{"line":85,"column":17},"end":{"line":85,"column":27}},"32":{"start":{"line":86,"column":53},"end":{"line":86,"column":61}},"33":{"start":{"line":87,"column":24},"end":{"line":87,"column":37}},"34":{"start":{"line":89,"column":4},"end":{"line":91,"column":12}},"35":{"start":{"line":92,"column":2},"end":{"line":104,"column":3}},"36":{"start":{"line":93,"column":4},"end":{"line":100,"column":6}},"37":{"start":{"line":101,"column":4},"end":{"line":101,"column":65}},"38":{"start":{"line":103,"column":4},"end":{"line":103,"column":51}},"39":{"start":{"line":108,"column":0},"end":{"line":126,"column":3}},"40":{"start":{"line":109,"column":17},"end":{"line":109,"column":27}},"41":{"start":{"line":110,"column":27},"end":{"line":110,"column":35}},"42":{"start":{"line":111,"column":2},"end":{"line":113,"column":3}},"43":{"start":{"line":112,"column":4},"end":{"line":112,"column":76}},"44":{"start":{"line":114,"column":2},"end":{"line":125,"column":3}},"45":{"start":{"line":116,"column":6},"end":{"line":116,"column":69}},"46":{"start":{"line":117,"column":22},"end":{"line":117,"column":54}},"47":{"start":{"line":118,"column":4},"end":{"line":121,"column":6}},"48":{"start":{"line":122,"column":4},"end":{"line":122,"column":68}},"49":{"start":{"line":124,"column":4},"end":{"line":124,"column":51}},"50":{"start":{"line":129,"column":0},"end":{"line":140,"column":3}},"51":{"start":{"line":130,"column":34},"end":{"line":130,"column":44}},"52":{"start":{"line":131,"column":2},"end":{"line":139,"column":3}},"53":{"start":{"line":132,"column":4},"end":{"line":135,"column":6}},"54":{"start":{"line":136,"column":4},"end":{"line":136,"column":50}},"55":{"start":{"line":138,"column":4},"end":{"line":138,"column":51}},"56":{"start":{"line":143,"column":0},"end":{"line":184,"column":3}},"57":{"start":{"line":144,"column":2},"end":{"line":183,"column":3}},"58":{"start":{"line":145,"column":21},"end":{"line":145,"column":37}},"59":{"start":{"line":146,"column":26},"end":{"line":146,"column":67}},"60":{"start":{"line":147,"column":17},"end":{"line":147,"column":60}},"61":{"start":{"line":148,"column":18},"end":{"line":148,"column":84}},"62":{"start":{"line":150,"column":4},"end":{"line":170,"column":5}},"63":{"start":{"line":151,"column":21},"end":{"line":151,"column":39}},"64":{"start":{"line":152,"column":26},"end":{"line":157,"column":8}},"65":{"start":{"line":158,"column":20},"end":{"line":158,"column":52}},"66":{"start":{"line":160,"column":21},"end":{"line":168,"column":25}},"67":{"start":{"line":169,"column":6},"end":{"line":169,"column":96}},"68":{"start":{"line":172,"column":19},"end":{"line":179,"column":10}},"69":{"start":{"line":180,"column":4},"end":{"line":180,"column":19}},"70":{"start":{"line":182,"column":4},"end":{"line":182,"column":51}},"71":{"start":{"line":187,"column":0},"end":{"line":240,"column":3}},"72":{"start":{"line":188,"column":22},"end":{"line":188,"column":32}},"73":{"start":{"line":189,"column":2},"end":{"line":239,"column":3}},"74":{"start":{"line":190,"column":21},"end":{"line":190,"column":37}},"75":{"start":{"line":191,"column":26},"end":{"line":191,"column":67}},"76":{"start":{"line":192,"column":17},"end":{"line":192,"column":60}},"77":{"start":{"line":193,"column":18},"end":{"line":193,"column":84}},"78":{"start":{"line":195,"column":22},"end":{"line":195,"column":48}},"79":{"start":{"line":196,"column":19},"end":{"line":196,"column":21}},"80":{"start":{"line":198,"column":4},"end":{"line":201,"column":5}},"81":{"start":{"line":199,"column":6},"end":{"line":199,"column":43}},"82":{"start":{"line":200,"column":6},"end":{"line":200,"column":27}},"83":{"start":{"line":203,"column":4},"end":{"line":223,"column":5}},"84":{"start":{"line":204,"column":21},"end":{"line":204,"column":39}},"85":{"start":{"line":205,"column":26},"end":{"line":210,"column":16}},"86":{"start":{"line":211,"column":20},"end":{"line":211,"column":52}},"87":{"start":{"line":213,"column":21},"end":{"line":221,"column":36}},"88":{"start":{"line":222,"column":6},"end":{"line":222,"column":96}},"89":{"start":{"line":225,"column":16},"end":{"line":231,"column":9}},"90":{"start":{"line":233,"column":4},"end":{"line":233,"column":54}},"91":{"start":{"line":235,"column":19},"end":{"line":235,"column":50}},"92":{"start":{"line":236,"column":4},"end":{"line":236,"column":19}},"93":{"start":{"line":238,"column":4},"end":{"line":238,"column":51}},"94":{"start":{"line":243,"column":0},"end":{"line":262,"column":3}},"95":{"start":{"line":244,"column":27},"end":{"line":244,"column":37}},"96":{"start":{"line":245,"column":2},"end":{"line":261,"column":3}},"97":{"start":{"line":246,"column":19},"end":{"line":257,"column":5}},"98":{"start":{"line":258,"column":4},"end":{"line":258,"column":19}},"99":{"start":{"line":260,"column":4},"end":{"line":260,"column":51}},"100":{"start":{"line":265,"column":0},"end":{"line":322,"column":3}},"101":{"start":{"line":266,"column":22},"end":{"line":266,"column":32}},"102":{"start":{"line":267,"column":2},"end":{"line":321,"column":3}},"103":{"start":{"line":268,"column":19},"end":{"line":294,"column":5}},"104":{"start":{"line":296,"column":4},"end":{"line":300,"column":5}},"105":{"start":{"line":297,"column":6},"end":{"line":299,"column":71}},"106":{"start":{"line":302,"column":15},"end":{"line":302,"column":36}},"107":{"start":{"line":303,"column":15},"end":{"line":303,"column":45}},"108":{"start":{"line":304,"column":4},"end":{"line":304,"column":52}},"109":{"start":{"line":305,"column":19},"end":{"line":305,"column":71}},"110":{"start":{"line":306,"column":24},"end":{"line":309,"column":5}},"111":{"start":{"line":310,"column":4},"end":{"line":313,"column":6}},"112":{"start":{"line":314,"column":4},"end":{"line":317,"column":6}},"113":{"start":{"line":318,"column":4},"end":{"line":318,"column":21}},"114":{"start":{"line":320,"column":4},"end":{"line":320,"column":51}},"115":{"start":{"line":325,"column":0},"end":{"line":372,"column":3}},"116":{"start":{"line":326,"column":2},"end":{"line":371,"column":3}},"117":{"start":{"line":327,"column":19},"end":{"line":350,"column":10}},"118":{"start":{"line":352,"column":4},"end":{"line":354,"column":5}},"119":{"start":{"line":353,"column":6},"end":{"line":353,"column":75}},"120":{"start":{"line":356,"column":15},"end":{"line":356,"column":36}},"121":{"start":{"line":357,"column":15},"end":{"line":357,"column":45}},"122":{"start":{"line":358,"column":4},"end":{"line":358,"column":60}},"123":{"start":{"line":359,"column":19},"end":{"line":359,"column":71}},"124":{"start":{"line":360,"column":4},"end":{"line":363,"column":6}},"125":{"start":{"line":364,"column":4},"end":{"line":367,"column":6}},"126":{"start":{"line":368,"column":4},"end":{"line":368,"column":21}},"127":{"start":{"line":370,"column":4},"end":{"line":370,"column":51}},"128":{"start":{"line":375,"column":0},"end":{"line":412,"column":3}},"129":{"start":{"line":376,"column":2},"end":{"line":411,"column":3}},"130":{"start":{"line":377,"column":19},"end":{"line":390,"column":10}},"131":{"start":{"line":392,"column":4},"end":{"line":394,"column":5}},"132":{"start":{"line":393,"column":6},"end":{"line":393,"column":75}},"133":{"start":{"line":396,"column":15},"end":{"line":396,"column":36}},"134":{"start":{"line":397,"column":15},"end":{"line":397,"column":45}},"135":{"start":{"line":398,"column":4},"end":{"line":398,"column":52}},"136":{"start":{"line":399,"column":19},"end":{"line":399,"column":71}},"137":{"start":{"line":400,"column":4},"end":{"line":403,"column":6}},"138":{"start":{"line":404,"column":4},"end":{"line":407,"column":6}},"139":{"start":{"line":408,"column":4},"end":{"line":408,"column":21}},"140":{"start":{"line":410,"column":4},"end":{"line":410,"column":51}},"141":{"start":{"line":415,"column":0},"end":{"line":472,"column":3}},"142":{"start":{"line":416,"column":27},"end":{"line":416,"column":37}},"143":{"start":{"line":417,"column":2},"end":{"line":471,"column":3}},"144":{"start":{"line":418,"column":19},"end":{"line":443,"column":5}},"145":{"start":{"line":445,"column":4},"end":{"line":449,"column":5}},"146":{"start":{"line":446,"column":6},"end":{"line":448,"column":76}},"147":{"start":{"line":451,"column":15},"end":{"line":451,"column":36}},"148":{"start":{"line":452,"column":15},"end":{"line":452,"column":45}},"149":{"start":{"line":453,"column":4},"end":{"line":453,"column":61}},"150":{"start":{"line":454,"column":19},"end":{"line":454,"column":71}},"151":{"start":{"line":456,"column":6},"end":{"line":459,"column":7}},"152":{"start":{"line":460,"column":4},"end":{"line":463,"column":6}},"153":{"start":{"line":464,"column":4},"end":{"line":467,"column":6}},"154":{"start":{"line":468,"column":4},"end":{"line":468,"column":21}},"155":{"start":{"line":470,"column":4},"end":{"line":470,"column":51}},"156":{"start":{"line":474,"column":0},"end":{"line":474,"column":24}}},"fnMap":{"0":{"name":"(anonymous_0)","decl":{"start":{"line":13,"column":63},"end":{"line":13,"column":64}},"loc":{"start":{"line":13,"column":83},"end":{"line":38,"column":1}},"line":13},"1":{"name":"(anonymous_1)","decl":{"start":{"line":41,"column":81},"end":{"line":41,"column":82}},"loc":{"start":{"line":41,"column":101},"end":{"line":81,"column":1}},"line":41},"2":{"name":"(anonymous_2)","decl":{"start":{"line":84,"column":94},"end":{"line":84,"column":95}},"loc":{"start":{"line":84,"column":114},"end":{"line":105,"column":1}},"line":84},"3":{"name":"(anonymous_3)","decl":{"start":{"line":108,"column":82},"end":{"line":108,"column":83}},"loc":{"start":{"line":108,"column":102},"end":{"line":126,"column":1}},"line":108},"4":{"name":"(anonymous_4)","decl":{"start":{"line":129,"column":73},"end":{"line":129,"column":74}},"loc":{"start":{"line":129,"column":93},"end":{"line":140,"column":1}},"line":129},"5":{"name":"(anonymous_5)","decl":{"start":{"line":143,"column":59},"end":{"line":143,"column":60}},"loc":{"start":{"line":143,"column":79},"end":{"line":184,"column":1}},"line":143},"6":{"name":"(anonymous_6)","decl":{"start":{"line":187,"column":68},"end":{"line":187,"column":69}},"loc":{"start":{"line":187,"column":88},"end":{"line":240,"column":1}},"line":187},"7":{"name":"(anonymous_7)","decl":{"start":{"line":243,"column":67},"end":{"line":243,"column":68}},"loc":{"start":{"line":243,"column":87},"end":{"line":262,"column":1}},"line":243},"8":{"name":"(anonymous_8)","decl":{"start":{"line":265,"column":67},"end":{"line":265,"column":68}},"loc":{"start":{"line":265,"column":87},"end":{"line":322,"column":1}},"line":265},"9":{"name":"(anonymous_9)","decl":{"start":{"line":325,"column":58},"end":{"line":325,"column":59}},"loc":{"start":{"line":325,"column":78},"end":{"line":372,"column":1}},"line":325},"10":{"name":"(anonymous_10)","decl":{"start":{"line":375,"column":60},"end":{"line":375,"column":61}},"loc":{"start":{"line":375,"column":80},"end":{"line":412,"column":1}},"line":375},"11":{"name":"(anonymous_11)","decl":{"start":{"line":415,"column":77},"end":{"line":415,"column":78}},"loc":{"start":{"line":415,"column":97},"end":{"line":472,"column":1}},"line":415}},"branchMap":{"0":{"loc":{"start":{"line":21,"column":23},"end":{"line":21,"column":42}},"type":"binary-expr","locations":[{"start":{"line":21,"column":23},"end":{"line":21,"column":28}},{"start":{"line":21,"column":32},"end":{"line":21,"column":42}}],"line":21},"1":{"loc":{"start":{"line":56,"column":4},"end":{"line":71,"column":5}},"type":"if","locations":[{"start":{"line":56,"column":4},"end":{"line":71,"column":5}},{"start":{},"end":{}}],"line":56},"2":{"loc":{"start":{"line":62,"column":6},"end":{"line":70,"column":7}},"type":"if","locations":[{"start":{"line":62,"column":6},"end":{"line":70,"column":7}},{"start":{},"end":{}}],"line":62},"3":{"loc":{"start":{"line":62,"column":10},"end":{"line":62,"column":55}},"type":"binary-expr","locations":[{"start":{"line":62,"column":10},"end":{"line":62,"column":25}},{"start":{"line":62,"column":29},"end":{"line":62,"column":55}}],"line":62},"4":{"loc":{"start":{"line":76,"column":10},"end":{"line":76,"column":29}},"type":"binary-expr","locations":[{"start":{"line":76,"column":10},"end":{"line":76,"column":21}},{"start":{"line":76,"column":25},"end":{"line":76,"column":29}}],"line":76},"5":{"loc":{"start":{"line":89,"column":4},"end":{"line":91,"column":12}},"type":"cond-expr","locations":[{"start":{"line":90,"column":8},"end":{"line":90,"column":48}},{"start":{"line":91,"column":8},"end":{"line":91,"column":12}}],"line":89},"6":{"loc":{"start":{"line":89,"column":4},"end":{"line":89,"column":66}},"type":"binary-expr","locations":[{"start":{"line":89,"column":4},"end":{"line":89,"column":17}},{"start":{"line":89,"column":21},"end":{"line":89,"column":66}}],"line":89},"7":{"loc":{"start":{"line":90,"column":8},"end":{"line":90,"column":48}},"type":"binary-expr","locations":[{"start":{"line":90,"column":8},"end":{"line":90,"column":40}},{"start":{"line":90,"column":44},"end":{"line":90,"column":48}}],"line":90},"8":{"loc":{"start":{"line":111,"column":2},"end":{"line":113,"column":3}},"type":"if","locations":[{"start":{"line":111,"column":2},"end":{"line":113,"column":3}},{"start":{},"end":{}}],"line":111},"9":{"loc":{"start":{"line":116,"column":6},"end":{"line":116,"column":69}},"type":"cond-expr","locations":[{"start":{"line":116,"column":34},"end":{"line":116,"column":54}},{"start":{"line":116,"column":57},"end":{"line":116,"column":69}}],"line":116},"10":{"loc":{"start":{"line":146,"column":26},"end":{"line":146,"column":67}},"type":"binary-expr","locations":[{"start":{"line":146,"column":26},"end":{"line":146,"column":48}},{"start":{"line":146,"column":52},"end":{"line":146,"column":67}}],"line":146},"11":{"loc":{"start":{"line":147,"column":29},"end":{"line":147,"column":59}},"type":"binary-expr","locations":[{"start":{"line":147,"column":29},"end":{"line":147,"column":54}},{"start":{"line":147,"column":58},"end":{"line":147,"column":59}}],"line":147},"12":{"loc":{"start":{"line":148,"column":18},"end":{"line":148,"column":84}},"type":"cond-expr","locations":[{"start":{"line":148,"column":34},"end":{"line":148,"column":80}},{"start":{"line":148,"column":83},"end":{"line":148,"column":84}}],"line":148},"13":{"loc":{"start":{"line":150,"column":4},"end":{"line":170,"column":5}},"type":"if","locations":[{"start":{"line":150,"column":4},"end":{"line":170,"column":5}},{"start":{},"end":{}}],"line":150},"14":{"loc":{"start":{"line":158,"column":27},"end":{"line":158,"column":51}},"type":"binary-expr","locations":[{"start":{"line":158,"column":27},"end":{"line":158,"column":46}},{"start":{"line":158,"column":50},"end":{"line":158,"column":51}}],"line":158},"15":{"loc":{"start":{"line":191,"column":26},"end":{"line":191,"column":67}},"type":"binary-expr","locations":[{"start":{"line":191,"column":26},"end":{"line":191,"column":48}},{"start":{"line":191,"column":52},"end":{"line":191,"column":67}}],"line":191},"16":{"loc":{"start":{"line":192,"column":29},"end":{"line":192,"column":59}},"type":"binary-expr","locations":[{"start":{"line":192,"column":29},"end":{"line":192,"column":54}},{"start":{"line":192,"column":58},"end":{"line":192,"column":59}}],"line":192},"17":{"loc":{"start":{"line":193,"column":18},"end":{"line":193,"column":84}},"type":"cond-expr","locations":[{"start":{"line":193,"column":34},"end":{"line":193,"column":80}},{"start":{"line":193,"column":83},"end":{"line":193,"column":84}}],"line":193},"18":{"loc":{"start":{"line":198,"column":4},"end":{"line":201,"column":5}},"type":"if","locations":[{"start":{"line":198,"column":4},"end":{"line":201,"column":5}},{"start":{},"end":{}}],"line":198},"19":{"loc":{"start":{"line":198,"column":8},"end":{"line":198,"column":42}},"type":"binary-expr","locations":[{"start":{"line":198,"column":8},"end":{"line":198,"column":15}},{"start":{"line":198,"column":19},"end":{"line":198,"column":42}}],"line":198},"20":{"loc":{"start":{"line":203,"column":4},"end":{"line":223,"column":5}},"type":"if","locations":[{"start":{"line":203,"column":4},"end":{"line":223,"column":5}},{"start":{},"end":{}}],"line":203},"21":{"loc":{"start":{"line":211,"column":27},"end":{"line":211,"column":51}},"type":"binary-expr","locations":[{"start":{"line":211,"column":27},"end":{"line":211,"column":46}},{"start":{"line":211,"column":50},"end":{"line":211,"column":51}}],"line":211},"22":{"loc":{"start":{"line":296,"column":4},"end":{"line":300,"column":5}},"type":"if","locations":[{"start":{"line":296,"column":4},"end":{"line":300,"column":5}},{"start":{},"end":{}}],"line":296},"23":{"loc":{"start":{"line":306,"column":31},"end":{"line":306,"column":58}},"type":"binary-expr","locations":[{"start":{"line":306,"column":31},"end":{"line":306,"column":47}},{"start":{"line":306,"column":51},"end":{"line":306,"column":58}}],"line":306},"24":{"loc":{"start":{"line":352,"column":4},"end":{"line":354,"column":5}},"type":"if","locations":[{"start":{"line":352,"column":4},"end":{"line":354,"column":5}},{"start":{},"end":{}}],"line":352},"25":{"loc":{"start":{"line":392,"column":4},"end":{"line":394,"column":5}},"type":"if","locations":[{"start":{"line":392,"column":4},"end":{"line":394,"column":5}},{"start":{},"end":{}}],"line":392},"26":{"loc":{"start":{"line":445,"column":4},"end":{"line":449,"column":5}},"type":"if","locations":[{"start":{"line":445,"column":4},"end":{"line":449,"column":5}},{"start":{},"end":{}}],"line":445},"27":{"loc":{"start":{"line":456,"column":16},"end":{"line":456,"column":52}},"type":"binary-expr","locations":[{"start":{"line":456,"column":16},"end":{"line":456,"column":36}},{"start":{"line":456,"column":40},"end":{"line":456,"column":52}}],"line":456},"28":{"loc":{"start":{"line":456,"column":64},"end":{"line":456,"column":88}},"type":"binary-expr","locations":[{"start":{"line":456,"column":64},"end":{"line":456,"column":82}},{"start":{"line":456,"column":86},"end":{"line":456,"column":88}}],"line":456}},"s":{"0":2,"1":2,"2":2,"3":2,"4":2,"5":2,"6":2,"7":2,"8":2,"9":4,"10":4,"11":4,"12":4,"13":4,"14":4,"15":4,"16":4,"17":3,"18":1,"19":2,"20":4,"21":4,"22":4,"23":4,"24":3,"25":2,"26":2,"27":1,"28":3,"29":1,"30":2,"31":3,"32":3,"33":3,"34":3,"35":3,"36":3,"37":2,"38":1,"39":2,"40":4,"41":4,"42":4,"43":1,"44":3,"45":3,"46":3,"47":3,"48":2,"49":1,"50":2,"51":2,"52":2,"53":2,"54":1,"55":1,"56":2,"57":3,"58":3,"59":3,"60":3,"61":3,"62":3,"63":1,"64":1,"65":1,"66":1,"67":1,"68":2,"69":1,"70":1,"71":2,"72":3,"73":3,"74":3,"75":3,"76":3,"77":3,"78":3,"79":3,"80":3,"81":2,"82":2,"83":3,"84":1,"85":1,"86":1,"87":1,"88":1,"89":2,"90":2,"91":2,"92":1,"93":1,"94":2,"95":2,"96":2,"97":2,"98":1,"99":1,"100":2,"101":3,"102":3,"103":3,"104":2,"105":1,"106":1,"107":1,"108":1,"109":1,"110":1,"111":1,"112":1,"113":1,"114":1,"115":2,"116":3,"117":3,"118":2,"119":1,"120":1,"121":1,"122":1,"123":1,"124":1,"125":1,"126":1,"127":1,"128":2,"129":3,"130":3,"131":2,"132":1,"133":1,"134":1,"135":1,"136":1,"137":1,"138":1,"139":1,"140":1,"141":2,"142":3,"143":3,"144":3,"145":2,"146":1,"147":1,"148":1,"149":1,"150":1,"151":1,"152":1,"153":1,"154":1,"155":1,"156":2},"f":{"0":4,"1":4,"2":3,"3":4,"4":2,"5":3,"6":3,"7":2,"8":3,"9":3,"10":3,"11":3},"b":{"0":[4,2],"1":[2,1],"2":[1,1],"3":[2,2],"4":[3,0],"5":[1,2],"6":[3,2],"7":[1,0],"8":[1,3],"9":[1,2],"10":[3,1],"11":[3,2],"12":[1,2],"13":[1,2],"14":[1,0],"15":[3,1],"16":[3,2],"17":[1,2],"18":[2,1],"19":[3,3],"20":[1,2],"21":[1,0],"22":[1,1],"23":[1,0],"24":[1,1],"25":[1,1],"26":[1,1],"27":[1,0],"28":[1,0]},"_coverageSchema":"1a1c01bbd47fc00a2c39e90264f33305004495a9","hash":"677af23cb5ccf49d01d2adcc7d00eaa41b42ca74"}
,"/home/vicente/Escritorio/Archivos_Duoc/SistemaGestionAsistencia/backend/src/routes/audit.js": {"path":"/home/vicente/Escritorio/Archivos_Duoc/SistemaGestionAsistencia/backend/src/routes/audit.js","statementMap":{"0":{"start":{"line":1,"column":16},"end":{"line":1,"column":34}},"1":{"start":{"line":2,"column":15},"end":{"line":2,"column":31}},"2":{"start":{"line":3,"column":13},"end":{"line":3,"column":29}},"3":{"start":{"line":4,"column":24},"end":{"line":4,"column":53}},"4":{"start":{"line":7,"column":0},"end":{"line":7,"column":45}},"5":{"start":{"line":20,"column":0},"end":{"line":90,"column":3}},"6":{"start":{"line":21,"column":4},"end":{"line":89,"column":5}},"7":{"start":{"line":22,"column":73},"end":{"line":22,"column":82}},"8":{"start":{"line":24,"column":8},"end":{"line":24,"column":48}},"9":{"start":{"line":25,"column":8},"end":{"line":25,"column":66}},"10":{"start":{"line":26,"column":23},"end":{"line":26,"column":41}},"11":{"start":{"line":29,"column":27},"end":{"line":29,"column":29}},"12":{"start":{"line":30,"column":23},"end":{"line":30,"column":25}},"13":{"start":{"line":32,"column":8},"end":{"line":35,"column":9}},"14":{"start":{"line":33,"column":12},"end":{"line":33,"column":49}},"15":{"start":{"line":34,"column":12},"end":{"line":34,"column":46}},"16":{"start":{"line":36,"column":8},"end":{"line":39,"column":9}},"17":{"start":{"line":37,"column":12},"end":{"line":37,"column":45}},"18":{"start":{"line":38,"column":12},"end":{"line":38,"column":46}},"19":{"start":{"line":40,"column":8},"end":{"line":43,"column":9}},"20":{"start":{"line":41,"column":12},"end":{"line":41,"column":62}},"21":{"start":{"line":42,"column":12},"end":{"line":42,"column":31}},"22":{"start":{"line":44,"column":8},"end":{"line":47,"column":9}},"23":{"start":{"line":45,"column":12},"end":{"line":45,"column":62}},"24":{"start":{"line":46,"column":12},"end":{"line":46,"column":46}},"25":{"start":{"line":49,"column":22},"end":{"line":49,"column":86}},"26":{"start":{"line":52,"column":28},"end":{"line":55,"column":9}},"27":{"start":{"line":56,"column":22},"end":{"line":56,"column":56}},"28":{"start":{"line":59,"column":27},"end":{"line":59,"column":53}},"29":{"start":{"line":60,"column":23},"end":{"line":78,"column":9}},"30":{"start":{"line":80,"column":8},"end":{"line":86,"column":11}},"31":{"start":{"line":88,"column":8},"end":{"line":88,"column":53}},"32":{"start":{"line":92,"column":0},"end":{"line":92,"column":24}}},"fnMap":{"0":{"name":"(anonymous_0)","decl":{"start":{"line":20,"column":16},"end":{"line":20,"column":17}},"loc":{"start":{"line":20,"column":36},"end":{"line":90,"column":1}},"line":20}},"branchMap":{"0":{"loc":{"start":{"line":22,"column":48},"end":{"line":22,"column":56}},"type":"default-arg","locations":[{"start":{"line":22,"column":55},"end":{"line":22,"column":56}}],"line":22},"1":{"loc":{"start":{"line":22,"column":58},"end":{"line":22,"column":68}},"type":"default-arg","locations":[{"start":{"line":22,"column":66},"end":{"line":22,"column":68}}],"line":22},"2":{"loc":{"start":{"line":24,"column":27},"end":{"line":24,"column":46}},"type":"binary-expr","locations":[{"start":{"line":24,"column":27},"end":{"line":24,"column":41}},{"start":{"line":24,"column":45},"end":{"line":24,"column":46}}],"line":24},"3":{"loc":{"start":{"line":25,"column":42},"end":{"line":25,"column":63}},"type":"binary-expr","locations":[{"start":{"line":25,"column":42},"end":{"line":25,"column":57}},{"start":{"line":25,"column":61},"end":{"line":25,"column":63}}],"line":25},"4":{"loc":{"start":{"line":32,"column":8},"end":{"line":35,"column":9}},"type":"if","locations":[{"start":{"line":32,"column":8},"end":{"line":35,"column":9}},{"start":{},"end":{}}],"line":32},"5":{"loc":{"start":{"line":36,"column":8},"end":{"line":39,"column":9}},"type":"if","locations":[{"start":{"line":36,"column":8},"end":{"line":39,"column":9}},{"start":{},"end":{}}],"line":36},"6":{"loc":{"start":{"line":40,"column":8},"end":{"line":43,"column":9}},"type":"if","locations":[{"start":{"line":40,"column":8},"end":{"line":43,"column":9}},{"start":{},"end":{}}],"line":40},"7":{"loc":{"start":{"line":44,"column":8},"end":{"line":47,"column":9}},"type":"if","locations":[{"start":{"line":44,"column":8},"end":{"line":47,"column":9}},{"start":{},"end":{}}],"line":44},"8":{"loc":{"start":{"line":49,"column":22},"end":{"line":49,"column":86}},"type":"cond-expr","locations":[{"start":{"line":49,"column":46},"end":{"line":49,"column":81}},{"start":{"line":49,"column":84},"end":{"line":49,"column":86}}],"line":49},"9":{"loc":{"start":{"line":56,"column":31},"end":{"line":56,"column":55}},"type":"binary-expr","locations":[{"start":{"line":56,"column":31},"end":{"line":56,"column":50}},{"start":{"line":56,"column":54},"end":{"line":56,"column":55}}],"line":56}},"s":{"0":1,"1":1,"2":1,"3":1,"4":1,"5":1,"6":3,"7":3,"8":3,"9":3,"10":3,"11":3,"12":3,"13":3,"14":1,"15":1,"16":3,"17":1,"18":1,"19":3,"20":1,"21":1,"22":3,"23":1,"24":1,"25":3,"26":3,"27":2,"28":2,"29":2,"30":2,"31":1,"32":1},"f":{"0":3},"b":{"0":[2],"1":[2],"2":[3,0],"3":[3,0],"4":[1,2],"5":[1,2],"6":[1,2],"7":[1,2],"8":[1,2],"9":[2,0]},"_coverageSchema":"1a1c01bbd47fc00a2c39e90264f33305004495a9","hash":"df20284bd9b10c8ca1ce77bfaa13825244544023"}
,"/home/vicente/Escritorio/Archivos_Duoc/SistemaGestionAsistencia/backend/src/routes/auth.js": {"path":"/home/vicente/Escritorio/Archivos_Duoc/SistemaGestionAsistencia/backend/src/routes/auth.js","statementMap":{"0":{"start":{"line":1,"column":16},"end":{"line":1,"column":34}},"1":{"start":{"line":2,"column":15},"end":{"line":2,"column":31}},"2":{"start":{"line":3,"column":15},"end":{"line":3,"column":34}},"3":{"start":{"line":4,"column":12},"end":{"line":4,"column":35}},"4":{"start":{"line":5,"column":15},"end":{"line":5,"column":32}},"5":{"start":{"line":6,"column":13},"end":{"line":6,"column":29}},"6":{"start":{"line":7,"column":18},"end":{"line":7,"column":47}},"7":{"start":{"line":8,"column":27},"end":{"line":8,"column":56}},"8":{"start":{"line":9,"column":21},"end":{"line":9,"column":46}},"9":{"start":{"line":10,"column":34},"end":{"line":10,"column":71}},"10":{"start":{"line":11,"column":21},"end":{"line":11,"column":54}},"11":{"start":{"line":13,"column":19},"end":{"line":13,"column":41}},"12":{"start":{"line":14,"column":20},"end":{"line":14,"column":25}},"13":{"start":{"line":15,"column":29},"end":{"line":15,"column":31}},"14":{"start":{"line":16,"column":23},"end":{"line":16,"column":38}},"15":{"start":{"line":19,"column":21},"end":{"line":29,"column":32}},"16":{"start":{"line":29,"column":26},"end":{"line":29,"column":32}},"17":{"start":{"line":33,"column":4},"end":{"line":33,"column":50}},"18":{"start":{"line":38,"column":14},"end":{"line":38,"column":24}},"19":{"start":{"line":39,"column":4},"end":{"line":39,"column":50}},"20":{"start":{"line":40,"column":4},"end":{"line":40,"column":13}},"21":{"start":{"line":45,"column":4},"end":{"line":49,"column":6}},"22":{"start":{"line":55,"column":0},"end":{"line":120,"column":3}},"23":{"start":{"line":56,"column":18},"end":{"line":56,"column":53}},"24":{"start":{"line":57,"column":21},"end":{"line":57,"column":38}},"25":{"start":{"line":59,"column":15},"end":{"line":59,"column":31}},"26":{"start":{"line":60,"column":22},"end":{"line":60,"column":55}},"27":{"start":{"line":62,"column":4},"end":{"line":119,"column":5}},"28":{"start":{"line":63,"column":23},"end":{"line":66,"column":9}},"29":{"start":{"line":68,"column":8},"end":{"line":71,"column":9}},"30":{"start":{"line":69,"column":12},"end":{"line":69,"column":91}},"31":{"start":{"line":70,"column":12},"end":{"line":70,"column":79}},"32":{"start":{"line":73,"column":21},"end":{"line":73,"column":28}},"33":{"start":{"line":74,"column":30},"end":{"line":74,"column":80}},"34":{"start":{"line":76,"column":8},"end":{"line":79,"column":9}},"35":{"start":{"line":77,"column":12},"end":{"line":77,"column":91}},"36":{"start":{"line":78,"column":12},"end":{"line":78,"column":79}},"37":{"start":{"line":81,"column":28},"end":{"line":81,"column":80}},"38":{"start":{"line":84,"column":28},"end":{"line":88,"column":9}},"39":{"start":{"line":91,"column":29},"end":{"line":91,"column":51}},"40":{"start":{"line":92,"column":23},"end":{"line":92,"column":41}},"41":{"start":{"line":94,"column":8},"end":{"line":98,"column":10}},"42":{"start":{"line":103,"column":8},"end":{"line":109,"column":11}},"43":{"start":{"line":111,"column":8},"end":{"line":111,"column":79}},"44":{"start":{"line":113,"column":8},"end":{"line":116,"column":11}},"45":{"start":{"line":118,"column":8},"end":{"line":118,"column":55}},"46":{"start":{"line":127,"column":0},"end":{"line":197,"column":3}},"47":{"start":{"line":128,"column":25},"end":{"line":128,"column":54}},"48":{"start":{"line":130,"column":4},"end":{"line":132,"column":5}},"49":{"start":{"line":131,"column":8},"end":{"line":131,"column":72}},"50":{"start":{"line":134,"column":15},"end":{"line":134,"column":31}},"51":{"start":{"line":135,"column":22},"end":{"line":135,"column":55}},"52":{"start":{"line":137,"column":4},"end":{"line":196,"column":5}},"53":{"start":{"line":139,"column":23},"end":{"line":145,"column":9}},"54":{"start":{"line":147,"column":8},"end":{"line":150,"column":9}},"55":{"start":{"line":148,"column":12},"end":{"line":148,"column":67}},"56":{"start":{"line":149,"column":12},"end":{"line":149,"column":95}},"57":{"start":{"line":152,"column":20},"end":{"line":152,"column":27}},"58":{"start":{"line":154,"column":8},"end":{"line":158,"column":9}},"59":{"start":{"line":155,"column":12},"end":{"line":155,"column":106}},"60":{"start":{"line":156,"column":12},"end":{"line":156,"column":67}},"61":{"start":{"line":157,"column":12},"end":{"line":157,"column":75}},"62":{"start":{"line":160,"column":28},"end":{"line":160,"column":79}},"63":{"start":{"line":163,"column":8},"end":{"line":163,"column":102}},"64":{"start":{"line":166,"column":28},"end":{"line":170,"column":9}},"65":{"start":{"line":173,"column":32},"end":{"line":173,"column":54}},"66":{"start":{"line":174,"column":23},"end":{"line":174,"column":41}},"67":{"start":{"line":176,"column":8},"end":{"line":180,"column":10}},"68":{"start":{"line":182,"column":8},"end":{"line":188,"column":11}},"69":{"start":{"line":190,"column":8},"end":{"line":193,"column":11}},"70":{"start":{"line":195,"column":8},"end":{"line":195,"column":55}},"71":{"start":{"line":203,"column":0},"end":{"line":223,"column":3}},"72":{"start":{"line":204,"column":25},"end":{"line":204,"column":54}},"73":{"start":{"line":205,"column":15},"end":{"line":205,"column":31}},"74":{"start":{"line":206,"column":22},"end":{"line":206,"column":55}},"75":{"start":{"line":208,"column":4},"end":{"line":219,"column":5}},"76":{"start":{"line":209,"column":8},"end":{"line":218,"column":9}},"77":{"start":{"line":210,"column":27},"end":{"line":213,"column":13}},"78":{"start":{"line":214,"column":30},"end":{"line":214,"column":57}},"79":{"start":{"line":215,"column":12},"end":{"line":215,"column":75}},"80":{"start":{"line":221,"column":4},"end":{"line":221,"column":59}},"81":{"start":{"line":222,"column":4},"end":{"line":222,"column":59}},"82":{"start":{"line":228,"column":0},"end":{"line":231,"column":3}},"83":{"start":{"line":229,"column":49},"end":{"line":229,"column":57}},"84":{"start":{"line":230,"column":4},"end":{"line":230,"column":64}},"85":{"start":{"line":233,"column":0},"end":{"line":233,"column":24}}},"fnMap":{"0":{"name":"(anonymous_0)","decl":{"start":{"line":29,"column":6},"end":{"line":29,"column":7}},"loc":{"start":{"line":29,"column":26},"end":{"line":29,"column":32}},"line":29},"1":{"name":"generateRefreshToken","decl":{"start":{"line":32,"column":9},"end":{"line":32,"column":29}},"loc":{"start":{"line":32,"column":32},"end":{"line":34,"column":1}},"line":32},"2":{"name":"refreshExpiresAt","decl":{"start":{"line":37,"column":9},"end":{"line":37,"column":25}},"loc":{"start":{"line":37,"column":28},"end":{"line":41,"column":1}},"line":37},"3":{"name":"getClientIp","decl":{"start":{"line":44,"column":9},"end":{"line":44,"column":20}},"loc":{"start":{"line":44,"column":26},"end":{"line":50,"column":1}},"line":44},"4":{"name":"(anonymous_4)","decl":{"start":{"line":55,"column":55},"end":{"line":55,"column":56}},"loc":{"start":{"line":55,"column":75},"end":{"line":120,"column":1}},"line":55},"5":{"name":"(anonymous_5)","decl":{"start":{"line":127,"column":24},"end":{"line":127,"column":25}},"loc":{"start":{"line":127,"column":44},"end":{"line":197,"column":1}},"line":127},"6":{"name":"(anonymous_6)","decl":{"start":{"line":203,"column":23},"end":{"line":203,"column":24}},"loc":{"start":{"line":203,"column":43},"end":{"line":223,"column":1}},"line":203},"7":{"name":"(anonymous_7)","decl":{"start":{"line":228,"column":34},"end":{"line":228,"column":35}},"loc":{"start":{"line":228,"column":48},"end":{"line":231,"column":1}},"line":228}},"branchMap":{"0":{"loc":{"start":{"line":19,"column":21},"end":{"line":29,"column":32}},"type":"cond-expr","locations":[{"start":{"line":20,"column":6},"end":{"line":28,"column":6}},{"start":{"line":29,"column":6},"end":{"line":29,"column":32}}],"line":19},"1":{"loc":{"start":{"line":46,"column":8},"end":{"line":48,"column":12}},"type":"binary-expr","locations":[{"start":{"line":46,"column":8},"end":{"line":46,"column":61}},{"start":{"line":47,"column":8},"end":{"line":47,"column":33}},{"start":{"line":48,"column":8},"end":{"line":48,"column":12}}],"line":46},"2":{"loc":{"start":{"line":60,"column":22},"end":{"line":60,"column":55}},"type":"binary-expr","locations":[{"start":{"line":60,"column":22},"end":{"line":60,"column":47}},{"start":{"line":60,"column":51},"end":{"line":60,"column":55}}],"line":60},"3":{"loc":{"start":{"line":68,"column":8},"end":{"line":71,"column":9}},"type":"if","locations":[{"start":{"line":68,"column":8},"end":{"line":71,"column":9}},{"start":{},"end":{}}],"line":68},"4":{"loc":{"start":{"line":76,"column":8},"end":{"line":79,"column":9}},"type":"if","locations":[{"start":{"line":76,"column":8},"end":{"line":79,"column":9}},{"start":{},"end":{}}],"line":76},"5":{"loc":{"start":{"line":106,"column":22},"end":{"line":106,"column":76}},"type":"cond-expr","locations":[{"start":{"line":106,"column":62},"end":{"line":106,"column":68}},{"start":{"line":106,"column":71},"end":{"line":106,"column":76}}],"line":106},"6":{"loc":{"start":{"line":130,"column":4},"end":{"line":132,"column":5}},"type":"if","locations":[{"start":{"line":130,"column":4},"end":{"line":132,"column":5}},{"start":{},"end":{}}],"line":130},"7":{"loc":{"start":{"line":135,"column":22},"end":{"line":135,"column":55}},"type":"binary-expr","locations":[{"start":{"line":135,"column":22},"end":{"line":135,"column":47}},{"start":{"line":135,"column":51},"end":{"line":135,"column":55}}],"line":135},"8":{"loc":{"start":{"line":147,"column":8},"end":{"line":150,"column":9}},"type":"if","locations":[{"start":{"line":147,"column":8},"end":{"line":150,"column":9}},{"start":{},"end":{}}],"line":147},"9":{"loc":{"start":{"line":154,"column":8},"end":{"line":158,"column":9}},"type":"if","locations":[{"start":{"line":154,"column":8},"end":{"line":158,"column":9}},{"start":{},"end":{}}],"line":154},"10":{"loc":{"start":{"line":185,"column":22},"end":{"line":185,"column":76}},"type":"cond-expr","locations":[{"start":{"line":185,"column":62},"end":{"line":185,"column":68}},{"start":{"line":185,"column":71},"end":{"line":185,"column":76}}],"line":185},"11":{"loc":{"start":{"line":206,"column":22},"end":{"line":206,"column":55}},"type":"binary-expr","locations":[{"start":{"line":206,"column":22},"end":{"line":206,"column":47}},{"start":{"line":206,"column":51},"end":{"line":206,"column":55}}],"line":206},"12":{"loc":{"start":{"line":208,"column":4},"end":{"line":219,"column":5}},"type":"if","locations":[{"start":{"line":208,"column":4},"end":{"line":219,"column":5}},{"start":{},"end":{}}],"line":208},"13":{"loc":{"start":{"line":214,"column":30},"end":{"line":214,"column":57}},"type":"binary-expr","locations":[{"start":{"line":214,"column":30},"end":{"line":214,"column":49}},{"start":{"line":214,"column":53},"end":{"line":214,"column":57}}],"line":214}},"s":{"0":1,"1":1,"2":1,"3":1,"4":1,"5":1,"6":1,"7":1,"8":1,"9":1,"10":1,"11":1,"12":1,"13":1,"14":1,"15":1,"16":0,"17":2,"18":2,"19":2,"20":2,"21":7,"22":1,"23":3,"24":3,"25":3,"26":3,"27":3,"28":3,"29":3,"30":1,"31":1,"32":2,"33":2,"34":2,"35":1,"36":1,"37":1,"38":1,"39":1,"40":1,"41":1,"42":1,"43":1,"44":1,"45":0,"46":1,"47":4,"48":4,"49":1,"50":3,"51":3,"52":3,"53":3,"54":3,"55":1,"56":1,"57":2,"58":2,"59":1,"60":1,"61":1,"62":1,"63":1,"64":1,"65":1,"66":1,"67":1,"68":1,"69":1,"70":0,"71":1,"72":1,"73":1,"74":1,"75":1,"76":1,"77":1,"78":1,"79":1,"80":1,"81":1,"82":1,"83":1,"84":1,"85":1},"f":{"0":0,"1":2,"2":2,"3":7,"4":3,"5":4,"6":1,"7":1},"b":{"0":[0,1],"1":[7,7,7],"2":[3,3],"3":[1,2],"4":[1,1],"5":[0,1],"6":[1,3],"7":[3,3],"8":[1,2],"9":[1,1],"10":[0,1],"11":[1,1],"12":[1,0],"13":[1,0]},"_coverageSchema":"1a1c01bbd47fc00a2c39e90264f33305004495a9","hash":"d430d154614e4147a5dc936e1a2635599b5baed7"}
,"/home/vicente/Escritorio/Archivos_Duoc/SistemaGestionAsistencia/backend/src/routes/cursos.js": {"path":"/home/vicente/Escritorio/Archivos_Duoc/SistemaGestionAsistencia/backend/src/routes/cursos.js","statementMap":{"0":{"start":{"line":1,"column":16},"end":{"line":1,"column":34}},"1":{"start":{"line":2,"column":15},"end":{"line":2,"column":31}},"2":{"start":{"line":3,"column":13},"end":{"line":3,"column":29}},"3":{"start":{"line":4,"column":50},"end":{"line":4,"column":79}},"4":{"start":{"line":5,"column":21},"end":{"line":5,"column":54}},"5":{"start":{"line":8,"column":0},"end":{"line":15,"column":3}},"6":{"start":{"line":9,"column":4},"end":{"line":14,"column":5}},"7":{"start":{"line":10,"column":23},"end":{"line":10,"column":83}},"8":{"start":{"line":11,"column":8},"end":{"line":11,"column":23}},"9":{"start":{"line":13,"column":8},"end":{"line":13,"column":53}},"10":{"start":{"line":18,"column":0},"end":{"line":26,"column":3}},"11":{"start":{"line":19,"column":23},"end":{"line":19,"column":31}},"12":{"start":{"line":20,"column":4},"end":{"line":25,"column":5}},"13":{"start":{"line":21,"column":23},"end":{"line":21,"column":104}},"14":{"start":{"line":22,"column":8},"end":{"line":22,"column":45}},"15":{"start":{"line":24,"column":8},"end":{"line":24,"column":53}},"16":{"start":{"line":29,"column":0},"end":{"line":38,"column":3}},"17":{"start":{"line":30,"column":19},"end":{"line":30,"column":29}},"18":{"start":{"line":31,"column":23},"end":{"line":31,"column":31}},"19":{"start":{"line":32,"column":4},"end":{"line":37,"column":5}},"20":{"start":{"line":33,"column":8},"end":{"line":33,"column":84}},"21":{"start":{"line":34,"column":8},"end":{"line":34,"column":51}},"22":{"start":{"line":36,"column":8},"end":{"line":36,"column":53}},"23":{"start":{"line":41,"column":0},"end":{"line":54,"column":3}},"24":{"start":{"line":42,"column":19},"end":{"line":42,"column":29}},"25":{"start":{"line":43,"column":4},"end":{"line":53,"column":5}},"26":{"start":{"line":45,"column":27},"end":{"line":45,"column":106}},"27":{"start":{"line":46,"column":8},"end":{"line":48,"column":9}},"28":{"start":{"line":47,"column":12},"end":{"line":47,"column":118}},"29":{"start":{"line":49,"column":8},"end":{"line":49,"column":66}},"30":{"start":{"line":50,"column":8},"end":{"line":50,"column":49}},"31":{"start":{"line":52,"column":8},"end":{"line":52,"column":53}},"32":{"start":{"line":56,"column":0},"end":{"line":56,"column":24}}},"fnMap":{"0":{"name":"(anonymous_0)","decl":{"start":{"line":8,"column":108},"end":{"line":8,"column":109}},"loc":{"start":{"line":8,"column":128},"end":{"line":15,"column":1}},"line":8},"1":{"name":"(anonymous_1)","decl":{"start":{"line":18,"column":71},"end":{"line":18,"column":72}},"loc":{"start":{"line":18,"column":91},"end":{"line":26,"column":1}},"line":18},"2":{"name":"(anonymous_2)","decl":{"start":{"line":29,"column":78},"end":{"line":29,"column":79}},"loc":{"start":{"line":29,"column":98},"end":{"line":38,"column":1}},"line":29},"3":{"name":"(anonymous_3)","decl":{"start":{"line":41,"column":52},"end":{"line":41,"column":53}},"loc":{"start":{"line":41,"column":72},"end":{"line":54,"column":1}},"line":41}},"branchMap":{"0":{"loc":{"start":{"line":46,"column":8},"end":{"line":48,"column":9}},"type":"if","locations":[{"start":{"line":46,"column":8},"end":{"line":48,"column":9}},{"start":{},"end":{}}],"line":46}},"s":{"0":1,"1":1,"2":1,"3":1,"4":1,"5":1,"6":2,"7":2,"8":1,"9":1,"10":1,"11":1,"12":1,"13":1,"14":1,"15":0,"16":1,"17":1,"18":1,"19":1,"20":1,"21":1,"22":0,"23":1,"24":2,"25":2,"26":2,"27":2,"28":1,"29":1,"30":1,"31":0,"32":1},"f":{"0":2,"1":1,"2":1,"3":2},"b":{"0":[1,1]},"_coverageSchema":"1a1c01bbd47fc00a2c39e90264f33305004495a9","hash":"701884089655ad15b46a65c790713e3611bd9d8a"}
,"/home/vicente/Escritorio/Archivos_Duoc/SistemaGestionAsistencia/backend/src/routes/dashboard.js": {"path":"/home/vicente/Escritorio/Archivos_Duoc/SistemaGestionAsistencia/backend/src/routes/dashboard.js","statementMap":{"0":{"start":{"line":1,"column":16},"end":{"line":1,"column":34}},"1":{"start":{"line":2,"column":15},"end":{"line":2,"column":31}},"2":{"start":{"line":3,"column":13},"end":{"line":3,"column":29}},"3":{"start":{"line":4,"column":18},"end":{"line":4,"column":39}},"4":{"start":{"line":5,"column":69},"end":{"line":5,"column":88}},"5":{"start":{"line":6,"column":30},"end":{"line":6,"column":59}},"6":{"start":{"line":8,"column":14},"end":{"line":8,"column":61}},"7":{"start":{"line":10,"column":0},"end":{"line":10,"column":43}},"8":{"start":{"line":12,"column":22},"end":{"line":16,"column":1}},"9":{"start":{"line":13,"column":14},"end":{"line":13,"column":24}},"10":{"start":{"line":14,"column":17},"end":{"line":14,"column":40}},"11":{"start":{"line":15,"column":2},"end":{"line":15,"column":78}},"12":{"start":{"line":18,"column":0},"end":{"line":51,"column":3}},"13":{"start":{"line":19,"column":23},"end":{"line":19,"column":58}},"14":{"start":{"line":20,"column":20},"end":{"line":20,"column":56}},"15":{"start":{"line":21,"column":20},"end":{"line":21,"column":83}},"16":{"start":{"line":22,"column":23},"end":{"line":22,"column":105}},"17":{"start":{"line":24,"column":2},"end":{"line":50,"column":3}},"18":{"start":{"line":25,"column":19},"end":{"line":32,"column":33}},"19":{"start":{"line":34,"column":25},"end":{"line":34,"column":27}},"20":{"start":{"line":35,"column":4},"end":{"line":44,"column":5}},"21":{"start":{"line":35,"column":17},"end":{"line":35,"column":18}},"22":{"start":{"line":36,"column":16},"end":{"line":36,"column":73}},"23":{"start":{"line":37,"column":21},"end":{"line":37,"column":50}},"24":{"start":{"line":38,"column":25},"end":{"line":38,"column":57}},"25":{"start":{"line":38,"column":40},"end":{"line":38,"column":56}},"26":{"start":{"line":39,"column":6},"end":{"line":43,"column":9}},"27":{"start":{"line":46,"column":4},"end":{"line":46,"column":37}},"28":{"start":{"line":48,"column":4},"end":{"line":48,"column":56}},"29":{"start":{"line":49,"column":4},"end":{"line":49,"column":51}},"30":{"start":{"line":53,"column":0},"end":{"line":130,"column":3}},"31":{"start":{"line":54,"column":23},"end":{"line":54,"column":58}},"32":{"start":{"line":55,"column":19},"end":{"line":55,"column":44}},"33":{"start":{"line":56,"column":17},"end":{"line":56,"column":36}},"34":{"start":{"line":57,"column":2},"end":{"line":57,"column":38}},"35":{"start":{"line":57,"column":14},"end":{"line":57,"column":38}},"36":{"start":{"line":59,"column":20},"end":{"line":59,"column":56}},"37":{"start":{"line":61,"column":18},"end":{"line":61,"column":86}},"38":{"start":{"line":64,"column":23},"end":{"line":64,"column":88}},"39":{"start":{"line":65,"column":20},"end":{"line":65,"column":83}},"40":{"start":{"line":66,"column":20},"end":{"line":66,"column":65}},"41":{"start":{"line":67,"column":17},"end":{"line":67,"column":60}},"42":{"start":{"line":69,"column":2},"end":{"line":129,"column":3}},"43":{"start":{"line":77,"column":8},"end":{"line":109,"column":6}},"44":{"start":{"line":111,"column":23},"end":{"line":111,"column":66}},"45":{"start":{"line":112,"column":24},"end":{"line":112,"column":69}},"46":{"start":{"line":114,"column":19},"end":{"line":123,"column":5}},"47":{"start":{"line":124,"column":4},"end":{"line":124,"column":32}},"48":{"start":{"line":125,"column":4},"end":{"line":125,"column":21}},"49":{"start":{"line":127,"column":4},"end":{"line":127,"column":48}},"50":{"start":{"line":128,"column":4},"end":{"line":128,"column":51}},"51":{"start":{"line":132,"column":0},"end":{"line":132,"column":24}}},"fnMap":{"0":{"name":"(anonymous_0)","decl":{"start":{"line":12,"column":22},"end":{"line":12,"column":23}},"loc":{"start":{"line":12,"column":28},"end":{"line":16,"column":1}},"line":12},"1":{"name":"(anonymous_1)","decl":{"start":{"line":18,"column":33},"end":{"line":18,"column":34}},"loc":{"start":{"line":18,"column":53},"end":{"line":51,"column":1}},"line":18},"2":{"name":"(anonymous_2)","decl":{"start":{"line":38,"column":35},"end":{"line":38,"column":36}},"loc":{"start":{"line":38,"column":40},"end":{"line":38,"column":56}},"line":38},"3":{"name":"(anonymous_3)","decl":{"start":{"line":53,"column":23},"end":{"line":53,"column":24}},"loc":{"start":{"line":53,"column":43},"end":{"line":130,"column":1}},"line":53}},"branchMap":{"0":{"loc":{"start":{"line":19,"column":23},"end":{"line":19,"column":58}},"type":"binary-expr","locations":[{"start":{"line":19,"column":23},"end":{"line":19,"column":39}},{"start":{"line":19,"column":43},"end":{"line":19,"column":58}}],"line":19},"1":{"loc":{"start":{"line":42,"column":15},"end":{"line":42,"column":56}},"type":"cond-expr","locations":[{"start":{"line":42,"column":28},"end":{"line":42,"column":52}},{"start":{"line":42,"column":55},"end":{"line":42,"column":56}}],"line":42},"2":{"loc":{"start":{"line":54,"column":23},"end":{"line":54,"column":58}},"type":"binary-expr","locations":[{"start":{"line":54,"column":23},"end":{"line":54,"column":39}},{"start":{"line":54,"column":43},"end":{"line":54,"column":58}}],"line":54},"3":{"loc":{"start":{"line":57,"column":2},"end":{"line":57,"column":38}},"type":"if","locations":[{"start":{"line":57,"column":2},"end":{"line":57,"column":38}},{"start":{},"end":{}}],"line":57},"4":{"loc":{"start":{"line":111,"column":30},"end":{"line":111,"column":65}},"type":"binary-expr","locations":[{"start":{"line":111,"column":30},"end":{"line":111,"column":60}},{"start":{"line":111,"column":64},"end":{"line":111,"column":65}}],"line":111},"5":{"loc":{"start":{"line":112,"column":31},"end":{"line":112,"column":68}},"type":"binary-expr","locations":[{"start":{"line":112,"column":31},"end":{"line":112,"column":63}},{"start":{"line":112,"column":67},"end":{"line":112,"column":68}}],"line":112},"6":{"loc":{"start":{"line":116,"column":32},"end":{"line":116,"column":71}},"type":"binary-expr","locations":[{"start":{"line":116,"column":32},"end":{"line":116,"column":66}},{"start":{"line":116,"column":70},"end":{"line":116,"column":71}}],"line":116},"7":{"loc":{"start":{"line":119,"column":25},"end":{"line":119,"column":131}},"type":"cond-expr","locations":[{"start":{"line":119,"column":43},"end":{"line":119,"column":102}},{"start":{"line":119,"column":106},"end":{"line":119,"column":130}}],"line":119},"8":{"loc":{"start":{"line":119,"column":106},"end":{"line":119,"column":130}},"type":"cond-expr","locations":[{"start":{"line":119,"column":123},"end":{"line":119,"column":126}},{"start":{"line":119,"column":129},"end":{"line":119,"column":130}}],"line":119}},"s":{"0":1,"1":1,"2":1,"3":1,"4":1,"5":1,"6":1,"7":1,"8":1,"9":0,"10":0,"11":0,"12":1,"13":2,"14":2,"15":2,"16":2,"17":2,"18":2,"19":1,"20":1,"21":1,"22":7,"23":7,"24":7,"25":13,"26":7,"27":1,"28":1,"29":1,"30":1,"31":2,"32":2,"33":2,"34":2,"35":0,"36":2,"37":2,"38":2,"39":2,"40":2,"41":2,"42":2,"43":2,"44":1,"45":1,"46":1,"47":1,"48":1,"49":1,"50":1,"51":1},"f":{"0":0,"1":2,"2":13,"3":2},"b":{"0":[2,0],"1":[2,5],"2":[2,0],"3":[0,2],"4":[1,0],"5":[1,0],"6":[1,0],"7":[1,0],"8":[0,0]},"_coverageSchema":"1a1c01bbd47fc00a2c39e90264f33305004495a9","hash":"aa8890f23972b8b051d762822d959677fe4a036e"}
,"/home/vicente/Escritorio/Archivos_Duoc/SistemaGestionAsistencia/backend/src/routes/estudiantes.js": {"path":"/home/vicente/Escritorio/Archivos_Duoc/SistemaGestionAsistencia/backend/src/routes/estudiantes.js","statementMap":{"0":{"start":{"line":1,"column":16},"end":{"line":1,"column":34}},"1":{"start":{"line":2,"column":15},"end":{"line":2,"column":31}},"2":{"start":{"line":3,"column":13},"end":{"line":3,"column":29}},"3":{"start":{"line":4,"column":18},"end":{"line":4,"column":39}},"4":{"start":{"line":5,"column":15},"end":{"line":5,"column":32}},"5":{"start":{"line":7,"column":14},"end":{"line":7,"column":60}},"6":{"start":{"line":8,"column":13},"end":{"line":8,"column":28}},"7":{"start":{"line":9,"column":13},"end":{"line":9,"column":28}},"8":{"start":{"line":10,"column":11},"end":{"line":10,"column":24}},"9":{"start":{"line":11,"column":21},"end":{"line":11,"column":46}},"10":{"start":{"line":12,"column":50},"end":{"line":12,"column":79}},"11":{"start":{"line":13,"column":21},"end":{"line":13,"column":54}},"12":{"start":{"line":15,"column":15},"end":{"line":34,"column":2}},"13":{"start":{"line":21,"column":29},"end":{"line":24,"column":9}},"14":{"start":{"line":25,"column":28},"end":{"line":25,"column":45}},"15":{"start":{"line":26,"column":20},"end":{"line":26,"column":65}},"16":{"start":{"line":28,"column":8},"end":{"line":32,"column":9}},"17":{"start":{"line":29,"column":12},"end":{"line":29,"column":27}},"18":{"start":{"line":31,"column":12},"end":{"line":31,"column":76}},"19":{"start":{"line":37,"column":0},"end":{"line":87,"column":3}},"20":{"start":{"line":38,"column":4},"end":{"line":86,"column":5}},"21":{"start":{"line":39,"column":25},"end":{"line":39,"column":41}},"22":{"start":{"line":40,"column":30},"end":{"line":40,"column":71}},"23":{"start":{"line":41,"column":21},"end":{"line":41,"column":64}},"24":{"start":{"line":42,"column":22},"end":{"line":42,"column":88}},"25":{"start":{"line":43,"column":23},"end":{"line":43,"column":91}},"26":{"start":{"line":46,"column":8},"end":{"line":49,"column":9}},"27":{"start":{"line":47,"column":27},"end":{"line":47,"column":45}},"28":{"start":{"line":48,"column":12},"end":{"line":48,"column":48}},"29":{"start":{"line":48,"column":24},"end":{"line":48,"column":48}},"30":{"start":{"line":51,"column":26},"end":{"line":51,"column":28}},"31":{"start":{"line":52,"column":23},"end":{"line":52,"column":25}},"32":{"start":{"line":53,"column":8},"end":{"line":56,"column":9}},"33":{"start":{"line":54,"column":12},"end":{"line":54,"column":91}},"34":{"start":{"line":55,"column":12},"end":{"line":55,"column":69}},"35":{"start":{"line":58,"column":8},"end":{"line":74,"column":9}},"36":{"start":{"line":59,"column":27},"end":{"line":59,"column":45}},"37":{"start":{"line":60,"column":32},"end":{"line":62,"column":22}},"38":{"start":{"line":63,"column":26},"end":{"line":63,"column":58}},"39":{"start":{"line":65,"column":27},"end":{"line":72,"column":42}},"40":{"start":{"line":73,"column":12},"end":{"line":73,"column":102}},"41":{"start":{"line":76,"column":23},"end":{"line":82,"column":18}},"42":{"start":{"line":83,"column":8},"end":{"line":83,"column":23}},"43":{"start":{"line":85,"column":8},"end":{"line":85,"column":55}},"44":{"start":{"line":90,"column":0},"end":{"line":121,"column":3}},"45":{"start":{"line":91,"column":54},"end":{"line":91,"column":62}},"46":{"start":{"line":93,"column":4},"end":{"line":120,"column":5}},"47":{"start":{"line":94,"column":23},"end":{"line":97,"column":9}},"48":{"start":{"line":98,"column":19},"end":{"line":98,"column":30}},"49":{"start":{"line":99,"column":8},"end":{"line":107,"column":11}},"50":{"start":{"line":108,"column":8},"end":{"line":108,"column":27}},"51":{"start":{"line":109,"column":8},"end":{"line":109,"column":76}},"52":{"start":{"line":111,"column":8},"end":{"line":113,"column":9}},"53":{"start":{"line":112,"column":12},"end":{"line":112,"column":90}},"54":{"start":{"line":115,"column":8},"end":{"line":117,"column":9}},"55":{"start":{"line":116,"column":12},"end":{"line":116,"column":86}},"56":{"start":{"line":119,"column":8},"end":{"line":119,"column":55}},"57":{"start":{"line":124,"column":0},"end":{"line":138,"column":3}},"58":{"start":{"line":125,"column":41},"end":{"line":125,"column":49}},"59":{"start":{"line":126,"column":4},"end":{"line":137,"column":5}},"60":{"start":{"line":128,"column":29},"end":{"line":128,"column":69}},"61":{"start":{"line":128,"column":54},"end":{"line":128,"column":57}},"62":{"start":{"line":129,"column":8},"end":{"line":132,"column":10}},"63":{"start":{"line":133,"column":8},"end":{"line":133,"column":27}},"64":{"start":{"line":134,"column":8},"end":{"line":134,"column":97}},"65":{"start":{"line":136,"column":8},"end":{"line":136,"column":55}},"66":{"start":{"line":141,"column":0},"end":{"line":163,"column":3}},"67":{"start":{"line":142,"column":19},"end":{"line":142,"column":29}},"68":{"start":{"line":143,"column":54},"end":{"line":143,"column":62}},"69":{"start":{"line":144,"column":4},"end":{"line":162,"column":5}},"70":{"start":{"line":145,"column":8},"end":{"line":148,"column":10}},"71":{"start":{"line":149,"column":8},"end":{"line":157,"column":11}},"72":{"start":{"line":158,"column":8},"end":{"line":158,"column":27}},"73":{"start":{"line":159,"column":8},"end":{"line":159,"column":56}},"74":{"start":{"line":161,"column":8},"end":{"line":161,"column":55}},"75":{"start":{"line":166,"column":0},"end":{"line":183,"column":3}},"76":{"start":{"line":167,"column":19},"end":{"line":167,"column":29}},"77":{"start":{"line":168,"column":4},"end":{"line":182,"column":5}},"78":{"start":{"line":169,"column":8},"end":{"line":169,"column":71}},"79":{"start":{"line":170,"column":8},"end":{"line":177,"column":11}},"80":{"start":{"line":178,"column":8},"end":{"line":178,"column":27}},"81":{"start":{"line":179,"column":8},"end":{"line":179,"column":54}},"82":{"start":{"line":181,"column":8},"end":{"line":181,"column":55}},"83":{"start":{"line":186,"column":0},"end":{"line":243,"column":3}},"84":{"start":{"line":187,"column":4},"end":{"line":192,"column":7}},"85":{"start":{"line":188,"column":8},"end":{"line":190,"column":9}},"86":{"start":{"line":189,"column":12},"end":{"line":189,"column":64}},"87":{"start":{"line":191,"column":8},"end":{"line":191,"column":15}},"88":{"start":{"line":194,"column":4},"end":{"line":194,"column":88}},"89":{"start":{"line":194,"column":19},"end":{"line":194,"column":88}},"90":{"start":{"line":196,"column":21},"end":{"line":196,"column":34}},"91":{"start":{"line":197,"column":4},"end":{"line":242,"column":5}},"92":{"start":{"line":198,"column":25},"end":{"line":198,"column":48}},"93":{"start":{"line":199,"column":26},"end":{"line":199,"column":48}},"94":{"start":{"line":200,"column":26},"end":{"line":200,"column":52}},"95":{"start":{"line":201,"column":21},"end":{"line":201,"column":56}},"96":{"start":{"line":203,"column":8},"end":{"line":226,"column":9}},"97":{"start":{"line":204,"column":59},"end":{"line":204,"column":62}},"98":{"start":{"line":207,"column":32},"end":{"line":207,"column":99}},"99":{"start":{"line":209,"column":12},"end":{"line":214,"column":13}},"100":{"start":{"line":210,"column":16},"end":{"line":210,"column":42}},"101":{"start":{"line":212,"column":39},"end":{"line":212,"column":119}},"102":{"start":{"line":213,"column":16},"end":{"line":213,"column":45}},"103":{"start":{"line":216,"column":12},"end":{"line":225,"column":14}},"104":{"start"
[...]
olumn":5}},"57":{"start":{"line":143,"column":8},"end":{"line":143,"column":18}},"58":{"start":{"line":146,"column":20},"end":{"line":149,"column":6}},"59":{"start":{"line":148,"column":49},"end":{"line":148,"column":65}},"60":{"start":{"line":151,"column":4},"end":{"line":155,"column":5}},"61":{"start":{"line":152,"column":22},"end":{"line":152,"column":68}},"62":{"start":{"line":152,"column":54},"end":{"line":152,"column":66}},"63":{"start":{"line":153,"column":24},"end":{"line":153,"column":96}},"64":{"start":{"line":153,"column":67},"end":{"line":153,"column":95}},"65":{"start":{"line":154,"column":8},"end":{"line":154,"column":69}},"66":{"start":{"line":157,"column":22},"end":{"line":157,"column":81}},"67":{"start":{"line":157,"column":54},"end":{"line":157,"column":79}},"68":{"start":{"line":158,"column":19},"end":{"line":158,"column":122}},"69":{"start":{"line":158,"column":66},"end":{"line":158,"column":110}},"70":{"start":{"line":159,"column":19},"end":{"line":159,"column":27}},"71":{"start":{"line":161,"column":4},"end":{"line":163,"column":5}},"72":{"start":{"line":162,"column":8},"end":{"line":162,"column":83}},"73":{"start":{"line":165,"column":4},"end":{"line":168,"column":6}},"74":{"start":{"line":170,"column":4},"end":{"line":170,"column":31}},"75":{"start":{"line":174,"column":4},"end":{"line":176,"column":5}},"76":{"start":{"line":175,"column":8},"end":{"line":175,"column":21}},"77":{"start":{"line":178,"column":4},"end":{"line":180,"column":5}},"78":{"start":{"line":179,"column":8},"end":{"line":179,"column":20}},"79":{"start":{"line":182,"column":24},"end":{"line":182,"column":85}},"80":{"start":{"line":183,"column":4},"end":{"line":183,"column":44}},"81":{"start":{"line":187,"column":4},"end":{"line":189,"column":5}},"82":{"start":{"line":188,"column":8},"end":{"line":188,"column":21}},"83":{"start":{"line":191,"column":4},"end":{"line":193,"column":5}},"84":{"start":{"line":192,"column":8},"end":{"line":192,"column":20}},"85":{"start":{"line":195,"column":24},"end":{"line":195,"column":91}},"86":{"start":{"line":196,"column":18},"end":{"line":196,"column":71}},"87":{"start":{"line":196,"column":45},"end":{"line":196,"column":70}},"88":{"start":{"line":197,"column":4},"end":{"line":197,"column":45}},"89":{"start":{"line":200,"column":0},"end":{"line":213,"column":2}}},"fnMap":{"0":{"name":"(anonymous_0)","decl":{"start":{"line":12,"column":32},"end":{"line":12,"column":33}},"loc":{"start":{"line":12,"column":44},"end":{"line":12,"column":56}},"line":12},"1":{"name":"extractRows","decl":{"start":{"line":26,"column":9},"end":{"line":26,"column":20}},"loc":{"start":{"line":26,"column":29},"end":{"line":36,"column":1}},"line":26},"2":{"name":"normalizePermissions","decl":{"start":{"line":38,"column":9},"end":{"line":38,"column":29}},"loc":{"start":{"line":38,"column":37},"end":{"line":54,"column":1}},"line":38},"3":{"name":"(anonymous_3)","decl":{"start":{"line":43,"column":33},"end":{"line":43,"column":34}},"loc":{"start":{"line":43,"column":44},"end":{"line":53,"column":5}},"line":43},"4":{"name":"(anonymous_4)","decl":{"start":{"line":53,"column":14},"end":{"line":53,"column":15}},"loc":{"start":{"line":53,"column":25},"end":{"line":53,"column":52}},"line":53},"5":{"name":"normalizePermissionEntries","decl":{"start":{"line":56,"column":9},"end":{"line":56,"column":35}},"loc":{"start":{"line":56,"column":43},"end":{"line":82,"column":1}},"line":56},"6":{"name":"getDefaultPermissionsForRole","decl":{"start":{"line":84,"column":9},"end":{"line":84,"column":37}},"loc":{"start":{"line":84,"column":44},"end":{"line":90,"column":1}},"line":84},"7":{"name":"getDefaultPermissionEntriesForRole","decl":{"start":{"line":92,"column":9},"end":{"line":92,"column":43}},"loc":{"start":{"line":92,"column":50},"end":{"line":94,"column":1}},"line":92},"8":{"name":"(anonymous_8)","decl":{"start":{"line":93,"column":50},"end":{"line":93,"column":51}},"loc":{"start":{"line":93,"column":62},"end":{"line":93,"column":88}},"line":93},"9":{"name":"samePermissions","decl":{"start":{"line":96,"column":9},"end":{"line":96,"column":24}},"loc":{"start":{"line":96,"column":38},"end":{"line":105,"column":1}},"line":96},"10":{"name":"(anonymous_10)","decl":{"start":{"line":104,"column":32},"end":{"line":104,"column":33}},"loc":{"start":{"line":104,"column":48},"end":{"line":104,"column":84}},"line":104},"11":{"name":"resolvePermissionsForRole","decl":{"start":{"line":107,"column":9},"end":{"line":107,"column":34}},"loc":{"start":{"line":107,"column":54},"end":{"line":114,"column":1}},"line":107},"12":{"name":"(anonymous_12)","decl":{"start":{"line":109,"column":31},"end":{"line":109,"column":32}},"loc":{"start":{"line":109,"column":43},"end":{"line":109,"column":69}},"line":109},"13":{"name":"getPermissionsForUser","decl":{"start":{"line":116,"column":15},"end":{"line":116,"column":36}},"loc":{"start":{"line":116,"column":64},"end":{"line":135,"column":1}},"line":116},"14":{"name":"(anonymous_14)","decl":{"start":{"line":118,"column":31},"end":{"line":118,"column":32}},"loc":{"start":{"line":118,"column":43},"end":{"line":118,"column":69}},"line":118},"15":{"name":"(anonymous_15)","decl":{"start":{"line":130,"column":33},"end":{"line":130,"column":34}},"loc":{"start":{"line":130,"column":43},"end":{"line":133,"column":5}},"line":130},"16":{"name":"syncUserPermissions","decl":{"start":{"line":137,"column":15},"end":{"line":137,"column":34}},"loc":{"start":{"line":137,"column":70},"end":{"line":171,"column":1}},"line":137},"17":{"name":"(anonymous_17)","decl":{"start":{"line":148,"column":33},"end":{"line":148,"column":34}},"loc":{"start":{"line":148,"column":49},"end":{"line":148,"column":65}},"line":148},"18":{"name":"(anonymous_18)","decl":{"start":{"line":152,"column":42},"end":{"line":152,"column":43}},"loc":{"start":{"line":152,"column":54},"end":{"line":152,"column":66}},"line":152},"19":{"name":"(anonymous_19)","decl":{"start":{"line":153,"column":51},"end":{"line":153,"column":52}},"loc":{"start":{"line":153,"column":67},"end":{"line":153,"column":95}},"line":153},"20":{"name":"(anonymous_20)","decl":{"start":{"line":157,"column":42},"end":{"line":157,"column":43}},"loc":{"start":{"line":157,"column":54},"end":{"line":157,"column":79}},"line":157},"21":{"name":"(anonymous_21)","decl":{"start":{"line":158,"column":43},"end":{"line":158,"column":44}},"loc":{"start":{"line":158,"column":66},"end":{"line":158,"column":110}},"line":158},"22":{"name":"canAccessPermission","decl":{"start":{"line":173,"column":9},"end":{"line":173,"column":28}},"loc":{"start":{"line":173,"column":47},"end":{"line":184,"column":1}},"line":173},"23":{"name":"canManageModule","decl":{"start":{"line":186,"column":9},"end":{"line":186,"column":24}},"loc":{"start":{"line":186,"column":43},"end":{"line":198,"column":1}},"line":186},"24":{"name":"(anonymous_24)","decl":{"start":{"line":196,"column":35},"end":{"line":196,"column":36}},"loc":{"start":{"line":196,"column":45},"end":{"line":196,"column":70}},"line":196}},"branchMap":{"0":{"loc":{"start":{"line":27,"column":4},"end":{"line":29,"column":5}},"type":"if","locations":[{"start":{"line":27,"column":4},"end":{"line":29,"column":5}},{"start":{},"end":{}}],"line":27},"1":{"loc":{"start":{"line":28,"column":15},"end":{"line":28,"column":30}},"type":"binary-expr","locations":[{"start":{"line":28,"column":15},"end":{"line":28,"column":24}},{"start":{"line":28,"column":28},"end":{"line":28,"column":30}}],"line":28},"2":{"loc":{"start":{"line":31,"column":4},"end":{"line":33,"column":5}},"type":"if","locations":[{"start":{"line":31,"column":4},"end":{"line":33,"column":5}},{"start":{},"end":{}}],"line":31},"3":{"loc":{"start":{"line":31,"column":8},"end":{"line":31,"column":44}},"type":"binary-expr","locations":[{"start":{"line":31,"column":8},"end":{"line":31,"column":14}},{"start":{"line":31,"column":18},"end":{"line":31,"column":44}}],"line":31},"4":{"loc":{"start":{"line":39,"column":4},"end":{"line":41,"column":5}},"type":"if","locations":[{"start":{"line":39,"column":4},"end":{"line":41,"column":5}},{"start":{},"end":{}}],"line":39},"5":{"loc":{"start":{"line":44,"column":8},"end":{"line":46,"column":9}},"type":"if","locations":[{"start":{"line":44,"column":8},"end":{"line":46,"column":9}},{"start":{},"end":{}}],"line":44},"6":{"loc":{"start":{"line":48,"column":8},"end":{"line":50,"column":9}},"type":"if","locations":[{"start":{"line":48,"column":8},"end":{"line":50,"column":9}},{"start":{},"end":{}}],"line":48},"7":{"loc":{"start":{"line":48,"column":12},"end":{"line":48,"column":46}},"type":"binary-expr","locations":[{"start":{"line":48,"column":12},"end":{"line":48,"column":17}},{"start":{"line":48,"column":21},"end":{"line":48,"column":46}}],"line":48},"8":{"loc":{"start":{"line":49,"column":26},"end":{"line":49,"column":82}},"type":"binary-expr","locations":[{"start":{"line":49,"column":26},"end":{"line":49,"column":37}},{"start":{"line":49,"column":41},"end":{"line":49,"column":57}},{"start":{"line":49,"column":61},"end":{"line":49,"column":76}},{"start":{"line":49,"column":80},"end":{"line":49,"column":82}}],"line":49},"9":{"loc":{"start":{"line":57,"column":4},"end":{"line":59,"column":5}},"type":"if","locations":[{"start":{"line":57,"column":4},"end":{"line":59,"column":5}},{"start":{},"end":{}}],"line":57},"10":{"loc":{"start":{"line":65,"column":22},"end":{"line":67,"column":88}},"type":"cond-expr","locations":[{"start":{"line":66,"column":14},"end":{"line":66,"column":34}},{"start":{"line":67,"column":14},"end":{"line":67,"column":88}}],"line":65},"11":{"loc":{"start":{"line":67,"column":21},"end":{"line":67,"column":80}},"type":"binary-expr","locations":[{"start":{"line":67,"column":21},"end":{"line":67,"column":33}},{"start":{"line":67,"column":37},"end":{"line":67,"column":54}},{"start":{"line":67,"column":58},"end":{"line":67,"column":74}},{"start":{"line":67,"column":78},"end":{"line":67,"column":80}}],"line":67},"12":{"loc":{"start":{"line":69,"column":8},"end":{"line":71,"column":9}},"type":"if","locations":[{"start":{"line":69,"column":8},"end":{"line":71,"column":9}},{"start":{},"end":{}}],"line":69},"13":{"loc":{"start":{"line":69,"column":12},"end":{"line":69,"column":59}},"type":"binary-expr","locations":[{"start":{"line":69,"column":12},"end":{"line":69,"column":40}},{"start":{"line":69,"column":44},"end":{"line":69,"column":59}}],"line":69},"14":{"loc":{"start":{"line":74,"column":30},"end":{"line":76,"column":19}},"type":"cond-expr","locations":[{"start":{"line":75,"column":14},"end":{"line":75,"column":86}},{"start":{"line":76,"column":14},"end":{"line":76,"column":19}}],"line":74},"15":{"loc":{"start":{"line":74,"column":30},"end":{"line":74,"column":73}},"type":"binary-expr","locations":[{"start":{"line":74,"column":30},"end":{"line":74,"column":55}},{"start":{"line":74,"column":59},"end":{"line":74,"column":73}}],"line":74},"16":{"loc":{"start":{"line":75,"column":22},"end":{"line":75,"column":85}},"type":"binary-expr","locations":[{"start":{"line":75,"column":22},"end":{"line":75,"column":36}},{"start":{"line":75,"column":40},"end":{"line":75,"column":57}},{"start":{"line":75,"column":61},"end":{"line":75,"column":76}},{"start":{"line":75,"column":80},"end":{"line":75,"column":85}}],"line":75},"17":{"loc":{"start":{"line":85,"column":4},"end":{"line":87,"column":5}},"type":"if","locations":[{"start":{"line":85,"column":4},"end":{"line":87,"column":5}},{"start":{},"end":{}}],"line":85},"18":{"loc":{"start":{"line":89,"column":16},"end":{"line":89,"column":52}},"type":"binary-expr","locations":[{"start":{"line":89,"column":16},"end":{"line":89,"column":46}},{"start":{"line":89,"column":50},"end":{"line":89,"column":52}}],"line":89},"19":{"loc":{"start":{"line":100,"column":4},"end":{"line":102,"column":5}},"type":"if","locations":[{"start":{"line":100,"column":4},"end":{"line":102,"column":5}},{"start":{},"end":{}}],"line":100},"20":{"loc":{"start":{"line":108,"column":4},"end":{"line":110,"column":5}},"type":"if","locations":[{"start":{"line":108,"column":4},"end":{"line":110,"column":5}},{"start":{},"end":{}}],"line":108},"21":{"loc":{"start":{"line":113,"column":11},"end":{"line":113,"column":88}},"type":"cond-expr","locations":[{"start":{"line":113,"column":35},"end":{"line":113,"column":45}},{"start":{"line":113,"column":48},"end":{"line":113,"column":88}}],"line":113},"22":{"loc":{"start":{"line":116,"column":51},"end":{"line":116,"column":62}},"type":"default-arg","locations":[{"start":{"line":116,"column":60},"end":{"line":116,"column":62}}],"line":116},"23":{"loc":{"start":{"line":117,"column":4},"end":{"line":119,"column":5}},"type":"if","locations":[{"start":{"line":117,"column":4},"end":{"line":119,"column":5}},{"start":{},"end":{}}],"line":117},"24":{"loc":{"start":{"line":134,"column":11},"end":{"line":134,"column":90}},"type":"cond-expr","locations":[{"start":{"line":134,"column":36},"end":{"line":134,"column":47}},{"start":{"line":134,"column":50},"end":{"line":134,"column":90}}],"line":134},"25":{"loc":{"start":{"line":142,"column":4},"end":{"line":144,"column":5}},"type":"if","locations":[{"start":{"line":142,"column":4},"end":{"line":144,"column":5}},{"start":{},"end":{}}],"line":142},"26":{"loc":{"start":{"line":151,"column":4},"end":{"line":155,"column":5}},"type":"if","locations":[{"start":{"line":151,"column":4},"end":{"line":155,"column":5}},{"start":{},"end":{}}],"line":151},"27":{"loc":{"start":{"line":174,"column":4},"end":{"line":176,"column":5}},"type":"if","locations":[{"start":{"line":174,"column":4},"end":{"line":176,"column":5}},{"start":{},"end":{}}],"line":174},"28":{"loc":{"start":{"line":174,"column":8},"end":{"line":174,"column":28}},"type":"binary-expr","locations":[{"start":{"line":174,"column":8},"end":{"line":174,"column":13}},{"start":{"line":174,"column":17},"end":{"line":174,"column":28}}],"line":174},"29":{"loc":{"start":{"line":178,"column":4},"end":{"line":180,"column":5}},"type":"if","locations":[{"start":{"line":178,"column":4},"end":{"line":180,"column":5}},{"start":{},"end":{}}],"line":178},"30":{"loc":{"start":{"line":182,"column":45},"end":{"line":182,"column":84}},"type":"binary-expr","locations":[{"start":{"line":182,"column":45},"end":{"line":182,"column":58}},{"start":{"line":182,"column":62},"end":{"line":182,"column":78}},{"start":{"line":182,"column":82},"end":{"line":182,"column":84}}],"line":182},"31":{"loc":{"start":{"line":187,"column":4},"end":{"line":189,"column":5}},"type":"if","locations":[{"start":{"line":187,"column":4},"end":{"line":189,"column":5}},{"start":{},"end":{}}],"line":187},"32":{"loc":{"start":{"line":187,"column":8},"end":{"line":187,"column":28}},"type":"binary-expr","locations":[{"start":{"line":187,"column":8},"end":{"line":187,"column":13}},{"start":{"line":187,"column":17},"end":{"line":187,"column":28}}],"line":187},"33":{"loc":{"start":{"line":191,"column":4},"end":{"line":193,"column":5}},"type":"if","locations":[{"start":{"line":191,"column":4},"end":{"line":193,"column":5}},{"start":{},"end":{}}],"line":191},"34":{"loc":{"start":{"line":195,"column":51},"end":{"line":195,"column":90}},"type":"binary-expr","locations":[{"start":{"line":195,"column":51},"end":{"line":195,"column":64}},{"start":{"line":195,"column":68},"end":{"line":195,"column":84}},{"start":{"line":195,"column":88},"end":{"line":195,"column":90}}],"line":195},"35":{"loc":{"start":{"line":197,"column":11},"end":{"line":197,"column":44}},"type":"binary-expr","locations":[{"start":{"line":197,"column":11},"end":{"line":197,"column":25}},{"start":{"line":197,"column":29},"end":{"line":197,"column":44}}],"line":197}},"s":{"0":10,"1":10,"2":10,"3":60,"4":10,"5":3,"6":2,"7":1,"8":1,"9":0,"10":5,"11":0,"12":5,"13":8,"14":6,"15":2,"16":2,"17":0,"18":8,"19":4,"20":0,"21":4,"22":4,"23":4,"24":7,"25":7,"26":1,"27":6,"28":6,"29":6,"30":4,"31":3,"32":0,"33":3,"34":2,"35":11,"36":0,"37":0,"38":0,"39":0,"40":0,"41":0,"42":2,"43":1,"44":6,"45":1,"46":1,"47":2,"48":0,"49":0,"50":2,"51":2,"52":2,"53":2,"54":1,"55":1,"56":1,"57":0,"58":1,"59":2,"60":1,"61":0,"62":0,"63":0,"64":0,"65":0,"66":1,"67":2,"68":1,"69":2,"70":1,"71":1,"72":2,"73":1,"74":1,"75":5,"76":0,"77":5,"78":1,"79":4,"80":4,"81":2,"82":0,"83":2,"84":0,"85":2,"86":2,"87":2,"88":2,"89":10},"f":{"0":60,"1":3,"2":5,"3":8,"4":8,"5":4,"6":3,"7":2,"8":11,"9":0,"10":0,"11":2,"12":6,"13":2,"14":0,"15":2,"16":1,"17":2,"18":0,"19":0,"20":2,"21":2,"22":5,"23":2,"24":2},"b":{"0":[2,1],"1":[2,0],"2":[1,0],"3":[1,1],"4":[0,5],"5":[6,2],"6":[2,0],"7":[2,2],"8":[2,0,0,0],"9":[0,4],"10":[1,6],"11":[6,0,0,0],"12":[1,6],"13":[7,7],"14":[5,1],"15":[6,5],"16":[5,1,1,1],"17":[0,3],"18":[3,0],"19":[0,0],"20":[1,1],"21":[1,0],"22":[0],"23":[0,2],"24":[1,1],"25":[0,1],"26":[0,1],"27":[0,5],"28":[5,5],"29":[1,4],"30":[4,0,0],"31":[0,2],"32":[2,2],"33":[0,2],"34":[2,0,0],"35":[2,2]},"_coverageSchema":"1a1c01bbd47fc00a2c39e90264f33305004495a9","hash":"39ed5c17314446293f8256944405ea7bdf47efbc"}
,"/home/vicente/Escritorio/Archivos_Duoc/SistemaGestionAsistencia/backend/src/utils/notificationService.js": {"path":"/home/vicente/Escritorio/Archivos_Duoc/SistemaGestionAsistencia/backend/src/utils/notificationService.js","statementMap":{"0":{"start":{"line":1,"column":19},"end":{"line":1,"column":36}},"1":{"start":{"line":2,"column":15},"end":{"line":2,"column":53}},"2":{"start":{"line":8,"column":2},"end":{"line":46,"column":3}},"3":{"start":{"line":9,"column":26},"end":{"line":9,"column":70}},"4":{"start":{"line":10,"column":25},"end":{"line":10,"column":100}},"5":{"start":{"line":12,"column":26},"end":{"line":34,"column":5}},"6":{"start":{"line":36,"column":4},"end":{"line":41,"column":7}},"7":{"start":{"line":43,"column":4},"end":{"line":43,"column":99}},"8":{"start":{"line":45,"column":4},"end":{"line":45,"column":88}},"9":{"start":{"line":53,"column":2},"end":{"line":98,"column":3}},"10":{"start":{"line":54,"column":26},"end":{"line":54,"column":70}},"11":{"start":{"line":55,"column":26},"end":{"line":55,"column":79}},"12":{"start":{"line":57,"column":4},"end":{"line":60,"column":5}},"13":{"start":{"line":58,"column":6},"end":{"line":58,"column":87}},"14":{"start":{"line":59,"column":6},"end":{"line":59,"column":13}},"15":{"start":{"line":62,"column":25},"end":{"line":62,"column":100}},"16":{"start":{"line":64,"column":26},"end":{"line":86,"column":5}},"17":{"start":{"line":88,"column":4},"end":{"line":93,"column":7}},"18":{"start":{"line":95,"column":4},"end":{"line":95,"column":81}},"19":{"start":{"line":97,"column":4},"end":{"line":97,"column":68}},"20":{"start":{"line":101,"column":0},"end":{"line":104,"column":2}}},"fnMap":{"0":{"name":"notificarApoderadoSalida","decl":{"start":{"line":7,"column":15},"end":{"line":7,"column":39}},"loc":{"start":{"line":7,"column":47},"end":{"line":47,"column":1}},"line":7},"1":{"name":"notificarApoderadoAtraso","decl":{"start":{"line":52,"column":15},"end":{"line":52,"column":39}},"loc":{"start":{"line":52,"column":47},"end":{"line":99,"column":1}},"line":52}},"branchMap":{"0":{"loc":{"start":{"line":10,"column":25},"end":{"line":10,"column":100}},"type":"cond-expr","locations":[{"start":{"line":10,"column":41},"end":{"line":10,"column":63}},{"start":{"line":10,"column":66},"end":{"line":10,"column":100}}],"line":10},"1":{"loc":{"start":{"line":57,"column":4},"end":{"line":60,"column":5}},"type":"if","locations":[{"start":{"line":57,"column":4},"end":{"line":60,"column":5}},{"start":{},"end":{}}],"line":57},"2":{"loc":{"start":{"line":62,"column":25},"end":{"line":62,"column":100}},"type":"cond-expr","locations":[{"start":{"line":62,"column":41},"end":{"line":62,"column":63}},{"start":{"line":62,"column":66},"end":{"line":62,"column":100}}],"line":62}},"s":{"0":2,"1":2,"2":3,"3":3,"4":3,"5":3,"6":3,"7":2,"8":1,"9":3,"10":3,"11":3,"12":3,"13":1,"14":1,"15":2,"16":2,"17":2,"18":1,"19":1,"20":2},"f":{"0":3,"1":3},"b":{"0":[1,2],"1":[1,2],"2":[1,1]},"_coverageSchema":"1a1c01bbd47fc00a2c39e90264f33305004495a9","hash":"448487fada36327a828fcd6d2ce806eb0e5d9534"}
}
