TN:
SF:src/db.js
FN:31,(anonymous_0)
FN:35,(anonymous_1)
FN:40,(anonymous_2)
FN:42,(anonymous_3)
FNF:4
FNH:0
FNDA:0,(anonymous_0)
FNDA:0,(anonymous_1)
FNDA:0,(anonymous_2)
FNDA:0,(anonymous_3)
DA:1,1
DA:2,1
DA:3,1
DA:5,1
DA:7,1
DA:17,1
DA:31,1
DA:32,0
DA:35,1
DA:36,0
DA:39,1
DA:41,0
DA:42,0
DA:43,0
DA:44,0
DA:45,0
DA:46,0
DA:47,0
DA:49,0
DA:50,0
DA:51,0
DA:52,0
LF:22
LH:9
BRDA:17,0,0,0
BRDA:17,0,1,1
BRDA:24,1,0,1
BRDA:24,1,1,1
BRDA:46,2,0,0
BRDA:46,2,1,0
BRDA:51,3,0,0
BRDA:51,3,1,0
BRF:8
BRH:3
end_of_record
TN:
SF:src/middleware/auth.js
FN:13,authMiddleware
FN:23,(anonymous_1)
FN:45,(anonymous_2)
FN:55,requireRole
FN:56,(anonymous_4)
FN:67,requirePermission
FN:68,(anonymous_6)
FN:75,(anonymous_7)
FN:83,requireModuleWrite
FN:84,(anonymous_9)
FNF:10
FNH:9
FNDA:5,authMiddleware
FNDA:2,(anonymous_1)
FNDA:0,(anonymous_2)
FNDA:9,requireRole
FNDA:3,(anonymous_4)
FNDA:28,requirePermission
FNDA:6,(anonymous_6)
FNDA:5,(anonymous_7)
FNDA:26,requireModuleWrite
FNDA:6,(anonymous_9)
DA:1,12
DA:2,12
DA:3,12
DA:5,12
DA:6,0
DA:8,12
DA:14,5
DA:16,5
DA:17,2
DA:20,3
DA:21,3
DA:22,3
DA:23,2
DA:24,2
DA:29,2
DA:30,1
DA:33,1
DA:34,1
DA:36,1
DA:44,1
DA:45,0
DA:47,1
DA:56,9
DA:57,3
DA:58,1
DA:60,2
DA:61,1
DA:63,1
DA:68,28
DA:69,6
DA:70,1
DA:73,5
DA:75,5
DA:76,2
DA:79,3
DA:84,26
DA:85,6
DA:86,1
DA:89,5
DA:90,1
DA:93,4
DA:94,2
DA:97,2
DA:101,12
LF:44
LH:42
BRDA:5,0,0,0
BRDA:5,0,1,12
BRDA:16,1,0,2
BRDA:16,1,1,3
BRDA:16,2,0,5
BRDA:16,2,1,4
BRDA:29,3,0,1
BRDA:29,3,1,1
BRDA:29,4,0,2
BRDA:29,4,1,1
BRDA:57,5,0,1
BRDA:57,5,1,2
BRDA:60,6,0,1
BRDA:60,6,1,1
BRDA:69,7,0,1
BRDA:69,7,1,5
BRDA:73,8,0,5
BRDA:73,8,1,0
BRDA:75,9,0,2
BRDA:75,9,1,3
BRDA:85,10,0,1
BRDA:85,10,1,5
BRDA:89,11,0,1
BRDA:89,11,1,4
BRDA:93,12,0,2
BRDA:93,12,1,2
BRF:26
BRH:24
end_of_record
TN:
SF:src/middleware/validate.js
FN:71,validate
FN:72,(anonymous_1)
FN:78,(anonymous_2)
FNF:3
FNH:3
FNDA:14,validate
FNDA:2,(anonymous_1)
FNDA:4,(anonymous_2)
DA:1,7
DA:3,7
DA:72,14
DA:73,2
DA:74,2
DA:76,2
DA:77,2
DA:78,4
DA:79,1
DA:82,1
DA:83,1
DA:87,7
LF:12
LH:12
BRDA:74,0,0,0
BRDA:74,0,1,2
BRDA:77,1,0,1
BRDA:77,1,1,1
BRF:4
BRH:3
end_of_record
TN:
SF:src/routes/anuncios.js
FN:9,(anonymous_0)
FN:15,(anonymous_1)
FN:35,(anonymous_2)
FN:48,(anonymous_3)
FN:67,(anonymous_4)
FN:84,(anonymous_5)
FNF:6
FNH:6
FNDA:3,(anonymous_0)
FNDA:2,(anonymous_1)
FNDA:1,(anonymous_2)
FNDA:2,(anonymous_3)
FNDA:1,(anonymous_4)
FNDA:1,(anonymous_5)
DA:1,1
DA:2,1
DA:3,1
DA:4,1
DA:5,1
DA:7,1
DA:9,1
DA:10,3
DA:11,3
DA:12,3
DA:15,1
DA:16,2
DA:17,2
DA:19,2
DA:20,2
DA:21,2
DA:27,1
DA:28,1
DA:30,1
DA:31,1
DA:35,1
DA:36,1
DA:37,1
DA:42,1
DA:44,0
DA:48,1
DA:49,2
DA:50,2
DA:51,1
DA:53,1
DA:54,1
DA:55,1
DA:56,1
DA:61,1
DA:63,0
DA:67,1
DA:68,1
DA:69,1
DA:70,1
DA:71,1
DA:78,1
DA:80,0
DA:84,1
DA:85,1
DA:86,1
DA:87,1
DA:88,1
DA:90,0
DA:94,1
LF:49
LH:45
BRDA:17,0,0,0
BRDA:17,0,1,2
BRDA:50,1,0,1
BRDA:50,1,1,1
BRDA:50,2,0,2
BRDA:50,2,1,1
BRDA:54,3,0,1
BRDA:54,3,1,0
BRDA:59,4,0,1
BRDA:59,4,1,1
BRDA:59,5,0,1
BRDA:59,5,1,1
BRDA:76,6,0,1
BRDA:76,6,1,0
BRDA:76,7,0,1
BRDA:76,7,1,0
BRDA:76,8,0,1
BRDA:76,8,1,1
BRDA:76,9,0,1
BRDA:76,9,1,1
BRDA:76,10,0,1
BRDA:76,10,1,1
BRF:22
BRH:18
end_of_record
TN:
SF:src/routes/asistencia.js
FN:13,(anonymous_0)
FN:41,(anonymous_1)
FN:84,(anonymous_2)
FN:108,(anonymous_3)
FN:129,(anonymous_4)
FN:143,(anonymous_5)
FN:187,(anonymous_6)
FN:243,(anonymous_7)
FN:265,(anonymous_8)
FN:325,(anonymous_9)
FN:375,(anonymous_10)
FN:415,(anonymous_11)
FNF:12
FNH:12
FNDA:4,(anonymous_0)
FNDA:4,(anonymous_1)
FNDA:3,(anonymous_2)
FNDA:4,(anonymous_3)
FNDA:2,(anonymous_4)
FNDA:3,(anonymous_5)
FNDA:3,(anonymous_6)
FNDA:2,(anonymous_7)
FNDA:3,(anonymous_8)
FNDA:3,(anonymous_9)
FNDA:3,(anonymous_10)
FNDA:3,(anonymous_11)
DA:1,2
DA:2,2
DA:3,2
DA:4,2
DA:5,2
DA:6,2
DA:7,2
DA:10,2
DA:13,2
DA:14,4
DA:15,4
DA:16,4
DA:17,4
DA:18,4
DA:21,4
DA:23,4
DA:24,4
DA:34,3
DA:36,1
DA:41,2
DA:42,4
DA:43,4
DA:44,4
DA:46,4
DA:56,3
DA:57,2
DA:62,2
DA:64,1
DA:73,3
DA:79,1
DA:84,2
DA:85,3
DA:86,3
DA:87,3
DA:89,3
DA:92,3
DA:93,3
DA:101,2
DA:103,1
DA:108,2
DA:109,4
DA:110,4
DA:111,4
DA:112,1
DA:114,3
DA:116,3
DA:117,3
DA:118,3
DA:122,2
DA:124,1
DA:129,2
DA:130,2
DA:131,2
DA:132,2
DA:136,1
DA:138,1
DA:143,2
DA:144,3
DA:145,3
DA:146,3
DA:147,3
DA:148,3
DA:150,3
DA:151,1
DA:152,1
DA:158,1
DA:160,1
DA:169,1
DA:172,2
DA:180,1
DA:182,1
DA:187,2
DA:188,3
DA:189,3
DA:190,3
DA:191,3
DA:192,3
DA:193,3
DA:195,3
DA:196,3
DA:198,3
DA:199,2
DA:200,2
DA:203,3
DA:204,1
DA:205,1
DA:211,1
DA:213,1
DA:222,1
DA:225,2
DA:233,2
DA:235,2
DA:236,1
DA:238,1
DA:243,2
DA:244,2
DA:245,2
DA:246,2
DA:258,1
DA:260,1
DA:265,2
DA:266,3
DA:267,3
DA:268,3
DA:296,2
DA:297,1
DA:302,1
DA:303,1
DA:304,1
DA:305,1
DA:306,1
DA:310,1
DA:314,1
DA:318,1
DA:320,1
DA:325,2
DA:326,3
DA:327,3
DA:352,2
DA:353,1
DA:356,1
DA:357,1
DA:358,1
DA:359,1
DA:360,1
DA:364,1
DA:368,1
DA:370,1
DA:375,2
DA:376,3
DA:377,3
DA:392,2
DA:393,1
DA:396,1
DA:397,1
DA:398,1
DA:399,1
DA:400,1
DA:404,1
DA:408,1
DA:410,1
DA:415,2
DA:416,3
DA:417,3
DA:418,3
DA:445,2
DA:446,1
DA:451,1
DA:452,1
DA:453,1
DA:454,1
DA:456,1
DA:460,1
DA:464,1
DA:468,1
DA:470,1
DA:474,2
LF:157
LH:157
BRDA:21,0,0,4
BRDA:21,0,1,2
BRDA:56,1,0,2
BRDA:56,1,1,1
BRDA:62,2,0,1
BRDA:62,2,1,1
BRDA:62,3,0,2
BRDA:62,3,1,2
BRDA:76,4,0,3
BRDA:76,4,1,0
BRDA:89,5,0,1
BRDA:89,5,1,2
BRDA:89,6,0,3
BRDA:89,6,1,2
BRDA:90,7,0,1
BRDA:90,7,1,0
BRDA:111,8,0,1
BRDA:111,8,1,3
BRDA:116,9,0,1
BRDA:116,9,1,2
BRDA:146,10,0,3
BRDA:146,10,1,1
BRDA:147,11,0,3
BRDA:147,11,1,2
BRDA:148,12,0,1
BRDA:148,12,1,2
BRDA:150,13,0,1
BRDA:150,13,1,2
BRDA:158,14,0,1
BRDA:158,14,1,0
BRDA:191,15,0,3
BRDA:191,15,1,1
BRDA:192,16,0,3
BRDA:192,16,1,2
BRDA:193,17,0,1
BRDA:193,17,1,2
BRDA:198,18,0,2
BRDA:198,18,1,1
BRDA:198,19,0,3
BRDA:198,19,1,3
BRDA:203,20,0,1
BRDA:203,20,1,2
BRDA:211,21,0,1
BRDA:211,21,1,0
BRDA:296,22,0,1
BRDA:296,22,1,1
BRDA:306,23,0,1
BRDA:306,23,1,0
BRDA:352,24,0,1
BRDA:352,24,1,1
BRDA:392,25,0,1
BRDA:392,25,1,1
BRDA:445,26,0,1
BRDA:445,26,1,1
BRDA:456,27,0,1
BRDA:456,27,1,0
BRDA:456,28,0,1
BRDA:456,28,1,0
BRF:58
BRH:51
end_of_record
TN:
SF:src/routes/audit.js
FN:20,(anonymous_0)
FNF:1
FNH:1
FNDA:3,(anonymous_0)
DA:1,1
DA:2,1
DA:3,1
DA:4,1
DA:7,1
DA:20,1
DA:21,3
DA:22,3
DA:24,3
DA:25,3
DA:26,3
DA:29,3
DA:30,3
DA:32,3
DA:33,1
DA:34,1
DA:36,3
DA:37,1
DA:38,1
DA:40,3
DA:41,1
DA:42,1
DA:44,3
DA:45,1
DA:46,1
DA:49,3
DA:52,3
DA:56,2
DA:59,2
DA:60,2
DA:80,2
DA:88,1
DA:92,1
LF:33
LH:33
BRDA:22,0,0,2
BRDA:22,1,0,2
BRDA:24,2,0,3
BRDA:24,2,1,0
BRDA:25,3,0,3
BRDA:25,3,1,0
BRDA:32,4,0,1
BRDA:32,4,1,2
BRDA:36,5,0,1
BRDA:36,5,1,2
BRDA:40,6,0,1
BRDA:40,6,1,2
BRDA:44,7,0,1
BRDA:44,7,1,2
BRDA:49,8,0,1
BRDA:49,8,1,2
BRDA:56,9,0,2
BRDA:56,9,1,0
BRF:18
BRH:15
end_of_record
TN:
SF:src/routes/auth.js
FN:29,(anonymous_0)
FN:32,generateRefreshToken
FN:37,refreshExpiresAt
FN:44,getClientIp
FN:55,(anonymous_4)
FN:127,(anonymous_5)
FN:203,(anonymous_6)
FN:228,(anonymous_7)
FNF:8
FNH:7
FNDA:0,(anonymous_0)
FNDA:2,generateRefreshToken
FNDA:2,refreshExpiresAt
FNDA:7,getClientIp
FNDA:3,(anonymous_4)
FNDA:4,(anonymous_5)
FNDA:1,(anonymous_6)
FNDA:1,(anonymous_7)
DA:1,1
DA:2,1
DA:3,1
DA:4,1
DA:5,1
DA:6,1
DA:7,1
DA:8,1
DA:9,1
DA:10,1
DA:11,1
DA:13,1
DA:14,1
DA:15,1
DA:16,1
DA:19,1
DA:29,0
DA:33,2
DA:38,2
DA:39,2
DA:40,2
DA:45,7
DA:55,1
DA:56,3
DA:57,3
DA:59,3
DA:60,3
DA:62,3
DA:63,3
DA:68,3
DA:69,1
DA:70,1
DA:73,2
DA:74,2
DA:76,2
DA:77,1
DA:78,1
DA:81,1
DA:84,1
DA:91,1
DA:92,1
DA:94,1
DA:103,1
DA:111,1
DA:113,1
DA:118,0
DA:127,1
DA:128,4
DA:130,4
DA:131,1
DA:134,3
DA:135,3
DA:137,3
DA:139,3
DA:147,3
DA:148,1
DA:149,1
DA:152,2
DA:154,2
DA:155,1
DA:156,1
DA:157,1
DA:160,1
DA:163,1
DA:166,1
DA:173,1
DA:174,1
DA:176,1
DA:182,1
DA:190,1
DA:195,0
DA:203,1
DA:204,1
DA:205,1
DA:206,1
DA:208,1
DA:209,1
DA:210,1
DA:214,1
DA:215,1
DA:221,1
DA:222,1
DA:228,1
DA:229,1
DA:230,1
DA:233,1
LF:86
LH:83
BRDA:19,0,0,0
BRDA:19,0,1,1
BRDA:46,1,0,7
BRDA:46,1,1,7
BRDA:46,1,2,7
BRDA:60,2,0,3
BRDA:60,2,1,3
BRDA:68,3,0,1
BRDA:68,3,1,2
BRDA:76,4,0,1
BRDA:76,4,1,1
BRDA:106,5,0,0
BRDA:106,5,1,1
BRDA:130,6,0,1
BRDA:130,6,1,3
BRDA:135,7,0,3
BRDA:135,7,1,3
BRDA:147,8,0,1
BRDA:147,8,1,2
BRDA:154,9,0,1
BRDA:154,9,1,1
BRDA:185,10,0,0
BRDA:185,10,1,1
BRDA:206,11,0,1
BRDA:206,11,1,1
BRDA:208,12,0,1
BRDA:208,12,1,0
BRDA:214,13,0,1
BRDA:214,13,1,0
BRF:29
BRH:24
end_of_record
TN:
SF:src/routes/cursos.js
FN:8,(anonymous_0)
FN:18,(anonymous_1)
FN:29,(anonymous_2)
FN:41,(anonymous_3)
FNF:4
FNH:4
FNDA:2,(anonymous_0)
FNDA:1,(anonymous_1)
FNDA:1,(anonymous_2)
FNDA:2,(anonymous_3)
DA:1,1
DA:2,1
DA:3,1
DA:4,1
DA:5,1
DA:8,1
DA:9,2
DA:10,2
DA:11,1
DA:13,1
DA:18,1
DA:19,1
DA:20,1
DA:21,1
DA:22,1
DA:24,0
DA:29,1
DA:30,1
DA:31,1
DA:32,1
DA:33,1
DA:34,1
DA:36,0
DA:41,1
DA:42,2
DA:43,2
DA:45,2
DA:46,2
DA:47,1
DA:49,1
DA:50,1
DA:52,0
DA:56,1
LF:33
LH:30
BRDA:46,0,0,1
BRDA:46,0,1,1
BRF:2
BRH:2
end_of_record
TN:
SF:src/routes/dashboard.js
FN:12,(anonymous_0)
FN:18,(anonymous_1)
FN:38,(anonymous_2)
FN:53,(anonymous_3)
FNF:4
FNH:3
FNDA:0,(anonymous_0)
FNDA:2,(anonymous_1)
FNDA:13,(anonymous_2)
FNDA:2,(anonymous_3)
DA:1,1
DA:2,1
DA:3,1
DA:4,1
DA:5,1
DA:6,1
DA:8,1
DA:10,1
DA:12,1
DA:13,0
DA:14,0
DA:15,0
DA:18,1
DA:19,2
DA:20,2
DA:21,2
DA:22,2
DA:24,2
DA:25,2
DA:34,1
DA:35,1
DA:36,7
DA:37,7
DA:38,13
DA:39,7
DA:46,1
DA:48,1
DA:49,1
DA:53,1
DA:54,2
DA:55,2
DA:56,2
DA:57,2
DA:59,2
DA:61,2
DA:64,2
DA:65,2
DA:66,2
DA:67,2
DA:69,2
DA:77,2
DA:111,1
DA:112,1
DA:114,1
DA:124,1
DA:125,1
DA:127,1
DA:128,1
DA:132,1
LF:49
LH:46
BRDA:19,0,0,2
BRDA:19,0,1,0
BRDA:42,1,0,2
BRDA:42,1,1,5
BRDA:54,2,0,2
BRDA:54,2,1,0
BRDA:57,3,0,0
BRDA:57,3,1,2
BRDA:111,4,0,1
BRDA:111,4,1,0
BRDA:112,5,0,1
BRDA:112,5,1,0
BRDA:116,6,0,1
BRDA:116,6,1,0
BRDA:119,7,0,1
BRDA:119,7,1,0
BRDA:119,8,0,0
BRDA:119,8,1,0
BRF:18
BRH:9
end_of_record
TN:
SF:src/routes/estudiantes.js
FN:20,(anonymous_0)
FN:37,(anonymous_1)
FN:90,(anonymous_2)
FN:124,(anonymous_3)
FN:128,(anonymous_4)
FN:141,(anonymous_5)
FN:166,(anonymous_6)
FN:186,(anonymous_7)
FN:187,(anonymous_8)
FN:193,(anonymous_9)
FNF:10
FNH:7
FNDA:0,(anonymous_0)
FNDA:2,(anonymous_1)
FNDA:4,(anonymous_2)
FNDA:1,(anonymous_3)
FNDA:3,(anonymous_4)
FNDA:1,(anonymous_5)
FNDA:1,(anonymous_6)
FNDA:0,(anonymous_7)
FNDA:0,(anonymous_8)
FNDA:3,(anonymous_9)
DA:1,1
DA:2,1
DA:3,1
DA:4,1
DA:5,1
DA:7,1
DA:8,1
DA:9,1
DA:10,1
DA:11,1
DA:12,1
DA:13,1
DA:15,1
DA:21,0
DA:25,0
DA:26,0
DA:28,0
DA:29,0
DA:31,0
DA:37,1
DA:38,2
DA:39,2
DA:40,2
DA:41,2
DA:42,2
DA:43,2
DA:46,2
DA:47,1
DA:48,1
DA:51,2
DA:52,2
DA:53,2
DA:54,1
DA:55,1
DA:58,2
DA:59,1
DA:60,1
DA:63,1
DA:65,1
DA:73,1
DA:76,1
DA:83,1
DA:85,0
DA:90,1
DA:91,4
DA:93,4
DA:94,4
DA:98,1
DA:99,1
DA:108,1
DA:109,1
DA:111,3
DA:112,1
DA:115,2
DA:116,1
DA:119,1
DA:124,1
DA:125,1
DA:126,1
DA:128,3
DA:129,1
DA:133,1
DA:134,1
DA:136,0
DA:141,1
DA:142,1
DA:143,1
DA:144,1
DA:145,1
DA:149,1
DA:158,1
DA:159,1
DA:161,0
DA:166,1
DA:167,1
DA:168,1
DA:169,1
DA:170,1
DA:178,1
DA:179,1
DA:181,0
DA:186,1
DA:187,0
DA:188,0
DA:189,0
DA:191,0
DA:194,3
DA:196,3
DA:197,3
DA:198,3
DA:199,3
DA:200,3
DA:201,3
DA:203,3
DA:204,3
DA:207,3
DA:209,2
DA:210,1
DA:212,1
DA:213,1
DA:216,2
DA:228,2
DA:229,2
DA:230,2
DA:239,1
DA:241,3
DA:245,1
LF:107
LH:93
BRDA:28,0,0,0
BRDA:28,0,1,0
BRDA:28,1,0,0
BRDA:28,1,1,0
BRDA:40,2,0,2
BRDA:40,2,1,1
BRDA:41,3,0,2
BRDA:41,3,1,1
BRDA:42,4,0,1
BRDA:42,4,1,1
BRDA:43,5,0,1
BRDA:43,5,1,1
BRDA:46,6,0,1
BRDA:46,6,1,1
BRDA:46,7,0,2
BRDA:46,7,1,1
BRDA:48,8,0,0
BRDA:48,8,1,1
BRDA:53,9,0,1
BRDA:53,9,1,1
BRDA:58,10,0,1
BRDA:58,10,1,1
BRDA:63,11,0,1
BRDA:63,11,1,0
BRDA:111,12,0,1
BRDA:111,12,1,2
BRDA:115,13,0,1
BRDA:115,13,1,1
BRDA:188,14,0,0
BRDA:188,14,1,0
BRDA:194,15,0,0
BRDA:194,15,1,3
BRDA:209,16,0,1
BRDA:209,16,1,1
BRDA:241,17,0,3
BRDA:241,17,1,0
BRF:36
BRH:26
end_of_record
TN:
SF:src/routes/salidas-anticipadas.js
FN:18,(anonymous_0)
FN:51,(anonymous_1)
FN:88,(anonymous_2)
FN:118,(anonymous_3)
FN:205,(anonymous_4)
FN:268,(anonymous_5)
FN:290,(anonymous_6)
FNF:7
FNH:7
FNDA:1,(anonymous_0)
FNDA:1,(anonymous_1)
FNDA:2,(anonymous_2)
FNDA:2,(anonymous_3)
FNDA:1,(anonymous_4)
FNDA:1,(anonymous_5)
FNDA:1,(anonymous_6)
DA:1,1
DA:2,1
DA:3,1
DA:8,1
DA:9,1
DA:12,1
DA:18,1
DA:19,1
DA:20,1
DA:22,1
DA:23,1
DA:31,1
DA:33,1
DA:34,0
DA:35,0
DA:38,1
DA:40,1
DA:41,1
DA:43,0
DA:51,1
DA:52,1
DA:53,1
DA:55,1
DA:56,1
DA:57,1
DA:60,1
DA:62,1
DA:63,1
DA:78,1
DA:80,0
DA:88,1
DA:89,2
DA:91,2
DA:92,2
DA:104,2
DA:105,1
DA:108,1
DA:110,0
DA:118,1
DA:119,2
DA:120,2
DA:122,2
DA:123,1
DA:129,1
DA:130,0
DA:136,1
DA:137,1
DA:142,1
DA:143,0
DA:146,1
DA:170,1
DA:175,1
DA:176,1
DA:185,1
DA:197,0
DA:205,1
DA:206,1
DA:207,1
DA:209,1
DA:210,1
DA:214,1
DA:216,1
DA:217,0
DA:220,1
DA:228,1
DA:234,1
DA:235,1
DA:236,0
DA:242,1
DA:255,1
DA:260,0
DA:268,1
DA:269,1
DA:270,1
DA:271,1
DA:276,1
DA:277,0
DA:280,1
DA:282,0
DA:290,1
DA:291,1
DA:292,1
DA:293,1
DA:298,1
DA:299,0
DA:302,1
DA:304,0
DA:308,1
LF:88
LH:73
BRDA:33,0,0,0
BRDA:33,0,1,1
BRDA:60,1,0,1
BRDA:60,1,1,0
BRDA:104,2,0,1
BRDA:104,2,1,1
BRDA:122,3,0,1
BRDA:122,3,1,1
BRDA:129,4,0,0
BRDA:129,4,1,1
BRDA:142,5,0,0
BRDA:142,5,1,1
BRDA:164,6,0,1
BRDA:164,6,1,0
BRDA:175,7,0,1
BRDA:175,7,1,0
BRDA:175,8,0,1
BRDA:175,8,1,1
BRDA:216,9,0,0
BRDA:216,9,1,1
BRDA:221,10,0,1
BRDA:221,10,1,1
BRDA:222,11,0,1
BRDA:222,11,1,0
BRDA:223,12,0,0
BRDA:223,12,1,1
BRDA:225,13,0,0
BRDA:225,13,1,1
BRDA:235,14,0,0
BRDA:235,14,1,1
BRDA:276,15,0,0
BRDA:276,15,1,1
BRDA:298,16,0,0
BRDA:298,16,1,1
BRF:34
BRH:21
end_of_record
TN:
SF:src/routes/usuarios.js
FN:16,parseRequestedPermissions
FN:39,(anonymous_1)
FN:63,(anonymous_2)
FN:66,(anonymous_3)
FN:78,(anonymous_4)
FN:129,(anonymous_5)
FN:136,(anonymous_6)
FN:193,(anonymous_7)
FN:200,(anonymous_8)
FNF:9
FNH:7
FNDA:2,parseRequestedPermissions
FNDA:1,(anonymous_1)
FNDA:1,(anonymous_2)
FNDA:2,(anonymous_3)
FNDA:2,(anonymous_4)
FNDA:0,(anonymous_5)
FNDA:1,(anonymous_6)
FNDA:0,(anonymous_7)
FNDA:2,(anonymous_8)
DA:1,1
DA:2,1
DA:3,1
DA:4,1
DA:5,1
DA:6,1
DA:7,1
DA:12,1
DA:14,1
DA:17,2
DA:18,2
DA:21,0
DA:22,0
DA:23,0
DA:24,0
DA:25,0
DA:28,0
DA:32,0
DA:33,0
DA:36,0
DA:39,1
DA:40,1
DA:41,1
DA:47,1
DA:62,1
DA:63,1
DA:66,2
DA:71,1
DA:73,0
DA:74,0
DA:78,1
DA:79,2
DA:80,2
DA:82,2
DA:83,2
DA:85,2
DA:86,2
DA:87,1
DA:88,1
DA:91,1
DA:92,1
DA:97,1
DA:98,1
DA:99,1
DA:101,1
DA:103,1
DA:119,1
DA:128,0
DA:129,0
DA:130,0
DA:132,2
DA:136,1
DA:137,1
DA:138,1
DA:139,1
DA:141,1
DA:142,1
DA:144,1
DA:145,1
DA:146,0
DA:147,0
DA:150,1
DA:156,1
DA:158,1
DA:159,0
DA:160,0
DA:161,0
DA:164,1
DA:165,1
DA:166,1
DA:168,1
DA:169,1
DA:171,1
DA:173,1
DA:190,1
DA:192,0
DA:193,0
DA:194,0
DA:196,1
DA:200,1
DA:201,2
DA:202,2
DA:204,2
DA:205,1
DA:208,1
DA:209,1
DA:210,1
DA:218,1
DA:220,0
DA:224,1
LF:90
LH:67
BRDA:17,0,0,2
BRDA:17,0,1,0
BRDA:21,1,0,0
BRDA:21,1,1,0
BRDA:21,2,0,0
BRDA:21,2,1,0
BRDA:24,3,0,0
BRDA:24,3,1,0
BRDA:32,4,0,0
BRDA:32,4,1,0
BRDA:63,5,0,1
BRDA:63,5,1,0
BRDA:68,6,0,2
BRDA:68,6,1,1
BRDA:86,7,0,1
BRDA:86,7,1,1
BRDA:94,8,0,1
BRDA:94,8,1,0
BRDA:113,9,0,1
BRDA:113,9,1,0
BRDA:124,10,0,1
BRDA:124,10,1,0
BRDA:145,11,0,0
BRDA:145,11,1,1
BRDA:158,12,0,0
BRDA:158,12,1,1
BRDA:158,13,0,1
BRDA:158,13,1,0
BRDA:184,14,0,1
BRDA:184,14,1,0
BRDA:204,15,0,1
BRDA:204,15,1,1
BRF:32
BRH:15
end_of_record
TN:
SF:src/utils/attendance.js
FN:7,verificarAtraso
FNF:1
FNH:1
FNDA:15,verificarAtraso
DA:8,15
DA:9,13
DA:12,3
LF:3
LH:3
BRDA:7,0,0,13
BRDA:8,1,0,2
BRDA:8,1,1,13
BRDA:9,2,0,7
BRDA:9,2,1,6
BRF:5
BRH:5
end_of_record
TN:
SF:src/utils/audit.js
FN:24,logAudit
FNF:1
FNH:1
FNDA:3,logAudit
DA:12,1
DA:25,3
DA:26,3
DA:41,1
DA:45,1
LF:5
LH:5
BRDA:24,0,0,2
BRDA:24,1,0,2
BRDA:24,2,0,2
BRDA:24,3,0,2
BRDA:24,4,0,2
BRDA:24,5,0,2
BRDA:34,6,0,1
BRDA:34,6,1,2
BRF:8
BRH:8
end_of_record
TN:
SF:src/utils/earlyExit.js
FN:11,validarHoraSalida
FN:25,validarFecha
FN:60,validarMotivo
FN:74,validarEsMedico
FN:83,normalizarHora
FN:98,validarSalidaAnticipada
FN:136,normalizarDatos
FN:153,esHoraSalidaValida
FNF:8
FNH:8
FNDA:29,validarHoraSalida
FNDA:23,validarFecha
FNDA:24,validarMotivo
FNDA:14,validarEsMedico
FNDA:17,normalizarHora
FNDA:12,validarSalidaAnticipada
FNDA:11,normalizarDatos
FNDA:11,esHoraSalidaValida
DA:12,29
DA:13,7
DA:16,22
DA:17,22
DA:26,23
DA:27,5
DA:30,18
DA:31,18
DA:32,2
DA:35,16
DA:36,16
DA:38,14
DA:39,14
DA:44,0
DA:48,14
DA:49,14
DA:50,14
DA:52,14
DA:61,24
DA:62,6
DA:65,18
DA:66,18
DA:75,14
DA:84,17
DA:86,13
DA:87,13
DA:88,10
DA:90,3
DA:99,12
DA:101,12
DA:106,4
DA:109,12
DA:110,3
DA:113,12
DA:114,4
DA:117,12
DA:118,4
DA:121,12
DA:122,1
DA:125,12
DA:137,11
DA:154,11
DA:157,2
LF:43
LH:42
BRDA:12,0,0,7
BRDA:12,0,1,22
BRDA:12,1,0,29
BRDA:12,1,1,25
BRDA:26,2,0,5
BRDA:26,2,1,18
BRDA:26,3,0,23
BRDA:26,3,1,19
BRDA:31,4,0,2
BRDA:31,4,1,16
BRDA:36,5,0,2
BRDA:36,5,1,14
BRDA:36,6,0,16
BRDA:36,6,1,16
BRDA:36,6,2,15
BRDA:36,6,3,15
BRDA:39,7,0,0
BRDA:39,7,1,14
BRDA:40,8,0,14
BRDA:40,8,1,14
BRDA:40,8,2,14
BRDA:61,9,0,6
BRDA:61,9,1,18
BRDA:61,10,0,24
BRDA:61,10,1,20
BRDA:66,11,0,18
BRDA:66,11,1,12
BRDA:75,12,0,14
BRDA:75,12,1,12
BRDA:75,12,2,8
BRDA:84,13,0,4
BRDA:84,13,1,13
BRDA:87,14,0,10
BRDA:87,14,1,3
BRDA:101,15,0,4
BRDA:101,15,1,8
BRDA:102,16,0,12
BRDA:102,16,1,10
BRDA:102,16,2,10
BRDA:109,17,0,3
BRDA:109,17,1,9
BRDA:113,18,0,4
BRDA:113,18,1,8
BRDA:117,19,0,4
BRDA:117,19,1,8
BRDA:121,20,0,1
BRDA:121,20,1,11
BRDA:121,21,0,12
BRDA:121,21,1,6
BRDA:141,22,0,10
BRDA:141,22,1,1
BRDA:142,23,0,5
BRDA:142,23,1,6
BRDA:142,24,0,11
BRDA:142,24,1,7
BRDA:143,25,0,7
BRDA:143,25,1,4
BRDA:153,26,0,8
BRF:58
BRH:57
end_of_record
TN:
SF:src/utils/modulePermissions.js
FN:12,(anonymous_0)
FN:26,extractRows
FN:38,normalizePermissions
FN:43,(anonymous_3)
FN:53,(anonymous_4)
FN:56,normalizePermissionEntries
FN:84,getDefaultPermissionsForRole
FN:92,getDefaultPermissionEntriesForRole
FN:93,(anonymous_8)
FN:96,samePermissions
FN:104,(anonymous_10)
FN:107,resolvePermissionsForRole
FN:109,(anonymous_12)
FN:116,getPermissionsForUser
FN:118,(anonymous_14)
FN:130,(anonymous_15)
FN:137,syncUserPermissions
FN:148,(anonymous_17)
FN:152,(anonymous_18)
FN:153,(anonymous_19)
FN:157,(anonymous_20)
FN:158,(anonymous_21)
FN:173,canAccessPermission
FN:186,canManageModule
FN:196,(anonymous_24)
FNF:25
FNH:20
FNDA:60,(anonymous_0)
FNDA:3,extractRows
FNDA:5,normalizePermissions
FNDA:8,(anonymous_3)
FNDA:8,(anonymous_4)
FNDA:4,normalizePermissionEntries
FNDA:3,getDefaultPermissionsForRole
FNDA:2,getDefaultPermissionEntriesForRole
FNDA:11,(anonymous_8)
FNDA:0,samePermissions
FNDA:0,(anonymous_10)
FNDA:2,resolvePermissionsForRole
FNDA:6,(anonymous_12)
FNDA:2,getPermissionsForUser
FNDA:0,(anonymous_14)
FNDA:2,(anonymous_15)
FNDA:1,syncUserPermissions
FNDA:2,(anonymous_17)
FNDA:0,(anonymous_18)
FNDA:0,(anonymous_19)
FNDA:2,(anonymous_20)
FNDA:2,(anonymous_21)
FNDA:5,canAccessPermission
FNDA:2,canManageModule
FNDA:2,(anonymous_24)
DA:1,10
DA:3,10
DA:12,60
DA:14,10
DA:27,3
DA:28,2
DA:31,1
DA:32,1
DA:35,0
DA:39,5
DA:40,0
DA:43,5
DA:44,8
DA:45,6
DA:48,2
DA:49,2
DA:52,0
DA:53,8
DA:57,4
DA:58,0
DA:61,4
DA:62,4
DA:64,4
DA:65,7
DA:69,7
DA:70,1
DA:73,6
DA:74,6
DA:78,6
DA:81,4
DA:85,3
DA:86,0
DA:89,3
DA:93,11
DA:97,0
DA:98,0
DA:100,0
DA:101,0
DA:104,0
DA:108,2
DA:109,6
DA:112,1
DA:113,1
DA:117,2
DA:118,0
DA:121,2
DA:130,2
DA:134,2
DA:138,1
DA:140,1
DA:142,1
DA:143,0
DA:146,1
DA:148,2
DA:151,1
DA:152,0
DA:153,0
DA:154,0
DA:157,2
DA:158,2
DA:159,1
DA:161,1
DA:162,2
DA:165,1
DA:170,1
DA:174,5
DA:175,0
DA:178,5
DA:179,1
DA:182,4
DA:183,4
DA:187,2
DA:188,0
DA:191,2
DA:192,0
DA:195,2
DA:196,2
DA:197,2
DA:200,10
LF:79
LH:61
BRDA:27,0,0,2
BRDA:27,0,1,1
BRDA:28,1,0,2
BRDA:28,1,1,0
BRDA:31,2,0,1
BRDA:31,2,1,0
BRDA:31,3,0,1
BRDA:31,3,1,1
BRDA:39,4,0,0
BRDA:39,4,1,5
BRDA:44,5,0,6
BRDA:44,5,1,2
BRDA:48,6,0,2
BRDA:48,6,1,0
BRDA:48,7,0,2
BRDA:48,7,1,2
BRDA:49,8,0,2
BRDA:49,8,1,0
BRDA:49,8,2,0
BRDA:49,8,3,0
BRDA:57,9,0,0
BRDA:57,9,1,4
BRDA:65,10,0,1
BRDA:65,10,1,6
BRDA:67,11,0,6
BRDA:67,11,1,0
BRDA:67,11,2,0
BRDA:67,11,3,0
BRDA:69,12,0,1
BRDA:69,12,1,6
BRDA:69,13,0,7
BRDA:69,13,1,7
BRDA:74,14,0,5
BRDA:74,14,1,1
BRDA:74,15,0,6
BRDA:74,15,1,5
BRDA:75,16,0,5
BRDA:75,16,1,1
BRDA:75,16,2,1
BRDA:75,16,3,1
BRDA:85,17,0,0
BRDA:85,17,1,3
BRDA:89,18,0,3
BRDA:89,18,1,0
BRDA:100,19,0,0
BRDA:100,19,1,0
BRDA:108,20,0,1
BRDA:108,20,1,1
BRDA:113,21,0,1
BRDA:113,21,1,0
BRDA:116,22,0,0
BRDA:117,23,0,0
BRDA:117,23,1,2
BRDA:134,24,0,1
BRDA:134,24,1,1
BRDA:142,25,0,0
BRDA:142,25,1,1
BRDA:151,26,0,0
BRDA:151,26,1,1
BRDA:174,27,0,0
BRDA:174,27,1,5
BRDA:174,28,0,5
BRDA:174,28,1,5
BRDA:178,29,0,1
BRDA:178,29,1,4
BRDA:182,30,0,4
BRDA:182,30,1,0
BRDA:182,30,2,0
BRDA:187,31,0,0
BRDA:187,31,1,2
BRDA:187,32,0,2
BRDA:187,32,1,2
BRDA:191,33,0,0
BRDA:191,33,1,2
BRDA:195,34,0,2
BRDA:195,34,1,0
BRDA:195,34,2,0
BRDA:197,35,0,2
BRDA:197,35,1,2
BRF:79
BRH:52
end_of_record
TN:
SF:src/utils/notificationService.js
FN:7,notificarApoderadoSalida
FN:52,notificarApoderadoAtraso
FNF:2
FNH:2
FNDA:3,notificarApoderadoSalida
FNDA:3,notificarApoderadoAtraso
DA:1,2
DA:2,2
DA:8,3
DA:9,3
DA:10,3
DA:12,3
DA:36,3
DA:43,2
DA:45,1
DA:53,3
DA:54,3
DA:55,3
DA:57,3
DA:58,1
DA:59,1
DA:62,2
DA:64,2
DA:88,2
DA:95,1
DA:97,1
DA:101,2
LF:21
LH:21
BRDA:10,0,0,1
BRDA:10,0,1,2
BRDA:57,1,0,1
BRDA:57,1,1,2
BRDA:62,2,0,1
BRDA:62,2,1,1
BRF:6
BRH:6
end_of_record
